TimeQuest Timing Analyzer report for TOPsomadorC2_display
Thu Jun 26 16:17:24 2025
Quartus II 64-Bit Version 13.0.1 Build 232 06/12/2013 Service Pack 1 SJ Web Edition


---------------------
; Table of Contents ;
---------------------
  1. Legal Notice
  2. TimeQuest Timing Analyzer Summary
  3. Parallel Compilation
  4. Clocks
  5. Slow Model Fmax Summary
  6. Slow Model Setup Summary
  7. Slow Model Hold Summary
  8. Slow Model Recovery Summary
  9. Slow Model Removal Summary
 10. Slow Model Minimum Pulse Width Summary
 11. Propagation Delay
 12. Minimum Propagation Delay
 13. Fast Model Setup Summary
 14. Fast Model Hold Summary
 15. Fast Model Recovery Summary
 16. Fast Model Removal Summary
 17. Fast Model Minimum Pulse Width Summary
 18. Propagation Delay
 19. Minimum Propagation Delay
 20. Multicorner Timing Analysis Summary
 21. Progagation Delay
 22. Minimum Progagation Delay
 23. Clock Transfers
 24. Report TCCS
 25. Report RSKM
 26. Unconstrained Paths
 27. TimeQuest Timing Analyzer Messages



----------------
; Legal Notice ;
----------------
Copyright (C) 1991-2013 Altera Corporation
Your use of Altera Corporation's design tools, logic functions 
and other software and tools, and its AMPP partner logic 
functions, and any output files from any of the foregoing 
(including device programming or simulation files), and any 
associated documentation or information are expressly subject 
to the terms and conditions of the Altera Program License 
Subscription Agreement, Altera MegaCore Function License 
Agreement, or other applicable license agreement, including, 
without limitation, that your use is for the sole purpose of 
programming logic devices manufactured by Altera and sold by 
Altera or its authorized distributors.  Please refer to the 
applicable agreement for further details.



+----------------------------------------------------------------------------------------+
; TimeQuest Timing Analyzer Summary                                                      ;
+--------------------+-------------------------------------------------------------------+
; Quartus II Version ; Version 13.0.1 Build 232 06/12/2013 Service Pack 1 SJ Web Edition ;
; Revision Name      ; TOPsomadorC2_display                                              ;
; Device Family      ; Cyclone II                                                        ;
; Device Name        ; EP2C35F672C6                                                      ;
; Timing Models      ; Final                                                             ;
; Delay Model        ; Combined                                                          ;
; Rise/Fall Delays   ; Unavailable                                                       ;
+--------------------+-------------------------------------------------------------------+


Parallel compilation was disabled, but you have multiple processors available. Enable parallel compilation to reduce compilation time.
+-------------------------------------+
; Parallel Compilation                ;
+----------------------------+--------+
; Processors                 ; Number ;
+----------------------------+--------+
; Number detected on machine ; 8      ;
; Maximum allowed            ; 1      ;
+----------------------------+--------+


----------
; Clocks ;
----------
No clocks to report.


---------------------------
; Slow Model Fmax Summary ;
---------------------------
No paths to report.


----------------------------
; Slow Model Setup Summary ;
----------------------------
No paths to report.


---------------------------
; Slow Model Hold Summary ;
---------------------------
No paths to report.


-------------------------------
; Slow Model Recovery Summary ;
-------------------------------
No paths to report.


------------------------------
; Slow Model Removal Summary ;
------------------------------
No paths to report.


------------------------------------------
; Slow Model Minimum Pulse Width Summary ;
------------------------------------------
No paths to report.


+--------------------------------------------------------------+
; Propagation Delay                                            ;
+------------+-------------+--------+--------+--------+--------+
; Input Port ; Output Port ; RR     ; RF     ; FR     ; FF     ;
+------------+-------------+--------+--------+--------+--------+
; SW[0]      ; HEX0[0]     ; 19.786 ; 19.786 ; 19.786 ; 19.786 ;
; SW[0]      ; HEX0[1]     ; 19.756 ; 19.756 ; 19.756 ; 19.756 ;
; SW[0]      ; HEX0[2]     ; 19.767 ; 19.767 ; 19.767 ; 19.767 ;
; SW[0]      ; HEX0[3]     ; 19.780 ; 19.780 ; 19.780 ; 19.780 ;
; SW[0]      ; HEX0[4]     ; 19.774 ; 19.774 ; 19.774 ; 19.774 ;
; SW[0]      ; HEX0[5]     ; 19.526 ; 19.526 ; 19.526 ; 19.526 ;
; SW[0]      ; HEX0[6]     ; 19.547 ; 19.547 ; 19.547 ; 19.547 ;
; SW[0]      ; HEX1[0]     ; 19.373 ; 19.373 ; 19.373 ; 19.373 ;
; SW[0]      ; HEX1[1]     ; 19.280 ; 19.280 ; 19.280 ; 19.280 ;
; SW[0]      ; HEX1[2]     ; 18.854 ; 18.854 ; 18.854 ; 18.854 ;
; SW[0]      ; HEX1[3]     ; 18.893 ; 18.893 ; 18.893 ; 18.893 ;
; SW[0]      ; HEX1[4]     ; 18.895 ; 18.895 ; 18.895 ; 18.895 ;
; SW[0]      ; HEX1[5]     ; 19.196 ; 19.196 ; 19.196 ; 19.196 ;
; SW[0]      ; HEX1[6]     ; 18.946 ; 18.946 ; 18.946 ; 18.946 ;
; SW[0]      ; HEX2[6]     ; 11.153 ; 11.153 ; 11.153 ; 11.153 ;
; SW[1]      ; HEX0[0]     ; 19.470 ; 19.470 ; 19.470 ; 19.470 ;
; SW[1]      ; HEX0[1]     ; 19.440 ; 19.440 ; 19.440 ; 19.440 ;
; SW[1]      ; HEX0[2]     ; 19.451 ; 19.451 ; 19.451 ; 19.451 ;
; SW[1]      ; HEX0[3]     ; 19.464 ; 19.464 ; 19.464 ; 19.464 ;
; SW[1]      ; HEX0[4]     ; 19.458 ; 19.458 ; 19.458 ; 19.458 ;
; SW[1]      ; HEX0[5]     ; 19.210 ; 19.210 ; 19.210 ; 19.210 ;
; SW[1]      ; HEX0[6]     ; 19.231 ; 19.231 ; 19.231 ; 19.231 ;
; SW[1]      ; HEX1[0]     ; 19.057 ; 19.057 ; 19.057 ; 19.057 ;
; SW[1]      ; HEX1[1]     ; 18.964 ; 18.964 ; 18.964 ; 18.964 ;
; SW[1]      ; HEX1[2]     ; 18.538 ; 18.538 ; 18.538 ; 18.538 ;
; SW[1]      ; HEX1[3]     ; 18.577 ; 18.577 ; 18.577 ; 18.577 ;
; SW[1]      ; HEX1[4]     ; 18.579 ; 18.579 ; 18.579 ; 18.579 ;
; SW[1]      ; HEX1[5]     ; 18.880 ; 18.880 ; 18.880 ; 18.880 ;
; SW[1]      ; HEX1[6]     ; 18.630 ; 18.630 ; 18.630 ; 18.630 ;
; SW[1]      ; HEX2[6]     ; 10.837 ; 10.837 ; 10.837 ; 10.837 ;
; SW[2]      ; HEX0[0]     ; 18.063 ; 18.063 ; 18.063 ; 18.063 ;
; SW[2]      ; HEX0[1]     ; 18.033 ; 18.033 ; 18.033 ; 18.033 ;
; SW[2]      ; HEX0[2]     ; 18.044 ; 18.044 ; 18.044 ; 18.044 ;
; SW[2]      ; HEX0[3]     ; 18.057 ; 18.057 ; 18.057 ; 18.057 ;
; SW[2]      ; HEX0[4]     ; 18.051 ; 18.051 ; 18.051 ; 18.051 ;
; SW[2]      ; HEX0[5]     ; 17.803 ; 17.803 ; 17.803 ; 17.803 ;
; SW[2]      ; HEX0[6]     ; 17.824 ; 17.824 ; 17.824 ; 17.824 ;
; SW[2]      ; HEX1[0]     ; 17.650 ; 17.650 ; 17.650 ; 17.650 ;
; SW[2]      ; HEX1[1]     ; 17.557 ; 17.557 ; 17.557 ; 17.557 ;
; SW[2]      ; HEX1[2]     ; 17.131 ; 17.131 ; 17.131 ; 17.131 ;
; SW[2]      ; HEX1[3]     ; 17.170 ; 17.170 ; 17.170 ; 17.170 ;
; SW[2]      ; HEX1[4]     ; 17.172 ; 17.172 ; 17.172 ; 17.172 ;
; SW[2]      ; HEX1[5]     ; 17.473 ; 17.473 ; 17.473 ; 17.473 ;
; SW[2]      ; HEX1[6]     ; 17.223 ; 17.223 ; 17.223 ; 17.223 ;
; SW[2]      ; HEX2[6]     ; 9.430  ; 9.430  ; 9.430  ; 9.430  ;
; SW[3]      ; HEX0[0]     ; 16.518 ; 16.518 ; 16.518 ; 16.518 ;
; SW[3]      ; HEX0[1]     ; 16.488 ; 16.488 ; 16.488 ; 16.488 ;
; SW[3]      ; HEX0[2]     ; 16.499 ; 16.499 ; 16.499 ; 16.499 ;
; SW[3]      ; HEX0[3]     ; 16.512 ; 16.512 ; 16.512 ; 16.512 ;
; SW[3]      ; HEX0[4]     ; 16.506 ; 16.506 ; 16.506 ; 16.506 ;
; SW[3]      ; HEX0[5]     ; 16.258 ; 16.258 ; 16.258 ; 16.258 ;
; SW[3]      ; HEX0[6]     ; 16.279 ; 16.279 ; 16.279 ; 16.279 ;
; SW[3]      ; HEX1[0]     ; 16.105 ; 16.105 ; 16.105 ; 16.105 ;
; SW[3]      ; HEX1[1]     ; 16.012 ; 16.012 ; 16.012 ; 16.012 ;
; SW[3]      ; HEX1[2]     ; 15.586 ; 15.586 ; 15.586 ; 15.586 ;
; SW[3]      ; HEX1[3]     ; 15.625 ; 15.625 ; 15.625 ; 15.625 ;
; SW[3]      ; HEX1[4]     ; 15.627 ; 15.627 ; 15.627 ; 15.627 ;
; SW[3]      ; HEX1[5]     ; 15.928 ; 15.928 ; 15.928 ; 15.928 ;
; SW[3]      ; HEX1[6]     ; 15.678 ; 15.678 ; 15.678 ; 15.678 ;
; SW[3]      ; HEX2[6]     ;        ; 7.819  ; 7.819  ;        ;
; SW[10]     ; HEX0[0]     ; 19.487 ; 19.487 ; 19.487 ; 19.487 ;
; SW[10]     ; HEX0[1]     ; 19.457 ; 19.457 ; 19.457 ; 19.457 ;
; SW[10]     ; HEX0[2]     ; 19.468 ; 19.468 ; 19.468 ; 19.468 ;
; SW[10]     ; HEX0[3]     ; 19.481 ; 19.481 ; 19.481 ; 19.481 ;
; SW[10]     ; HEX0[4]     ; 19.475 ; 19.475 ; 19.475 ; 19.475 ;
; SW[10]     ; HEX0[5]     ; 19.227 ; 19.227 ; 19.227 ; 19.227 ;
; SW[10]     ; HEX0[6]     ; 19.248 ; 19.248 ; 19.248 ; 19.248 ;
; SW[10]     ; HEX1[0]     ; 19.074 ; 19.074 ; 19.074 ; 19.074 ;
; SW[10]     ; HEX1[1]     ; 18.981 ; 18.981 ; 18.981 ; 18.981 ;
; SW[10]     ; HEX1[2]     ; 18.555 ; 18.555 ; 18.555 ; 18.555 ;
; SW[10]     ; HEX1[3]     ; 18.594 ; 18.594 ; 18.594 ; 18.594 ;
; SW[10]     ; HEX1[4]     ; 18.596 ; 18.596 ; 18.596 ; 18.596 ;
; SW[10]     ; HEX1[5]     ; 18.897 ; 18.897 ; 18.897 ; 18.897 ;
; SW[10]     ; HEX1[6]     ; 18.647 ; 18.647 ; 18.647 ; 18.647 ;
; SW[10]     ; HEX2[6]     ; 10.854 ; 10.710 ; 10.710 ; 10.854 ;
; SW[14]     ; HEX0[0]     ; 23.627 ; 23.627 ; 23.627 ; 23.627 ;
; SW[14]     ; HEX0[1]     ; 23.597 ; 23.597 ; 23.597 ; 23.597 ;
; SW[14]     ; HEX0[2]     ; 23.608 ; 23.608 ; 23.608 ; 23.608 ;
; SW[14]     ; HEX0[3]     ; 23.621 ; 23.621 ; 23.621 ; 23.621 ;
; SW[14]     ; HEX0[4]     ; 23.615 ; 23.615 ; 23.615 ; 23.615 ;
; SW[14]     ; HEX0[5]     ; 23.367 ; 23.367 ; 23.367 ; 23.367 ;
; SW[14]     ; HEX0[6]     ; 23.388 ; 23.388 ; 23.388 ; 23.388 ;
; SW[14]     ; HEX1[0]     ; 23.214 ; 23.214 ; 23.214 ; 23.214 ;
; SW[14]     ; HEX1[1]     ; 23.121 ; 23.121 ; 23.121 ; 23.121 ;
; SW[14]     ; HEX1[2]     ; 22.695 ; 22.695 ; 22.695 ; 22.695 ;
; SW[14]     ; HEX1[3]     ; 22.734 ; 22.734 ; 22.734 ; 22.734 ;
; SW[14]     ; HEX1[4]     ; 22.736 ; 22.736 ; 22.736 ; 22.736 ;
; SW[14]     ; HEX1[5]     ; 23.037 ; 23.037 ; 23.037 ; 23.037 ;
; SW[14]     ; HEX1[6]     ; 22.787 ; 22.787 ; 22.787 ; 22.787 ;
; SW[14]     ; HEX2[6]     ; 14.994 ; 14.994 ; 14.994 ; 14.994 ;
; SW[15]     ; HEX0[0]     ; 23.171 ; 23.171 ; 23.171 ; 23.171 ;
; SW[15]     ; HEX0[1]     ; 23.141 ; 23.141 ; 23.141 ; 23.141 ;
; SW[15]     ; HEX0[2]     ; 23.152 ; 23.152 ; 23.152 ; 23.152 ;
; SW[15]     ; HEX0[3]     ; 23.165 ; 23.165 ; 23.165 ; 23.165 ;
; SW[15]     ; HEX0[4]     ; 23.159 ; 23.159 ; 23.159 ; 23.159 ;
; SW[15]     ; HEX0[5]     ; 22.911 ; 22.911 ; 22.911 ; 22.911 ;
; SW[15]     ; HEX0[6]     ; 22.932 ; 22.932 ; 22.932 ; 22.932 ;
; SW[15]     ; HEX1[0]     ; 22.758 ; 22.758 ; 22.758 ; 22.758 ;
; SW[15]     ; HEX1[1]     ; 22.665 ; 22.665 ; 22.665 ; 22.665 ;
; SW[15]     ; HEX1[2]     ; 22.239 ; 22.239 ; 22.239 ; 22.239 ;
; SW[15]     ; HEX1[3]     ; 22.278 ; 22.278 ; 22.278 ; 22.278 ;
; SW[15]     ; HEX1[4]     ; 22.280 ; 22.280 ; 22.280 ; 22.280 ;
; SW[15]     ; HEX1[5]     ; 22.581 ; 22.581 ; 22.581 ; 22.581 ;
; SW[15]     ; HEX1[6]     ; 22.331 ; 22.331 ; 22.331 ; 22.331 ;
; SW[15]     ; HEX2[6]     ; 14.538 ;        ;        ; 14.538 ;
; SW[16]     ; HEX0[0]     ; 21.724 ; 21.724 ; 21.724 ; 21.724 ;
; SW[16]     ; HEX0[1]     ; 21.694 ; 21.694 ; 21.694 ; 21.694 ;
; SW[16]     ; HEX0[2]     ; 21.705 ; 21.705 ; 21.705 ; 21.705 ;
; SW[16]     ; HEX0[3]     ; 21.718 ; 21.718 ; 21.718 ; 21.718 ;
; SW[16]     ; HEX0[4]     ; 21.712 ; 21.712 ; 21.712 ; 21.712 ;
; SW[16]     ; HEX0[5]     ; 21.464 ; 21.464 ; 21.464 ; 21.464 ;
; SW[16]     ; HEX0[6]     ; 21.485 ; 21.485 ; 21.485 ; 21.485 ;
; SW[16]     ; HEX1[0]     ; 21.311 ; 21.311 ; 21.311 ; 21.311 ;
; SW[16]     ; HEX1[1]     ; 21.218 ; 21.218 ; 21.218 ; 21.218 ;
; SW[16]     ; HEX1[2]     ; 20.792 ; 20.792 ; 20.792 ; 20.792 ;
; SW[16]     ; HEX1[3]     ; 20.831 ; 20.831 ; 20.831 ; 20.831 ;
; SW[16]     ; HEX1[4]     ; 20.833 ; 20.833 ; 20.833 ; 20.833 ;
; SW[16]     ; HEX1[5]     ; 21.134 ; 21.134 ; 21.134 ; 21.134 ;
; SW[16]     ; HEX1[6]     ; 20.884 ; 20.884 ; 20.884 ; 20.884 ;
; SW[16]     ; HEX2[6]     ; 13.091 ;        ;        ; 13.091 ;
; SW[17]     ; HEX0[0]     ; 21.282 ; 21.282 ; 21.282 ; 21.282 ;
; SW[17]     ; HEX0[1]     ; 21.252 ; 21.252 ; 21.252 ; 21.252 ;
; SW[17]     ; HEX0[2]     ; 21.263 ; 21.263 ; 21.263 ; 21.263 ;
; SW[17]     ; HEX0[3]     ; 21.276 ; 21.276 ; 21.276 ; 21.276 ;
; SW[17]     ; HEX0[4]     ; 21.270 ; 21.270 ; 21.270 ; 21.270 ;
; SW[17]     ; HEX0[5]     ; 21.022 ; 21.022 ; 21.022 ; 21.022 ;
; SW[17]     ; HEX0[6]     ; 21.043 ; 21.043 ; 21.043 ; 21.043 ;
; SW[17]     ; HEX1[0]     ; 20.869 ; 20.869 ; 20.869 ; 20.869 ;
; SW[17]     ; HEX1[1]     ; 20.776 ; 20.776 ; 20.776 ; 20.776 ;
; SW[17]     ; HEX1[2]     ; 20.350 ; 20.350 ; 20.350 ; 20.350 ;
; SW[17]     ; HEX1[3]     ; 20.389 ; 20.389 ; 20.389 ; 20.389 ;
; SW[17]     ; HEX1[4]     ; 20.391 ; 20.391 ; 20.391 ; 20.391 ;
; SW[17]     ; HEX1[5]     ; 20.692 ; 20.692 ; 20.692 ; 20.692 ;
; SW[17]     ; HEX1[6]     ; 20.442 ; 20.442 ; 20.442 ; 20.442 ;
; SW[17]     ; HEX2[6]     ; 12.583 ;        ;        ; 12.583 ;
+------------+-------------+--------+--------+--------+--------+


+--------------------------------------------------------------+
; Minimum Propagation Delay                                    ;
+------------+-------------+--------+--------+--------+--------+
; Input Port ; Output Port ; RR     ; RF     ; FR     ; FF     ;
+------------+-------------+--------+--------+--------+--------+
; SW[0]      ; HEX0[0]     ; 7.573  ; 7.573  ; 7.573  ; 7.573  ;
; SW[0]      ; HEX0[1]     ; 7.433  ; 7.433  ; 7.433  ; 7.433  ;
; SW[0]      ; HEX0[2]     ; 7.412  ; 7.412  ; 7.412  ; 7.412  ;
; SW[0]      ; HEX0[3]     ; 7.562  ; 7.562  ; 7.562  ; 7.562  ;
; SW[0]      ; HEX0[4]     ; 7.451  ; 7.451  ; 7.451  ; 7.451  ;
; SW[0]      ; HEX0[5]     ; 7.306  ; 7.306  ; 7.306  ; 7.306  ;
; SW[0]      ; HEX0[6]     ; 7.331  ; 7.331  ; 7.331  ; 7.331  ;
; SW[0]      ; HEX1[0]     ; 12.326 ; 12.326 ; 12.326 ; 12.326 ;
; SW[0]      ; HEX1[1]     ; 12.195 ; 12.195 ; 12.195 ; 12.195 ;
; SW[0]      ; HEX1[2]     ; 11.781 ; 11.781 ; 11.781 ; 11.781 ;
; SW[0]      ; HEX1[3]     ; 11.863 ; 11.863 ; 11.863 ; 11.863 ;
; SW[0]      ; HEX1[4]     ; 11.863 ; 11.863 ; 11.863 ; 11.863 ;
; SW[0]      ; HEX1[5]     ; 12.163 ; 12.163 ; 12.163 ; 12.163 ;
; SW[0]      ; HEX1[6]     ; 11.904 ; 11.904 ; 11.904 ; 11.904 ;
; SW[0]      ; HEX2[6]     ; 10.861 ; 10.861 ; 10.861 ; 10.861 ;
; SW[1]      ; HEX0[0]     ; 8.730  ; 8.730  ; 8.730  ; 8.730  ;
; SW[1]      ; HEX0[1]     ; 8.419  ; 8.419  ; 8.419  ; 8.419  ;
; SW[1]      ; HEX0[2]     ; 8.433  ; 8.433  ; 8.433  ; 8.433  ;
; SW[1]      ; HEX0[3]     ; 8.690  ; 8.690  ; 8.690  ; 8.690  ;
; SW[1]      ; HEX0[4]     ; 8.435  ; 8.435  ; 8.435  ; 8.435  ;
; SW[1]      ; HEX0[5]     ; 8.461  ; 8.461  ; 8.461  ; 8.461  ;
; SW[1]      ; HEX0[6]     ; 8.460  ; 8.460  ; 8.460  ; 8.460  ;
; SW[1]      ; HEX1[0]     ; 10.685 ; 10.685 ; 10.685 ; 10.685 ;
; SW[1]      ; HEX1[1]     ; 10.592 ; 10.592 ; 10.592 ; 10.592 ;
; SW[1]      ; HEX1[2]     ; 10.166 ; 10.166 ; 10.166 ; 10.166 ;
; SW[1]      ; HEX1[3]     ; 10.205 ; 10.205 ; 10.205 ; 10.205 ;
; SW[1]      ; HEX1[4]     ; 10.207 ; 10.207 ; 10.207 ; 10.207 ;
; SW[1]      ; HEX1[5]     ; 10.508 ; 10.508 ; 10.508 ; 10.508 ;
; SW[1]      ; HEX1[6]     ; 10.258 ; 10.258 ; 10.258 ; 10.258 ;
; SW[1]      ; HEX2[6]     ; 10.837 ; 10.837 ; 10.837 ; 10.837 ;
; SW[2]      ; HEX0[0]     ; 11.014 ; 11.014 ; 11.014 ; 11.014 ;
; SW[2]      ; HEX0[1]     ; 10.984 ; 10.984 ; 10.984 ; 10.984 ;
; SW[2]      ; HEX0[2]     ; 10.995 ; 10.995 ; 10.995 ; 10.995 ;
; SW[2]      ; HEX0[3]     ; 11.008 ; 11.008 ; 11.008 ; 11.008 ;
; SW[2]      ; HEX0[4]     ; 11.002 ; 11.002 ; 11.002 ; 11.002 ;
; SW[2]      ; HEX0[5]     ; 10.754 ; 10.754 ; 10.754 ; 10.754 ;
; SW[2]      ; HEX0[6]     ; 10.775 ; 10.775 ; 10.775 ; 10.775 ;
; SW[2]      ; HEX1[0]     ; 11.758 ; 11.758 ; 11.758 ; 11.758 ;
; SW[2]      ; HEX1[1]     ; 11.627 ; 11.627 ; 11.627 ; 11.627 ;
; SW[2]      ; HEX1[2]     ; 11.213 ; 11.213 ; 11.213 ; 11.213 ;
; SW[2]      ; HEX1[3]     ; 11.295 ; 11.295 ; 11.295 ; 11.295 ;
; SW[2]      ; HEX1[4]     ; 11.295 ; 11.295 ; 11.295 ; 11.295 ;
; SW[2]      ; HEX1[5]     ; 11.595 ; 11.595 ; 11.595 ; 11.595 ;
; SW[2]      ; HEX1[6]     ; 11.336 ; 11.336 ; 11.336 ; 11.336 ;
; SW[2]      ; HEX2[6]     ; 9.430  ; 9.430  ; 9.430  ; 9.430  ;
; SW[3]      ; HEX0[0]     ; 9.696  ; 9.696  ; 9.696  ; 9.696  ;
; SW[3]      ; HEX0[1]     ; 9.537  ; 9.537  ; 9.537  ; 9.537  ;
; SW[3]      ; HEX0[2]     ; 9.551  ; 9.551  ; 9.551  ; 9.551  ;
; SW[3]      ; HEX0[3]     ; 9.690  ; 9.690  ; 9.690  ; 9.690  ;
; SW[3]      ; HEX0[4]     ; 9.553  ; 9.553  ; 9.553  ; 9.553  ;
; SW[3]      ; HEX0[5]     ; 9.436  ; 9.436  ; 9.436  ; 9.436  ;
; SW[3]      ; HEX0[6]     ; 9.457  ; 9.457  ; 9.457  ; 9.457  ;
; SW[3]      ; HEX1[0]     ; 10.138 ; 10.138 ; 10.138 ; 10.138 ;
; SW[3]      ; HEX1[1]     ; 10.007 ; 10.078 ; 10.078 ; 10.007 ;
; SW[3]      ; HEX1[2]     ; 9.664  ; 9.593  ; 9.593  ; 9.664  ;
; SW[3]      ; HEX1[3]     ; 9.675  ; 9.675  ; 9.675  ; 9.675  ;
; SW[3]      ; HEX1[4]     ; 9.675  ; 9.746  ; 9.746  ; 9.675  ;
; SW[3]      ; HEX1[5]     ; 10.046 ; 9.975  ; 9.975  ; 10.046 ;
; SW[3]      ; HEX1[6]     ; 9.716  ; 9.716  ; 9.716  ; 9.716  ;
; SW[3]      ; HEX2[6]     ;        ; 7.819  ; 7.819  ;        ;
; SW[10]     ; HEX0[0]     ; 10.221 ; 10.221 ; 10.221 ; 10.221 ;
; SW[10]     ; HEX0[1]     ; 9.910  ; 9.910  ; 9.910  ; 9.910  ;
; SW[10]     ; HEX0[2]     ; 9.924  ; 9.924  ; 9.924  ; 9.924  ;
; SW[10]     ; HEX0[3]     ; 10.181 ; 10.181 ; 10.181 ; 10.181 ;
; SW[10]     ; HEX0[4]     ; 9.926  ; 9.926  ; 9.926  ; 9.926  ;
; SW[10]     ; HEX0[5]     ; 9.952  ; 9.952  ; 9.952  ; 9.952  ;
; SW[10]     ; HEX0[6]     ; 9.951  ; 9.951  ; 9.951  ; 9.951  ;
; SW[10]     ; HEX1[0]     ; 11.383 ; 11.383 ; 11.383 ; 11.383 ;
; SW[10]     ; HEX1[1]     ; 11.252 ; 11.252 ; 11.252 ; 11.252 ;
; SW[10]     ; HEX1[2]     ; 10.838 ; 10.838 ; 10.838 ; 10.838 ;
; SW[10]     ; HEX1[3]     ; 10.920 ; 10.920 ; 10.920 ; 10.920 ;
; SW[10]     ; HEX1[4]     ; 10.920 ; 10.920 ; 10.920 ; 10.920 ;
; SW[10]     ; HEX1[5]     ; 11.220 ; 11.220 ; 11.220 ; 11.220 ;
; SW[10]     ; HEX1[6]     ; 10.961 ; 10.961 ; 10.961 ; 10.961 ;
; SW[10]     ; HEX2[6]     ; 9.644  ; 9.093  ; 9.093  ; 9.644  ;
; SW[14]     ; HEX0[0]     ; 11.343 ; 11.343 ; 11.343 ; 11.343 ;
; SW[14]     ; HEX0[1]     ; 10.890 ; 10.890 ; 10.890 ; 10.890 ;
; SW[14]     ; HEX0[2]     ; 10.871 ; 10.871 ; 10.871 ; 10.871 ;
; SW[14]     ; HEX0[3]     ; 11.332 ; 11.332 ; 11.332 ; 11.332 ;
; SW[14]     ; HEX0[4]     ; 10.912 ; 10.912 ; 10.912 ; 10.912 ;
; SW[14]     ; HEX0[5]     ; 11.076 ; 11.076 ; 11.076 ; 11.076 ;
; SW[14]     ; HEX0[6]     ; 11.101 ; 11.101 ; 11.101 ; 11.101 ;
; SW[14]     ; HEX1[0]     ; 16.167 ; 16.167 ; 16.167 ; 16.167 ;
; SW[14]     ; HEX1[1]     ; 16.036 ; 16.036 ; 16.036 ; 16.036 ;
; SW[14]     ; HEX1[2]     ; 15.622 ; 15.622 ; 15.622 ; 15.622 ;
; SW[14]     ; HEX1[3]     ; 15.704 ; 15.704 ; 15.704 ; 15.704 ;
; SW[14]     ; HEX1[4]     ; 15.704 ; 15.704 ; 15.704 ; 15.704 ;
; SW[14]     ; HEX1[5]     ; 16.004 ; 16.004 ; 16.004 ; 16.004 ;
; SW[14]     ; HEX1[6]     ; 15.745 ; 15.745 ; 15.745 ; 15.745 ;
; SW[14]     ; HEX2[6]     ; 14.704 ; 14.994 ; 14.994 ; 14.704 ;
; SW[15]     ; HEX0[0]     ; 12.568 ; 12.568 ; 12.568 ; 12.568 ;
; SW[15]     ; HEX0[1]     ; 12.257 ; 12.257 ; 12.257 ; 12.257 ;
; SW[15]     ; HEX0[2]     ; 12.271 ; 12.271 ; 12.271 ; 12.271 ;
; SW[15]     ; HEX0[3]     ; 12.528 ; 12.528 ; 12.528 ; 12.528 ;
; SW[15]     ; HEX0[4]     ; 12.273 ; 12.273 ; 12.273 ; 12.273 ;
; SW[15]     ; HEX0[5]     ; 12.299 ; 12.299 ; 12.299 ; 12.299 ;
; SW[15]     ; HEX0[6]     ; 12.298 ; 12.298 ; 12.298 ; 12.298 ;
; SW[15]     ; HEX1[0]     ; 14.288 ; 14.288 ; 14.288 ; 14.288 ;
; SW[15]     ; HEX1[1]     ; 14.195 ; 14.195 ; 14.195 ; 14.195 ;
; SW[15]     ; HEX1[2]     ; 13.769 ; 13.769 ; 13.769 ; 13.769 ;
; SW[15]     ; HEX1[3]     ; 13.808 ; 13.808 ; 13.808 ; 13.808 ;
; SW[15]     ; HEX1[4]     ; 13.810 ; 13.810 ; 13.810 ; 13.810 ;
; SW[15]     ; HEX1[5]     ; 14.111 ; 14.111 ; 14.111 ; 14.111 ;
; SW[15]     ; HEX1[6]     ; 13.861 ; 13.861 ; 13.861 ; 13.861 ;
; SW[15]     ; HEX2[6]     ; 14.538 ;        ;        ; 14.538 ;
; SW[16]     ; HEX0[0]     ; 14.902 ; 14.902 ; 14.902 ; 14.902 ;
; SW[16]     ; HEX0[1]     ; 14.815 ; 14.815 ; 14.815 ; 14.815 ;
; SW[16]     ; HEX0[2]     ; 14.829 ; 14.829 ; 14.829 ; 14.829 ;
; SW[16]     ; HEX0[3]     ; 14.893 ; 14.893 ; 14.893 ; 14.893 ;
; SW[16]     ; HEX0[4]     ; 14.831 ; 14.831 ; 14.831 ; 14.831 ;
; SW[16]     ; HEX0[5]     ; 14.638 ; 14.638 ; 14.638 ; 14.638 ;
; SW[16]     ; HEX0[6]     ; 14.632 ; 14.632 ; 14.632 ; 14.632 ;
; SW[16]     ; HEX1[0]     ; 15.419 ; 15.419 ; 15.419 ; 15.419 ;
; SW[16]     ; HEX1[1]     ; 15.288 ; 15.359 ; 15.359 ; 15.288 ;
; SW[16]     ; HEX1[2]     ; 14.945 ; 14.874 ; 14.874 ; 14.945 ;
; SW[16]     ; HEX1[3]     ; 14.956 ; 14.956 ; 14.956 ; 14.956 ;
; SW[16]     ; HEX1[4]     ; 14.956 ; 15.027 ; 15.027 ; 14.956 ;
; SW[16]     ; HEX1[5]     ; 15.327 ; 15.256 ; 15.256 ; 15.327 ;
; SW[16]     ; HEX1[6]     ; 14.997 ; 14.997 ; 14.997 ; 14.997 ;
; SW[16]     ; HEX2[6]     ; 13.091 ;        ;        ; 13.091 ;
; SW[17]     ; HEX0[0]     ; 14.466 ; 14.466 ; 14.466 ; 14.466 ;
; SW[17]     ; HEX0[1]     ; 14.307 ; 14.307 ; 14.307 ; 14.307 ;
; SW[17]     ; HEX0[2]     ; 14.321 ; 14.321 ; 14.321 ; 14.321 ;
; SW[17]     ; HEX0[3]     ; 14.460 ; 14.460 ; 14.460 ; 14.460 ;
; SW[17]     ; HEX0[4]     ; 14.323 ; 14.323 ; 14.323 ; 14.323 ;
; SW[17]     ; HEX0[5]     ; 14.206 ; 14.206 ; 14.206 ; 14.206 ;
; SW[17]     ; HEX0[6]     ; 14.227 ; 14.227 ; 14.227 ; 14.227 ;
; SW[17]     ; HEX1[0]     ; 14.907 ; 14.907 ; 14.907 ; 14.907 ;
; SW[17]     ; HEX1[1]     ; 14.776 ; 14.847 ; 14.847 ; 14.776 ;
; SW[17]     ; HEX1[2]     ; 14.433 ; 14.362 ; 14.362 ; 14.433 ;
; SW[17]     ; HEX1[3]     ; 14.444 ; 14.444 ; 14.444 ; 14.444 ;
; SW[17]     ; HEX1[4]     ; 14.444 ; 14.515 ; 14.515 ; 14.444 ;
; SW[17]     ; HEX1[5]     ; 14.815 ; 14.744 ; 14.744 ; 14.815 ;
; SW[17]     ; HEX1[6]     ; 14.485 ; 14.485 ; 14.485 ; 14.485 ;
; SW[17]     ; HEX2[6]     ; 12.583 ;        ;        ; 12.583 ;
+------------+-------------+--------+--------+--------+--------+


----------------------------
; Fast Model Setup Summary ;
----------------------------
No paths to report.


---------------------------
; Fast Model Hold Summary ;
---------------------------
No paths to report.


-------------------------------
; Fast Model Recovery Summary ;
-------------------------------
No paths to report.


------------------------------
; Fast Model Removal Summary ;
------------------------------
No paths to report.


------------------------------------------
; Fast Model Minimum Pulse Width Summary ;
------------------------------------------
No paths to report.


+--------------------------------------------------------------+
; Propagation Delay                                            ;
+------------+-------------+--------+--------+--------+--------+
; Input Port ; Output Port ; RR     ; RF     ; FR     ; FF     ;
+------------+-------------+--------+--------+--------+--------+
; SW[0]      ; HEX0[0]     ; 9.232  ; 9.232  ; 9.232  ; 9.232  ;
; SW[0]      ; HEX0[1]     ; 9.225  ; 9.225  ; 9.225  ; 9.225  ;
; SW[0]      ; HEX0[2]     ; 9.210  ; 9.210  ; 9.210  ; 9.210  ;
; SW[0]      ; HEX0[3]     ; 9.221  ; 9.221  ; 9.221  ; 9.221  ;
; SW[0]      ; HEX0[4]     ; 9.218  ; 9.218  ; 9.218  ; 9.218  ;
; SW[0]      ; HEX0[5]     ; 9.099  ; 9.099  ; 9.099  ; 9.099  ;
; SW[0]      ; HEX0[6]     ; 9.105  ; 9.105  ; 9.105  ; 9.105  ;
; SW[0]      ; HEX1[0]     ; 9.072  ; 9.072  ; 9.072  ; 9.072  ;
; SW[0]      ; HEX1[1]     ; 9.043  ; 9.043  ; 9.043  ; 9.043  ;
; SW[0]      ; HEX1[2]     ; 8.772  ; 8.772  ; 8.772  ; 8.772  ;
; SW[0]      ; HEX1[3]     ; 8.799  ; 8.799  ; 8.799  ; 8.799  ;
; SW[0]      ; HEX1[4]     ; 8.825  ; 8.825  ; 8.825  ; 8.825  ;
; SW[0]      ; HEX1[5]     ; 8.941  ; 8.941  ; 8.941  ; 8.941  ;
; SW[0]      ; HEX1[6]     ; 8.860  ; 8.860  ; 8.860  ; 8.860  ;
; SW[0]      ; HEX2[6]     ; 5.523  ; 5.523  ; 5.523  ; 5.523  ;
; SW[1]      ; HEX0[0]     ; 9.051  ; 9.051  ; 9.051  ; 9.051  ;
; SW[1]      ; HEX0[1]     ; 9.044  ; 9.044  ; 9.044  ; 9.044  ;
; SW[1]      ; HEX0[2]     ; 9.029  ; 9.029  ; 9.029  ; 9.029  ;
; SW[1]      ; HEX0[3]     ; 9.040  ; 9.040  ; 9.040  ; 9.040  ;
; SW[1]      ; HEX0[4]     ; 9.037  ; 9.037  ; 9.037  ; 9.037  ;
; SW[1]      ; HEX0[5]     ; 8.918  ; 8.918  ; 8.918  ; 8.918  ;
; SW[1]      ; HEX0[6]     ; 8.924  ; 8.924  ; 8.924  ; 8.924  ;
; SW[1]      ; HEX1[0]     ; 8.891  ; 8.891  ; 8.891  ; 8.891  ;
; SW[1]      ; HEX1[1]     ; 8.862  ; 8.862  ; 8.862  ; 8.862  ;
; SW[1]      ; HEX1[2]     ; 8.591  ; 8.591  ; 8.591  ; 8.591  ;
; SW[1]      ; HEX1[3]     ; 8.618  ; 8.618  ; 8.618  ; 8.618  ;
; SW[1]      ; HEX1[4]     ; 8.644  ; 8.644  ; 8.644  ; 8.644  ;
; SW[1]      ; HEX1[5]     ; 8.760  ; 8.760  ; 8.760  ; 8.760  ;
; SW[1]      ; HEX1[6]     ; 8.679  ; 8.679  ; 8.679  ; 8.679  ;
; SW[1]      ; HEX2[6]     ; 5.342  ; 5.342  ; 5.342  ; 5.342  ;
; SW[2]      ; HEX0[0]     ; 8.447  ; 8.447  ; 8.447  ; 8.447  ;
; SW[2]      ; HEX0[1]     ; 8.440  ; 8.440  ; 8.440  ; 8.440  ;
; SW[2]      ; HEX0[2]     ; 8.425  ; 8.425  ; 8.425  ; 8.425  ;
; SW[2]      ; HEX0[3]     ; 8.436  ; 8.436  ; 8.436  ; 8.436  ;
; SW[2]      ; HEX0[4]     ; 8.433  ; 8.433  ; 8.433  ; 8.433  ;
; SW[2]      ; HEX0[5]     ; 8.314  ; 8.314  ; 8.314  ; 8.314  ;
; SW[2]      ; HEX0[6]     ; 8.320  ; 8.320  ; 8.320  ; 8.320  ;
; SW[2]      ; HEX1[0]     ; 8.287  ; 8.287  ; 8.287  ; 8.287  ;
; SW[2]      ; HEX1[1]     ; 8.258  ; 8.258  ; 8.258  ; 8.258  ;
; SW[2]      ; HEX1[2]     ; 7.987  ; 7.987  ; 7.987  ; 7.987  ;
; SW[2]      ; HEX1[3]     ; 8.014  ; 8.014  ; 8.014  ; 8.014  ;
; SW[2]      ; HEX1[4]     ; 8.040  ; 8.040  ; 8.040  ; 8.040  ;
; SW[2]      ; HEX1[5]     ; 8.156  ; 8.156  ; 8.156  ; 8.156  ;
; SW[2]      ; HEX1[6]     ; 8.075  ; 8.075  ; 8.075  ; 8.075  ;
; SW[2]      ; HEX2[6]     ; 4.738  ; 4.738  ; 4.738  ; 4.738  ;
; SW[3]      ; HEX0[0]     ; 7.692  ; 7.692  ; 7.692  ; 7.692  ;
; SW[3]      ; HEX0[1]     ; 7.685  ; 7.685  ; 7.685  ; 7.685  ;
; SW[3]      ; HEX0[2]     ; 7.670  ; 7.670  ; 7.670  ; 7.670  ;
; SW[3]      ; HEX0[3]     ; 7.681  ; 7.681  ; 7.681  ; 7.681  ;
; SW[3]      ; HEX0[4]     ; 7.678  ; 7.678  ; 7.678  ; 7.678  ;
; SW[3]      ; HEX0[5]     ; 7.559  ; 7.559  ; 7.559  ; 7.559  ;
; SW[3]      ; HEX0[6]     ; 7.565  ; 7.565  ; 7.565  ; 7.565  ;
; SW[3]      ; HEX1[0]     ; 7.532  ; 7.532  ; 7.532  ; 7.532  ;
; SW[3]      ; HEX1[1]     ; 7.503  ; 7.503  ; 7.503  ; 7.503  ;
; SW[3]      ; HEX1[2]     ; 7.232  ; 7.232  ; 7.232  ; 7.232  ;
; SW[3]      ; HEX1[3]     ; 7.259  ; 7.259  ; 7.259  ; 7.259  ;
; SW[3]      ; HEX1[4]     ; 7.285  ; 7.285  ; 7.285  ; 7.285  ;
; SW[3]      ; HEX1[5]     ; 7.401  ; 7.401  ; 7.401  ; 7.401  ;
; SW[3]      ; HEX1[6]     ; 7.320  ; 7.320  ; 7.320  ; 7.320  ;
; SW[3]      ; HEX2[6]     ;        ; 3.955  ; 3.955  ;        ;
; SW[10]     ; HEX0[0]     ; 9.094  ; 9.094  ; 9.094  ; 9.094  ;
; SW[10]     ; HEX0[1]     ; 9.087  ; 9.087  ; 9.087  ; 9.087  ;
; SW[10]     ; HEX0[2]     ; 9.072  ; 9.072  ; 9.072  ; 9.072  ;
; SW[10]     ; HEX0[3]     ; 9.083  ; 9.083  ; 9.083  ; 9.083  ;
; SW[10]     ; HEX0[4]     ; 9.080  ; 9.080  ; 9.080  ; 9.080  ;
; SW[10]     ; HEX0[5]     ; 8.961  ; 8.961  ; 8.961  ; 8.961  ;
; SW[10]     ; HEX0[6]     ; 8.967  ; 8.967  ; 8.967  ; 8.967  ;
; SW[10]     ; HEX1[0]     ; 8.934  ; 8.934  ; 8.934  ; 8.934  ;
; SW[10]     ; HEX1[1]     ; 8.905  ; 8.905  ; 8.905  ; 8.905  ;
; SW[10]     ; HEX1[2]     ; 8.634  ; 8.634  ; 8.634  ; 8.634  ;
; SW[10]     ; HEX1[3]     ; 8.661  ; 8.661  ; 8.661  ; 8.661  ;
; SW[10]     ; HEX1[4]     ; 8.687  ; 8.687  ; 8.687  ; 8.687  ;
; SW[10]     ; HEX1[5]     ; 8.803  ; 8.803  ; 8.803  ; 8.803  ;
; SW[10]     ; HEX1[6]     ; 8.722  ; 8.722  ; 8.722  ; 8.722  ;
; SW[10]     ; HEX2[6]     ; 5.385  ; 5.292  ; 5.292  ; 5.385  ;
; SW[14]     ; HEX0[0]     ; 11.593 ; 11.593 ; 11.593 ; 11.593 ;
; SW[14]     ; HEX0[1]     ; 11.586 ; 11.586 ; 11.586 ; 11.586 ;
; SW[14]     ; HEX0[2]     ; 11.571 ; 11.571 ; 11.571 ; 11.571 ;
; SW[14]     ; HEX0[3]     ; 11.582 ; 11.582 ; 11.582 ; 11.582 ;
; SW[14]     ; HEX0[4]     ; 11.579 ; 11.579 ; 11.579 ; 11.579 ;
; SW[14]     ; HEX0[5]     ; 11.460 ; 11.460 ; 11.460 ; 11.460 ;
; SW[14]     ; HEX0[6]     ; 11.466 ; 11.466 ; 11.466 ; 11.466 ;
; SW[14]     ; HEX1[0]     ; 11.433 ; 11.433 ; 11.433 ; 11.433 ;
; SW[14]     ; HEX1[1]     ; 11.404 ; 11.404 ; 11.404 ; 11.404 ;
; SW[14]     ; HEX1[2]     ; 11.133 ; 11.133 ; 11.133 ; 11.133 ;
; SW[14]     ; HEX1[3]     ; 11.160 ; 11.160 ; 11.160 ; 11.160 ;
; SW[14]     ; HEX1[4]     ; 11.186 ; 11.186 ; 11.186 ; 11.186 ;
; SW[14]     ; HEX1[5]     ; 11.302 ; 11.302 ; 11.302 ; 11.302 ;
; SW[14]     ; HEX1[6]     ; 11.221 ; 11.221 ; 11.221 ; 11.221 ;
; SW[14]     ; HEX2[6]     ; 7.884  ; 7.884  ; 7.884  ; 7.884  ;
; SW[15]     ; HEX0[0]     ; 11.343 ; 11.343 ; 11.343 ; 11.343 ;
; SW[15]     ; HEX0[1]     ; 11.336 ; 11.336 ; 11.336 ; 11.336 ;
; SW[15]     ; HEX0[2]     ; 11.321 ; 11.321 ; 11.321 ; 11.321 ;
; SW[15]     ; HEX0[3]     ; 11.332 ; 11.332 ; 11.332 ; 11.332 ;
; SW[15]     ; HEX0[4]     ; 11.329 ; 11.329 ; 11.329 ; 11.329 ;
; SW[15]     ; HEX0[5]     ; 11.210 ; 11.210 ; 11.210 ; 11.210 ;
; SW[15]     ; HEX0[6]     ; 11.216 ; 11.216 ; 11.216 ; 11.216 ;
; SW[15]     ; HEX1[0]     ; 11.183 ; 11.183 ; 11.183 ; 11.183 ;
; SW[15]     ; HEX1[1]     ; 11.154 ; 11.154 ; 11.154 ; 11.154 ;
; SW[15]     ; HEX1[2]     ; 10.883 ; 10.883 ; 10.883 ; 10.883 ;
; SW[15]     ; HEX1[3]     ; 10.910 ; 10.910 ; 10.910 ; 10.910 ;
; SW[15]     ; HEX1[4]     ; 10.936 ; 10.936 ; 10.936 ; 10.936 ;
; SW[15]     ; HEX1[5]     ; 11.052 ; 11.052 ; 11.052 ; 11.052 ;
; SW[15]     ; HEX1[6]     ; 10.971 ; 10.971 ; 10.971 ; 10.971 ;
; SW[15]     ; HEX2[6]     ; 7.634  ;        ;        ; 7.634  ;
; SW[16]     ; HEX0[0]     ; 10.734 ; 10.734 ; 10.734 ; 10.734 ;
; SW[16]     ; HEX0[1]     ; 10.727 ; 10.727 ; 10.727 ; 10.727 ;
; SW[16]     ; HEX0[2]     ; 10.712 ; 10.712 ; 10.712 ; 10.712 ;
; SW[16]     ; HEX0[3]     ; 10.723 ; 10.723 ; 10.723 ; 10.723 ;
; SW[16]     ; HEX0[4]     ; 10.720 ; 10.720 ; 10.720 ; 10.720 ;
; SW[16]     ; HEX0[5]     ; 10.601 ; 10.601 ; 10.601 ; 10.601 ;
; SW[16]     ; HEX0[6]     ; 10.607 ; 10.607 ; 10.607 ; 10.607 ;
; SW[16]     ; HEX1[0]     ; 10.574 ; 10.574 ; 10.574 ; 10.574 ;
; SW[16]     ; HEX1[1]     ; 10.545 ; 10.545 ; 10.545 ; 10.545 ;
; SW[16]     ; HEX1[2]     ; 10.274 ; 10.274 ; 10.274 ; 10.274 ;
; SW[16]     ; HEX1[3]     ; 10.301 ; 10.301 ; 10.301 ; 10.301 ;
; SW[16]     ; HEX1[4]     ; 10.327 ; 10.327 ; 10.327 ; 10.327 ;
; SW[16]     ; HEX1[5]     ; 10.443 ; 10.443 ; 10.443 ; 10.443 ;
; SW[16]     ; HEX1[6]     ; 10.362 ; 10.362 ; 10.362 ; 10.362 ;
; SW[16]     ; HEX2[6]     ; 7.025  ;        ;        ; 7.025  ;
; SW[17]     ; HEX0[0]     ; 10.560 ; 10.560 ; 10.560 ; 10.560 ;
; SW[17]     ; HEX0[1]     ; 10.553 ; 10.553 ; 10.553 ; 10.553 ;
; SW[17]     ; HEX0[2]     ; 10.538 ; 10.538 ; 10.538 ; 10.538 ;
; SW[17]     ; HEX0[3]     ; 10.549 ; 10.549 ; 10.549 ; 10.549 ;
; SW[17]     ; HEX0[4]     ; 10.546 ; 10.546 ; 10.546 ; 10.546 ;
; SW[17]     ; HEX0[5]     ; 10.427 ; 10.427 ; 10.427 ; 10.427 ;
; SW[17]     ; HEX0[6]     ; 10.433 ; 10.433 ; 10.433 ; 10.433 ;
; SW[17]     ; HEX1[0]     ; 10.400 ; 10.400 ; 10.400 ; 10.400 ;
; SW[17]     ; HEX1[1]     ; 10.371 ; 10.371 ; 10.371 ; 10.371 ;
; SW[17]     ; HEX1[2]     ; 10.100 ; 10.100 ; 10.100 ; 10.100 ;
; SW[17]     ; HEX1[3]     ; 10.127 ; 10.127 ; 10.127 ; 10.127 ;
; SW[17]     ; HEX1[4]     ; 10.153 ; 10.153 ; 10.153 ; 10.153 ;
; SW[17]     ; HEX1[5]     ; 10.269 ; 10.269 ; 10.269 ; 10.269 ;
; SW[17]     ; HEX1[6]     ; 10.188 ; 10.188 ; 10.188 ; 10.188 ;
; SW[17]     ; HEX2[6]     ; 6.818  ;        ;        ; 6.818  ;
+------------+-------------+--------+--------+--------+--------+


+----------------------------------------------------------+
; Minimum Propagation Delay                                ;
+------------+-------------+-------+-------+-------+-------+
; Input Port ; Output Port ; RR    ; RF    ; FR    ; FF    ;
+------------+-------------+-------+-------+-------+-------+
; SW[0]      ; HEX0[0]     ; 3.954 ; 3.954 ; 3.954 ; 3.954 ;
; SW[0]      ; HEX0[1]     ; 3.875 ; 3.875 ; 3.875 ; 3.875 ;
; SW[0]      ; HEX0[2]     ; 3.885 ; 3.885 ; 3.885 ; 3.885 ;
; SW[0]      ; HEX0[3]     ; 3.943 ; 3.943 ; 3.943 ; 3.943 ;
; SW[0]      ; HEX0[4]     ; 3.893 ; 3.893 ; 3.893 ; 3.893 ;
; SW[0]      ; HEX0[5]     ; 3.819 ; 3.819 ; 3.819 ; 3.819 ;
; SW[0]      ; HEX0[6]     ; 3.829 ; 3.829 ; 3.829 ; 3.829 ;
; SW[0]      ; HEX1[0]     ; 6.044 ; 6.044 ; 6.044 ; 6.044 ;
; SW[0]      ; HEX1[1]     ; 6.016 ; 6.016 ; 6.016 ; 6.016 ;
; SW[0]      ; HEX1[2]     ; 5.751 ; 5.751 ; 5.751 ; 5.751 ;
; SW[0]      ; HEX1[3]     ; 5.783 ; 5.783 ; 5.783 ; 5.783 ;
; SW[0]      ; HEX1[4]     ; 5.788 ; 5.788 ; 5.788 ; 5.788 ;
; SW[0]      ; HEX1[5]     ; 5.925 ; 5.925 ; 5.925 ; 5.925 ;
; SW[0]      ; HEX1[6]     ; 5.837 ; 5.837 ; 5.837 ; 5.837 ;
; SW[0]      ; HEX2[6]     ; 5.397 ; 5.397 ; 5.397 ; 5.397 ;
; SW[1]      ; HEX0[0]     ; 4.462 ; 4.462 ; 4.462 ; 4.462 ;
; SW[1]      ; HEX0[1]     ; 4.309 ; 4.309 ; 4.309 ; 4.309 ;
; SW[1]      ; HEX0[2]     ; 4.323 ; 4.323 ; 4.323 ; 4.323 ;
; SW[1]      ; HEX0[3]     ; 4.449 ; 4.449 ; 4.449 ; 4.449 ;
; SW[1]      ; HEX0[4]     ; 4.325 ; 4.325 ; 4.325 ; 4.325 ;
; SW[1]      ; HEX0[5]     ; 4.324 ; 4.324 ; 4.324 ; 4.324 ;
; SW[1]      ; HEX0[6]     ; 4.336 ; 4.336 ; 4.336 ; 4.336 ;
; SW[1]      ; HEX1[0]     ; 5.313 ; 5.313 ; 5.313 ; 5.313 ;
; SW[1]      ; HEX1[1]     ; 5.284 ; 5.284 ; 5.284 ; 5.284 ;
; SW[1]      ; HEX1[2]     ; 5.013 ; 5.013 ; 5.013 ; 5.013 ;
; SW[1]      ; HEX1[3]     ; 5.040 ; 5.040 ; 5.040 ; 5.040 ;
; SW[1]      ; HEX1[4]     ; 5.066 ; 5.066 ; 5.066 ; 5.066 ;
; SW[1]      ; HEX1[5]     ; 5.182 ; 5.182 ; 5.182 ; 5.182 ;
; SW[1]      ; HEX1[6]     ; 5.101 ; 5.101 ; 5.101 ; 5.101 ;
; SW[1]      ; HEX2[6]     ; 5.342 ; 5.342 ; 5.342 ; 5.342 ;
; SW[2]      ; HEX0[0]     ; 5.423 ; 5.423 ; 5.423 ; 5.423 ;
; SW[2]      ; HEX0[1]     ; 5.416 ; 5.416 ; 5.416 ; 5.416 ;
; SW[2]      ; HEX0[2]     ; 5.401 ; 5.401 ; 5.401 ; 5.401 ;
; SW[2]      ; HEX0[3]     ; 5.412 ; 5.412 ; 5.412 ; 5.412 ;
; SW[2]      ; HEX0[4]     ; 5.409 ; 5.409 ; 5.409 ; 5.409 ;
; SW[2]      ; HEX0[5]     ; 5.290 ; 5.290 ; 5.290 ; 5.290 ;
; SW[2]      ; HEX0[6]     ; 5.296 ; 5.296 ; 5.296 ; 5.296 ;
; SW[2]      ; HEX1[0]     ; 5.736 ; 5.736 ; 5.736 ; 5.736 ;
; SW[2]      ; HEX1[1]     ; 5.708 ; 5.708 ; 5.708 ; 5.708 ;
; SW[2]      ; HEX1[2]     ; 5.443 ; 5.443 ; 5.443 ; 5.443 ;
; SW[2]      ; HEX1[3]     ; 5.475 ; 5.475 ; 5.475 ; 5.475 ;
; SW[2]      ; HEX1[4]     ; 5.480 ; 5.480 ; 5.480 ; 5.480 ;
; SW[2]      ; HEX1[5]     ; 5.617 ; 5.617 ; 5.617 ; 5.617 ;
; SW[2]      ; HEX1[6]     ; 5.529 ; 5.529 ; 5.529 ; 5.529 ;
; SW[2]      ; HEX2[6]     ; 4.738 ; 4.738 ; 4.738 ; 4.738 ;
; SW[3]      ; HEX0[0]     ; 4.753 ; 4.753 ; 4.753 ; 4.753 ;
; SW[3]      ; HEX0[1]     ; 4.676 ; 4.676 ; 4.676 ; 4.676 ;
; SW[3]      ; HEX0[2]     ; 4.690 ; 4.690 ; 4.690 ; 4.690 ;
; SW[3]      ; HEX0[3]     ; 4.742 ; 4.742 ; 4.742 ; 4.742 ;
; SW[3]      ; HEX0[4]     ; 4.692 ; 4.692 ; 4.692 ; 4.692 ;
; SW[3]      ; HEX0[5]     ; 4.620 ; 4.620 ; 4.620 ; 4.620 ;
; SW[3]      ; HEX0[6]     ; 4.626 ; 4.626 ; 4.626 ; 4.626 ;
; SW[3]      ; HEX1[0]     ; 4.945 ; 4.945 ; 4.945 ; 4.945 ;
; SW[3]      ; HEX1[1]     ; 4.917 ; 4.952 ; 4.952 ; 4.917 ;
; SW[3]      ; HEX1[2]     ; 4.687 ; 4.652 ; 4.652 ; 4.687 ;
; SW[3]      ; HEX1[3]     ; 4.684 ; 4.684 ; 4.684 ; 4.684 ;
; SW[3]      ; HEX1[4]     ; 4.689 ; 4.724 ; 4.724 ; 4.689 ;
; SW[3]      ; HEX1[5]     ; 4.861 ; 4.826 ; 4.826 ; 4.861 ;
; SW[3]      ; HEX1[6]     ; 4.738 ; 4.738 ; 4.738 ; 4.738 ;
; SW[3]      ; HEX2[6]     ;       ; 3.955 ; 3.955 ;       ;
; SW[10]     ; HEX0[0]     ; 5.106 ; 5.106 ; 5.106 ; 5.106 ;
; SW[10]     ; HEX0[1]     ; 4.953 ; 4.953 ; 4.953 ; 4.953 ;
; SW[10]     ; HEX0[2]     ; 4.967 ; 4.967 ; 4.967 ; 4.967 ;
; SW[10]     ; HEX0[3]     ; 5.093 ; 5.093 ; 5.093 ; 5.093 ;
; SW[10]     ; HEX0[4]     ; 4.969 ; 4.969 ; 4.969 ; 4.969 ;
; SW[10]     ; HEX0[5]     ; 4.968 ; 4.968 ; 4.968 ; 4.968 ;
; SW[10]     ; HEX0[6]     ; 4.980 ; 4.980 ; 4.980 ; 4.980 ;
; SW[10]     ; HEX1[0]     ; 5.599 ; 5.599 ; 5.599 ; 5.599 ;
; SW[10]     ; HEX1[1]     ; 5.571 ; 5.571 ; 5.571 ; 5.571 ;
; SW[10]     ; HEX1[2]     ; 5.306 ; 5.306 ; 5.306 ; 5.306 ;
; SW[10]     ; HEX1[3]     ; 5.338 ; 5.338 ; 5.338 ; 5.338 ;
; SW[10]     ; HEX1[4]     ; 5.343 ; 5.343 ; 5.343 ; 5.343 ;
; SW[10]     ; HEX1[5]     ; 5.480 ; 5.480 ; 5.480 ; 5.480 ;
; SW[10]     ; HEX1[6]     ; 5.392 ; 5.392 ; 5.392 ; 5.392 ;
; SW[10]     ; HEX2[6]     ; 4.848 ; 4.624 ; 4.624 ; 4.848 ;
; SW[14]     ; HEX0[0]     ; 6.257 ; 6.257 ; 6.257 ; 6.257 ;
; SW[14]     ; HEX0[1]     ; 6.049 ; 6.049 ; 6.049 ; 6.049 ;
; SW[14]     ; HEX0[2]     ; 6.055 ; 6.055 ; 6.055 ; 6.055 ;
; SW[14]     ; HEX0[3]     ; 6.246 ; 6.246 ; 6.246 ; 6.246 ;
; SW[14]     ; HEX0[4]     ; 6.071 ; 6.071 ; 6.071 ; 6.071 ;
; SW[14]     ; HEX0[5]     ; 6.122 ; 6.122 ; 6.122 ; 6.122 ;
; SW[14]     ; HEX0[6]     ; 6.132 ; 6.132 ; 6.132 ; 6.132 ;
; SW[14]     ; HEX1[0]     ; 8.405 ; 8.405 ; 8.405 ; 8.405 ;
; SW[14]     ; HEX1[1]     ; 8.377 ; 8.377 ; 8.377 ; 8.377 ;
; SW[14]     ; HEX1[2]     ; 8.112 ; 8.112 ; 8.112 ; 8.112 ;
; SW[14]     ; HEX1[3]     ; 8.144 ; 8.144 ; 8.144 ; 8.144 ;
; SW[14]     ; HEX1[4]     ; 8.149 ; 8.149 ; 8.149 ; 8.149 ;
; SW[14]     ; HEX1[5]     ; 8.286 ; 8.286 ; 8.286 ; 8.286 ;
; SW[14]     ; HEX1[6]     ; 8.198 ; 8.198 ; 8.198 ; 8.198 ;
; SW[14]     ; HEX2[6]     ; 7.763 ; 7.884 ; 7.884 ; 7.763 ;
; SW[15]     ; HEX0[0]     ; 6.786 ; 6.786 ; 6.786 ; 6.786 ;
; SW[15]     ; HEX0[1]     ; 6.633 ; 6.633 ; 6.633 ; 6.633 ;
; SW[15]     ; HEX0[2]     ; 6.647 ; 6.647 ; 6.647 ; 6.647 ;
; SW[15]     ; HEX0[3]     ; 6.773 ; 6.773 ; 6.773 ; 6.773 ;
; SW[15]     ; HEX0[4]     ; 6.649 ; 6.649 ; 6.649 ; 6.649 ;
; SW[15]     ; HEX0[5]     ; 6.648 ; 6.648 ; 6.648 ; 6.648 ;
; SW[15]     ; HEX0[6]     ; 6.660 ; 6.660 ; 6.660 ; 6.660 ;
; SW[15]     ; HEX1[0]     ; 7.526 ; 7.526 ; 7.526 ; 7.526 ;
; SW[15]     ; HEX1[1]     ; 7.497 ; 7.497 ; 7.497 ; 7.497 ;
; SW[15]     ; HEX1[2]     ; 7.226 ; 7.226 ; 7.226 ; 7.226 ;
; SW[15]     ; HEX1[3]     ; 7.253 ; 7.253 ; 7.253 ; 7.253 ;
; SW[15]     ; HEX1[4]     ; 7.279 ; 7.279 ; 7.279 ; 7.279 ;
; SW[15]     ; HEX1[5]     ; 7.395 ; 7.395 ; 7.395 ; 7.395 ;
; SW[15]     ; HEX1[6]     ; 7.314 ; 7.314 ; 7.314 ; 7.314 ;
; SW[15]     ; HEX2[6]     ; 7.634 ;       ;       ; 7.634 ;
; SW[16]     ; HEX0[0]     ; 7.820 ; 7.820 ; 7.820 ; 7.820 ;
; SW[16]     ; HEX0[1]     ; 7.754 ; 7.754 ; 7.754 ; 7.754 ;
; SW[16]     ; HEX0[2]     ; 7.768 ; 7.768 ; 7.768 ; 7.768 ;
; SW[16]     ; HEX0[3]     ; 7.811 ; 7.811 ; 7.811 ; 7.811 ;
; SW[16]     ; HEX0[4]     ; 7.770 ; 7.770 ; 7.770 ; 7.770 ;
; SW[16]     ; HEX0[5]     ; 7.688 ; 7.688 ; 7.688 ; 7.688 ;
; SW[16]     ; HEX0[6]     ; 7.695 ; 7.695 ; 7.695 ; 7.695 ;
; SW[16]     ; HEX1[0]     ; 8.023 ; 8.023 ; 8.023 ; 8.023 ;
; SW[16]     ; HEX1[1]     ; 7.995 ; 8.030 ; 8.030 ; 7.995 ;
; SW[16]     ; HEX1[2]     ; 7.765 ; 7.730 ; 7.730 ; 7.765 ;
; SW[16]     ; HEX1[3]     ; 7.762 ; 7.762 ; 7.762 ; 7.762 ;
; SW[16]     ; HEX1[4]     ; 7.767 ; 7.802 ; 7.802 ; 7.767 ;
; SW[16]     ; HEX1[5]     ; 7.939 ; 7.904 ; 7.904 ; 7.939 ;
; SW[16]     ; HEX1[6]     ; 7.816 ; 7.816 ; 7.816 ; 7.816 ;
; SW[16]     ; HEX2[6]     ; 7.025 ;       ;       ; 7.025 ;
; SW[17]     ; HEX0[0]     ; 7.622 ; 7.622 ; 7.622 ; 7.622 ;
; SW[17]     ; HEX0[1]     ; 7.545 ; 7.545 ; 7.545 ; 7.545 ;
; SW[17]     ; HEX0[2]     ; 7.559 ; 7.559 ; 7.559 ; 7.559 ;
; SW[17]     ; HEX0[3]     ; 7.611 ; 7.611 ; 7.611 ; 7.611 ;
; SW[17]     ; HEX0[4]     ; 7.561 ; 7.561 ; 7.561 ; 7.561 ;
; SW[17]     ; HEX0[5]     ; 7.489 ; 7.489 ; 7.489 ; 7.489 ;
; SW[17]     ; HEX0[6]     ; 7.495 ; 7.495 ; 7.495 ; 7.495 ;
; SW[17]     ; HEX1[0]     ; 7.813 ; 7.813 ; 7.813 ; 7.813 ;
; SW[17]     ; HEX1[1]     ; 7.785 ; 7.820 ; 7.820 ; 7.785 ;
; SW[17]     ; HEX1[2]     ; 7.555 ; 7.520 ; 7.520 ; 7.555 ;
; SW[17]     ; HEX1[3]     ; 7.552 ; 7.552 ; 7.552 ; 7.552 ;
; SW[17]     ; HEX1[4]     ; 7.557 ; 7.592 ; 7.592 ; 7.557 ;
; SW[17]     ; HEX1[5]     ; 7.729 ; 7.694 ; 7.694 ; 7.729 ;
; SW[17]     ; HEX1[6]     ; 7.606 ; 7.606 ; 7.606 ; 7.606 ;
; SW[17]     ; HEX2[6]     ; 6.818 ;       ;       ; 6.818 ;
+------------+-------------+-------+-------+-------+-------+


+----------------------------------------------------------------------------+
; Multicorner Timing Analysis Summary                                        ;
+------------------+-------+------+----------+---------+---------------------+
; Clock            ; Setup ; Hold ; Recovery ; Removal ; Minimum Pulse Width ;
+------------------+-------+------+----------+---------+---------------------+
; Worst-case Slack ; N/A   ; N/A  ; N/A      ; N/A     ; N/A                 ;
; Design-wide TNS  ; 0.0   ; 0.0  ; 0.0      ; 0.0     ; 0.0                 ;
+------------------+-------+------+----------+---------+---------------------+


+--------------------------------------------------------------+
; Progagation Delay                                            ;
+------------+-------------+--------+--------+--------+--------+
; Input Port ; Output Port ; RR     ; RF     ; FR     ; FF     ;
+------------+-------------+--------+--------+--------+--------+
; SW[0]      ; HEX0[0]     ; 19.786 ; 19.786 ; 19.786 ; 19.786 ;
; SW[0]      ; HEX0[1]     ; 19.756 ; 19.756 ; 19.756 ; 19.756 ;
; SW[0]      ; HEX0[2]     ; 19.767 ; 19.767 ; 19.767 ; 19.767 ;
; SW[0]      ; HEX0[3]     ; 19.780 ; 19.780 ; 19.780 ; 19.780 ;
; SW[0]      ; HEX0[4]     ; 19.774 ; 19.774 ; 19.774 ; 19.774 ;
; SW[0]      ; HEX0[5]     ; 19.526 ; 19.526 ; 19.526 ; 19.526 ;
; SW[0]      ; HEX0[6]     ; 19.547 ; 19.547 ; 19.547 ; 19.547 ;
; SW[0]      ; HEX1[0]     ; 19.373 ; 19.373 ; 19.373 ; 19.373 ;
; SW[0]      ; HEX1[1]     ; 19.280 ; 19.280 ; 19.280 ; 19.280 ;
; SW[0]      ; HEX1[2]     ; 18.854 ; 18.854 ; 18.854 ; 18.854 ;
; SW[0]      ; HEX1[3]     ; 18.893 ; 18.893 ; 18.893 ; 18.893 ;
; SW[0]      ; HEX1[4]     ; 18.895 ; 18.895 ; 18.895 ; 18.895 ;
; SW[0]      ; HEX1[5]     ; 19.196 ; 19.196 ; 19.196 ; 19.196 ;
; SW[0]      ; HEX1[6]     ; 18.946 ; 18.946 ; 18.946 ; 18.946 ;
; SW[0]      ; HEX2[6]     ; 11.153 ; 11.153 ; 11.153 ; 11.153 ;
; SW[1]      ; HEX0[0]     ; 19.470 ; 19.470 ; 19.470 ; 19.470 ;
; SW[1]      ; HEX0[1]     ; 19.440 ; 19.440 ; 19.440 ; 19.440 ;
; SW[1]      ; HEX0[2]     ; 19.451 ; 19.451 ; 19.451 ; 19.451 ;
; SW[1]      ; HEX0[3]     ; 19.464 ; 19.464 ; 19.464 ; 19.464 ;
; SW[1]      ; HEX0[4]     ; 19.458 ; 19.458 ; 19.458 ; 19.458 ;
; SW[1]      ; HEX0[5]     ; 19.210 ; 19.210 ; 19.210 ; 19.210 ;
; SW[1]      ; HEX0[6]     ; 19.231 ; 19.231 ; 19.231 ; 19.231 ;
; SW[1]      ; HEX1[0]     ; 19.057 ; 19.057 ; 19.057 ; 19.057 ;
; SW[1]      ; HEX1[1]     ; 18.964 ; 18.964 ; 18.964 ; 18.964 ;
; SW[1]      ; HEX1[2]     ; 18.538 ; 18.538 ; 18.538 ; 18.538 ;
; SW[1]      ; HEX1[3]     ; 18.577 ; 18.577 ; 18.577 ; 18.577 ;
; SW[1]      ; HEX1[4]     ; 18.579 ; 18.579 ; 18.579 ; 18.579 ;
; SW[1]      ; HEX1[5]     ; 18.880 ; 18.880 ; 18.880 ; 18.880 ;
; SW[1]      ; HEX1[6]     ; 18.630 ; 18.630 ; 18.630 ; 18.630 ;
; SW[1]      ; HEX2[6]     ; 10.837 ; 10.837 ; 10.837 ; 10.837 ;
; SW[2]      ; HEX0[0]     ; 18.063 ; 18.063 ; 18.063 ; 18.063 ;
; SW[2]      ; HEX0[1]     ; 18.033 ; 18.033 ; 18.033 ; 18.033 ;
; SW[2]      ; HEX0[2]     ; 18.044 ; 18.044 ; 18.044 ; 18.044 ;
; SW[2]      ; HEX0[3]     ; 18.057 ; 18.057 ; 18.057 ; 18.057 ;
; SW[2]      ; HEX0[4]     ; 18.051 ; 18.051 ; 18.051 ; 18.051 ;
; SW[2]      ; HEX0[5]     ; 17.803 ; 17.803 ; 17.803 ; 17.803 ;
; SW[2]      ; HEX0[6]     ; 17.824 ; 17.824 ; 17.824 ; 17.824 ;
; SW[2]      ; HEX1[0]     ; 17.650 ; 17.650 ; 17.650 ; 17.650 ;
; SW[2]      ; HEX1[1]     ; 17.557 ; 17.557 ; 17.557 ; 17.557 ;
; SW[2]      ; HEX1[2]     ; 17.131 ; 17.131 ; 17.131 ; 17.131 ;
; SW[2]      ; HEX1[3]     ; 17.170 ; 17.170 ; 17.170 ; 17.170 ;
; SW[2]      ; HEX1[4]     ; 17.172 ; 17.172 ; 17.172 ; 17.172 ;
; SW[2]      ; HEX1[5]     ; 17.473 ; 17.473 ; 17.473 ; 17.473 ;
; SW[2]      ; HEX1[6]     ; 17.223 ; 17.223 ; 17.223 ; 17.223 ;
; SW[2]      ; HEX2[6]     ; 9.430  ; 9.430  ; 9.430  ; 9.430  ;
; SW[3]      ; HEX0[0]     ; 16.518 ; 16.518 ; 16.518 ; 16.518 ;
; SW[3]      ; HEX0[1]     ; 16.488 ; 16.488 ; 16.488 ; 16.488 ;
; SW[3]      ; HEX0[2]     ; 16.499 ; 16.499 ; 16.499 ; 16.499 ;
; SW[3]      ; HEX0[3]     ; 16.512 ; 16.512 ; 16.512 ; 16.512 ;
; SW[3]      ; HEX0[4]     ; 16.506 ; 16.506 ; 16.506 ; 16.506 ;
; SW[3]      ; HEX0[5]     ; 16.258 ; 16.258 ; 16.258 ; 16.258 ;
; SW[3]      ; HEX0[6]     ; 16.279 ; 16.279 ; 16.279 ; 16.279 ;
; SW[3]      ; HEX1[0]     ; 16.105 ; 16.105 ; 16.105 ; 16.105 ;
; SW[3]      ; HEX1[1]     ; 16.012 ; 16.012 ; 16.012 ; 16.012 ;
; SW[3]      ; HEX1[2]     ; 15.586 ; 15.586 ; 15.586 ; 15.586 ;
; SW[3]      ; HEX1[3]     ; 15.625 ; 15.625 ; 15.625 ; 15.625 ;
; SW[3]      ; HEX1[4]     ; 15.627 ; 15.627 ; 15.627 ; 15.627 ;
; SW[3]      ; HEX1[5]     ; 15.928 ; 15.928 ; 15.928 ; 15.928 ;
; SW[3]      ; HEX1[6]     ; 15.678 ; 15.678 ; 15.678 ; 15.678 ;
; SW[3]      ; HEX2[6]     ;        ; 7.819  ; 7.819  ;        ;
; SW[10]     ; HEX0[0]     ; 19.487 ; 19.487 ; 19.487 ; 19.487 ;
; SW[10]     ; HEX0[1]     ; 19.457 ; 19.457 ; 19.457 ; 19.457 ;
; SW[10]     ; HEX0[2]     ; 19.468 ; 19.468 ; 19.468 ; 19.468 ;
; SW[10]     ; HEX0[3]     ; 19.481 ; 19.481 ; 19.481 ; 19.481 ;
; SW[10]     ; HEX0[4]     ; 19.475 ; 19.475 ; 19.475 ; 19.475 ;
; SW[10]     ; HEX0[5]     ; 19.227 ; 19.227 ; 19.227 ; 19.227 ;
; SW[10]     ; HEX0[6]     ; 19.248 ; 19.248 ; 19.248 ; 19.248 ;
; SW[10]     ; HEX1[0]     ; 19.074 ; 19.074 ; 19.074 ; 19.074 ;
; SW[10]     ; HEX1[1]     ; 18.981 ; 18.981 ; 18.981 ; 18.981 ;
; SW[10]     ; HEX1[2]     ; 18.555 ; 18.555 ; 18.555 ; 18.555 ;
; SW[10]     ; HEX1[3]     ; 18.594 ; 18.594 ; 18.594 ; 18.594 ;
; SW[10]     ; HEX1[4]     ; 18.596 ; 18.596 ; 18.596 ; 18.596 ;
; SW[10]     ; HEX1[5]     ; 18.897 ; 18.897 ; 18.897 ; 18.897 ;
; SW[10]     ; HEX1[6]     ; 18.647 ; 18.647 ; 18.647 ; 18.647 ;
; SW[10]     ; HEX2[6]     ; 10.854 ; 10.710 ; 10.710 ; 10.854 ;
; SW[14]     ; HEX0[0]     ; 23.627 ; 23.627 ; 23.627 ; 23.627 ;
; SW[14]     ; HEX0[1]     ; 23.597 ; 23.597 ; 23.597 ; 23.597 ;
; SW[14]     ; HEX0[2]     ; 23.608 ; 23.608 ; 23.608 ; 23.608 ;
; SW[14]     ; HEX0[3]     ; 23.621 ; 23.621 ; 23.621 ; 23.621 ;
; SW[14]     ; HEX0[4]     ; 23.615 ; 23.615 ; 23.615 ; 23.615 ;
; SW[14]     ; HEX0[5]     ; 23.367 ; 23.367 ; 23.367 ; 23.367 ;
; SW[14]     ; HEX0[6]     ; 23.388 ; 23.388 ; 23.388 ; 23.388 ;
; SW[14]     ; HEX1[0]     ; 23.214 ; 23.214 ; 23.214 ; 23.214 ;
; SW[14]     ; HEX1[1]     ; 23.121 ; 23.121 ; 23.121 ; 23.121 ;
; SW[14]     ; HEX1[2]     ; 22.695 ; 22.695 ; 22.695 ; 22.695 ;
; SW[14]     ; HEX1[3]     ; 22.734 ; 22.734 ; 22.734 ; 22.734 ;
; SW[14]     ; HEX1[4]     ; 22.736 ; 22.736 ; 22.736 ; 22.736 ;
; SW[14]     ; HEX1[5]     ; 23.037 ; 23.037 ; 23.037 ; 23.037 ;
; SW[14]     ; HEX1[6]     ; 22.787 ; 22.787 ; 22.787 ; 22.787 ;
; SW[14]     ; HEX2[6]     ; 14.994 ; 14.994 ; 14.994 ; 14.994 ;
; SW[15]     ; HEX0[0]     ; 23.171 ; 23.171 ; 23.171 ; 23.171 ;
; SW[15]     ; HEX0[1]     ; 23.141 ; 23.141 ; 23.141 ; 23.141 ;
; SW[15]     ; HEX0[2]     ; 23.152 ; 23.152 ; 23.152 ; 23.152 ;
; SW[15]     ; HEX0[3]     ; 23.165 ; 23.165 ; 23.165 ; 23.165 ;
; SW[15]     ; HEX0[4]     ; 23.159 ; 23.159 ; 23.159 ; 23.159 ;
; SW[15]     ; HEX0[5]     ; 22.911 ; 22.911 ; 22.911 ; 22.911 ;
; SW[15]     ; HEX0[6]     ; 22.932 ; 22.932 ; 22.932 ; 22.932 ;
; SW[15]     ; HEX1[0]     ; 22.758 ; 22.758 ; 22.758 ; 22.758 ;
; SW[15]     ; HEX1[1]     ; 22.665 ; 22.665 ; 22.665 ; 22.665 ;
; SW[15]     ; HEX1[2]     ; 22.239 ; 22.239 ; 22.239 ; 22.239 ;
; SW[15]     ; HEX1[3]     ; 22.278 ; 22.278 ; 22.278 ; 22.278 ;
; SW[15]     ; HEX1[4]     ; 22.280 ; 22.280 ; 22.280 ; 22.280 ;
; SW[15]     ; HEX1[5]     ; 22.581 ; 22.581 ; 22.581 ; 22.581 ;
; SW[15]     ; HEX1[6]     ; 22.331 ; 22.331 ; 22.331 ; 22.331 ;
; SW[15]     ; HEX2[6]     ; 14.538 ;        ;        ; 14.538 ;
; SW[16]     ; HEX0[0]     ; 21.724 ; 21.724 ; 21.724 ; 21.724 ;
; SW[16]     ; HEX0[1]     ; 21.694 ; 21.694 ; 21.694 ; 21.694 ;
; SW[16]     ; HEX0[2]     ; 21.705 ; 21.705 ; 21.705 ; 21.705 ;
; SW[16]     ; HEX0[3]     ; 21.718 ; 21.718 ; 21.718 ; 21.718 ;
; SW[16]     ; HEX0[4]     ; 21.712 ; 21.712 ; 21.712 ; 21.712 ;
; SW[16]     ; HEX0[5]     ; 21.464 ; 21.464 ; 21.464 ; 21.464 ;
; SW[16]     ; HEX0[6]     ; 21.485 ; 21.485 ; 21.485 ; 21.485 ;
; SW[16]     ; HEX1[0]     ; 21.311 ; 21.311 ; 21.311 ; 21.311 ;
; SW[16]     ; HEX1[1]     ; 21.218 ; 21.218 ; 21.218 ; 21.218 ;
; SW[16]     ; HEX1[2]     ; 20.792 ; 20.792 ; 20.792 ; 20.792 ;
; SW[16]     ; HEX1[3]     ; 20.831 ; 20.831 ; 20.831 ; 20.831 ;
; SW[16]     ; HEX1[4]     ; 20.833 ; 20.833 ; 20.833 ; 20.833 ;
; SW[16]     ; HEX1[5]     ; 21.134 ; 21.134 ; 21.134 ; 21.134 ;
; SW[16]     ; HEX1[6]     ; 20.884 ; 20.884 ; 20.884 ; 20.884 ;
; SW[16]     ; HEX2[6]     ; 13.091 ;        ;        ; 13.091 ;
; SW[17]     ; HEX0[0]     ; 21.282 ; 21.282 ; 21.282 ; 21.282 ;
; SW[17]     ; HEX0[1]     ; 21.252 ; 21.252 ; 21.252 ; 21.252 ;
; SW[17]     ; HEX0[2]     ; 21.263 ; 21.263 ; 21.263 ; 21.263 ;
; SW[17]     ; HEX0[3]     ; 21.276 ; 21.276 ; 21.276 ; 21.276 ;
; SW[17]     ; HEX0[4]     ; 21.270 ; 21.270 ; 21.270 ; 21.270 ;
; SW[17]     ; HEX0[5]     ; 21.022 ; 21.022 ; 21.022 ; 21.022 ;
; SW[17]     ; HEX0[6]     ; 21.043 ; 21.043 ; 21.043 ; 21.043 ;
; SW[17]     ; HEX1[0]     ; 20.869 ; 20.869 ; 20.869 ; 20.869 ;
; SW[17]     ; HEX1[1]     ; 20.776 ; 20.776 ; 20.776 ; 20.776 ;
; SW[17]     ; HEX1[2]     ; 20.350 ; 20.350 ; 20.350 ; 20.350 ;
; SW[17]     ; HEX1[3]     ; 20.389 ; 20.389 ; 20.389 ; 20.389 ;
; SW[17]     ; HEX1[4]     ; 20.391 ; 20.391 ; 20.391 ; 20.391 ;
; SW[17]     ; HEX1[5]     ; 20.692 ; 20.692 ; 20.692 ; 20.692 ;
; SW[17]     ; HEX1[6]     ; 20.442 ; 20.442 ; 20.442 ; 20.442 ;
; SW[17]     ; HEX2[6]     ; 12.583 ;        ;        ; 12.583 ;
+------------+-------------+--------+--------+--------+--------+


+----------------------------------------------------------+
; Minimum Progagation Delay                                ;
+------------+-------------+-------+-------+-------+-------+
; Input Port ; Output Port ; RR    ; RF    ; FR    ; FF    ;
+------------+-------------+-------+-------+-------+-------+
; SW[0]      ; HEX0[0]     ; 3.954 ; 3.954 ; 3.954 ; 3.954 ;
; SW[0]      ; HEX0[1]     ; 3.875 ; 3.875 ; 3.875 ; 3.875 ;
; SW[0]      ; HEX0[2]     ; 3.885 ; 3.885 ; 3.885 ; 3.885 ;
; SW[0]      ; HEX0[3]     ; 3.943 ; 3.943 ; 3.943 ; 3.943 ;
; SW[0]      ; HEX0[4]     ; 3.893 ; 3.893 ; 3.893 ; 3.893 ;
; SW[0]      ; HEX0[5]     ; 3.819 ; 3.819 ; 3.819 ; 3.819 ;
; SW[0]      ; HEX0[6]     ; 3.829 ; 3.829 ; 3.829 ; 3.829 ;
; SW[0]      ; HEX1[0]     ; 6.044 ; 6.044 ; 6.044 ; 6.044 ;
; SW[0]      ; HEX1[1]     ; 6.016 ; 6.016 ; 6.016 ; 6.016 ;
; SW[0]      ; HEX1[2]     ; 5.751 ; 5.751 ; 5.751 ; 5.751 ;
; SW[0]      ; HEX1[3]     ; 5.783 ; 5.783 ; 5.783 ; 5.783 ;
; SW[0]      ; HEX1[4]     ; 5.788 ; 5.788 ; 5.788 ; 5.788 ;
; SW[0]      ; HEX1[5]     ; 5.925 ; 5.925 ; 5.925 ; 5.925 ;
; SW[0]      ; HEX1[6]     ; 5.837 ; 5.837 ; 5.837 ; 5.837 ;
; SW[0]      ; HEX2[6]     ; 5.397 ; 5.397 ; 5.397 ; 5.397 ;
; SW[1]      ; HEX0[0]     ; 4.462 ; 4.462 ; 4.462 ; 4.462 ;
; SW[1]      ; HEX0[1]     ; 4.309 ; 4.309 ; 4.309 ; 4.309 ;
; SW[1]      ; HEX0[2]     ; 4.323 ; 4.323 ; 4.323 ; 4.323 ;
; SW[1]      ; HEX0[3]     ; 4.449 ; 4.449 ; 4.449 ; 4.449 ;
; SW[1]      ; HEX0[4]     ; 4.325 ; 4.325 ; 4.325 ; 4.325 ;
; SW[1]      ; HEX0[5]     ; 4.324 ; 4.324 ; 4.324 ; 4.324 ;
; SW[1]      ; HEX0[6]     ; 4.336 ; 4.336 ; 4.336 ; 4.336 ;
; SW[1]      ; HEX1[0]     ; 5.313 ; 5.313 ; 5.313 ; 5.313 ;
; SW[1]      ; HEX1[1]     ; 5.284 ; 5.284 ; 5.284 ; 5.284 ;
; SW[1]      ; HEX1[2]     ; 5.013 ; 5.013 ; 5.013 ; 5.013 ;
; SW[1]      ; HEX1[3]     ; 5.040 ; 5.040 ; 5.040 ; 5.040 ;
; SW[1]      ; HEX1[4]     ; 5.066 ; 5.066 ; 5.066 ; 5.066 ;
; SW[1]      ; HEX1[5]     ; 5.182 ; 5.182 ; 5.182 ; 5.182 ;
; SW[1]      ; HEX1[6]     ; 5.101 ; 5.101 ; 5.101 ; 5.101 ;
; SW[1]      ; HEX2[6]     ; 5.342 ; 5.342 ; 5.342 ; 5.342 ;
; SW[2]      ; HEX0[0]     ; 5.423 ; 5.423 ; 5.423 ; 5.423 ;
; SW[2]      ; HEX0[1]     ; 5.416 ; 5.416 ; 5.416 ; 5.416 ;
; SW[2]      ; HEX0[2]     ; 5.401 ; 5.401 ; 5.401 ; 5.401 ;
; SW[2]      ; HEX0[3]     ; 5.412 ; 5.412 ; 5.412 ; 5.412 ;
; SW[2]      ; HEX0[4]     ; 5.409 ; 5.409 ; 5.409 ; 5.409 ;
; SW[2]      ; HEX0[5]     ; 5.290 ; 5.290 ; 5.290 ; 5.290 ;
; SW[2]      ; HEX0[6]     ; 5.296 ; 5.296 ; 5.296 ; 5.296 ;
; SW[2]      ; HEX1[0]     ; 5.736 ; 5.736 ; 5.736 ; 5.736 ;
; SW[2]      ; HEX1[1]     ; 5.708 ; 5.708 ; 5.708 ; 5.708 ;
; SW[2]      ; HEX1[2]     ; 5.443 ; 5.443 ; 5.443 ; 5.443 ;
; SW[2]      ; HEX1[3]     ; 5.475 ; 5.475 ; 5.475 ; 5.475 ;
; SW[2]      ; HEX1[4]     ; 5.480 ; 5.480 ; 5.480 ; 5.480 ;
; SW[2]      ; HEX1[5]     ; 5.617 ; 5.617 ; 5.617 ; 5.617 ;
; SW[2]      ; HEX1[6]     ; 5.529 ; 5.529 ; 5.529 ; 5.529 ;
; SW[2]      ; HEX2[6]     ; 4.738 ; 4.738 ; 4.738 ; 4.738 ;
; SW[3]      ; HEX0[0]     ; 4.753 ; 4.753 ; 4.753 ; 4.753 ;
; SW[3]      ; HEX0[1]     ; 4.676 ; 4.676 ; 4.676 ; 4.676 ;
; SW[3]      ; HEX0[2]     ; 4.690 ; 4.690 ; 4.690 ; 4.690 ;
; SW[3]      ; HEX0[3]     ; 4.742 ; 4.742 ; 4.742 ; 4.742 ;
; SW[3]      ; HEX0[4]     ; 4.692 ; 4.692 ; 4.692 ; 4.692 ;
; SW[3]      ; HEX0[5]     ; 4.620 ; 4.620 ; 4.620 ; 4.620 ;
; SW[3]      ; HEX0[6]     ; 4.626 ; 4.626 ; 4.626 ; 4.626 ;
; SW[3]      ; HEX1[0]     ; 4.945 ; 4.945 ; 4.945 ; 4.945 ;
; SW[3]      ; HEX1[1]     ; 4.917 ; 4.952 ; 4.952 ; 4.917 ;
; SW[3]      ; HEX1[2]     ; 4.687 ; 4.652 ; 4.652 ; 4.687 ;
; SW[3]      ; HEX1[3]     ; 4.684 ; 4.684 ; 4.684 ; 4.684 ;
; SW[3]      ; HEX1[4]     ; 4.689 ; 4.724 ; 4.724 ; 4.689 ;
; SW[3]      ; HEX1[5]     ; 4.861 ; 4.826 ; 4.826 ; 4.861 ;
; SW[3]      ; HEX1[6]     ; 4.738 ; 4.738 ; 4.738 ; 4.738 ;
; SW[3]      ; HEX2[6]     ;       ; 3.955 ; 3.955 ;       ;
; SW[10]     ; HEX0[0]     ; 5.106 ; 5.106 ; 5.106 ; 5.106 ;
; SW[10]     ; HEX0[1]     ; 4.953 ; 4.953 ; 4.953 ; 4.953 ;
; SW[10]     ; HEX0[2]     ; 4.967 ; 4.967 ; 4.967 ; 4.967 ;
; SW[10]     ; HEX0[3]     ; 5.093 ; 5.093 ; 5.093 ; 5.093 ;
; SW[10]     ; HEX0[4]     ; 4.969 ; 4.969 ; 4.969 ; 4.969 ;
; SW[10]     ; HEX0[5]     ; 4.968 ; 4.968 ; 4.968 ; 4.968 ;
; SW[10]     ; HEX0[6]     ; 4.980 ; 4.980 ; 4.980 ; 4.980 ;
; SW[10]     ; HEX1[0]     ; 5.599 ; 5.599 ; 5.599 ; 5.599 ;
; SW[10]     ; HEX1[1]     ; 5.571 ; 5.571 ; 5.571 ; 5.571 ;
; SW[10]     ; HEX1[2]     ; 5.306 ; 5.306 ; 5.306 ; 5.306 ;
; SW[10]     ; HEX1[3]     ; 5.338 ; 5.338 ; 5.338 ; 5.338 ;
; SW[10]     ; HEX1[4]     ; 5.343 ; 5.343 ; 5.343 ; 5.343 ;
; SW[10]     ; HEX1[5]     ; 5.480 ; 5.480 ; 5.480 ; 5.480 ;
; SW[10]     ; HEX1[6]     ; 5.392 ; 5.392 ; 5.392 ; 5.392 ;
; SW[10]     ; HEX2[6]     ; 4.848 ; 4.624 ; 4.624 ; 4.848 ;
; SW[14]     ; HEX0[0]     ; 6.257 ; 6.257 ; 6.257 ; 6.257 ;
; SW[14]     ; HEX0[1]     ; 6.049 ; 6.049 ; 6.049 ; 6.049 ;
; SW[14]     ; HEX0[2]     ; 6.055 ; 6.055 ; 6.055 ; 6.055 ;
; SW[14]     ; HEX0[3]     ; 6.246 ; 6.246 ; 6.246 ; 6.246 ;
; SW[14]     ; HEX0[4]     ; 6.071 ; 6.071 ; 6.071 ; 6.071 ;
; SW[14]     ; HEX0[5]     ; 6.122 ; 6.122 ; 6.122 ; 6.122 ;
; SW[14]     ; HEX0[6]     ; 6.132 ; 6.132 ; 6.132 ; 6.132 ;
; SW[14]     ; HEX1[0]     ; 8.405 ; 8.405 ; 8.405 ; 8.405 ;
; SW[14]     ; HEX1[1]     ; 8.377 ; 8.377 ; 8.377 ; 8.377 ;
; SW[14]     ; HEX1[2]     ; 8.112 ; 8.112 ; 8.112 ; 8.112 ;
; SW[14]     ; HEX1[3]     ; 8.144 ; 8.144 ; 8.144 ; 8.144 ;
; SW[14]     ; HEX1[4]     ; 8.149 ; 8.149 ; 8.149 ; 8.149 ;
; SW[14]     ; HEX1[5]     ; 8.286 ; 8.286 ; 8.286 ; 8.286 ;
; SW[14]     ; HEX1[6]     ; 8.198 ; 8.198 ; 8.198 ; 8.198 ;
; SW[14]     ; HEX2[6]     ; 7.763 ; 7.884 ; 7.884 ; 7.763 ;
; SW[15]     ; HEX0[0]     ; 6.786 ; 6.786 ; 6.786 ; 6.786 ;
; SW[15]     ; HEX0[1]     ; 6.633 ; 6.633 ; 6.633 ; 6.633 ;
; SW[15]     ; HEX0[2]     ; 6.647 ; 6.647 ; 6.647 ; 6.647 ;
; SW[15]     ; HEX0[3]     ; 6.773 ; 6.773 ; 6.773 ; 6.773 ;
; SW[15]     ; HEX0[4]     ; 6.649 ; 6.649 ; 6.649 ; 6.649 ;
; SW[15]     ; HEX0[5]     ; 6.648 ; 6.648 ; 6.648 ; 6.648 ;
; SW[15]     ; HEX0[6]     ; 6.660 ; 6.660 ; 6.660 ; 6.660 ;
; SW[15]     ; HEX1[0]     ; 7.526 ; 7.526 ; 7.526 ; 7.526 ;
; SW[15]     ; HEX1[1]     ; 7.497 ; 7.497 ; 7.497 ; 7.497 ;
; SW[15]     ; HEX1[2]     ; 7.226 ; 7.226 ; 7.226 ; 7.226 ;
; SW[15]     ; HEX1[3]     ; 7.253 ; 7.253 ; 7.253 ; 7.253 ;
; SW[15]     ; HEX1[4]     ; 7.279 ; 7.279 ; 7.279 ; 7.279 ;
; SW[15]     ; HEX1[5]     ; 7.395 ; 7.395 ; 7.395 ; 7.395 ;
; SW[15]     ; HEX1[6]     ; 7.314 ; 7.314 ; 7.314 ; 7.314 ;
; SW[15]     ; HEX2[6]     ; 7.634 ;       ;       ; 7.634 ;
; SW[16]     ; HEX0[0]     ; 7.820 ; 7.820 ; 7.820 ; 7.820 ;
; SW[16]     ; HEX0[1]     ; 7.754 ; 7.754 ; 7.754 ; 7.754 ;
; SW[16]     ; HEX0[2]     ; 7.768 ; 7.768 ; 7.768 ; 7.768 ;
; SW[16]     ; HEX0[3]     ; 7.811 ; 7.811 ; 7.811 ; 7.811 ;
; SW[16]     ; HEX0[4]     ; 7.770 ; 7.770 ; 7.770 ; 7.770 ;
; SW[16]     ; HEX0[5]     ; 7.688 ; 7.688 ; 7.688 ; 7.688 ;
; SW[16]     ; HEX0[6]     ; 7.695 ; 7.695 ; 7.695 ; 7.695 ;
; SW[16]     ; HEX1[0]     ; 8.023 ; 8.023 ; 8.023 ; 8.023 ;
; SW[16]     ; HEX1[1]     ; 7.995 ; 8.030 ; 8.030 ; 7.995 ;
; SW[16]     ; HEX1[2]     ; 7.765 ; 7.730 ; 7.730 ; 7.765 ;
; SW[16]     ; HEX1[3]     ; 7.762 ; 7.762 ; 7.762 ; 7.762 ;
; SW[16]     ; HEX1[4]     ; 7.767 ; 7.802 ; 7.802 ; 7.767 ;
; SW[16]     ; HEX1[5]     ; 7.939 ; 7.904 ; 7.904 ; 7.939 ;
; SW[16]     ; HEX1[6]     ; 7.816 ; 7.816 ; 7.816 ; 7.816 ;
; SW[16]     ; HEX2[6]     ; 7.025 ;       ;       ; 7.025 ;
; SW[17]     ; HEX0[0]     ; 7.622 ; 7.622 ; 7.622 ; 7.622 ;
; SW[17]     ; HEX0[1]     ; 7.545 ; 7.545 ; 7.545 ; 7.545 ;
; SW[17]     ; HEX0[2]     ; 7.559 ; 7.559 ; 7.559 ; 7.559 ;
; SW[17]     ; HEX0[3]     ; 7.611 ; 7.611 ; 7.611 ; 7.611 ;
; SW[17]     ; HEX0[4]     ; 7.561 ; 7.561 ; 7.561 ; 7.561 ;
; SW[17]     ; HEX0[5]     ; 7.489 ; 7.489 ; 7.489 ; 7.489 ;
; SW[17]     ; HEX0[6]     ; 7.495 ; 7.495 ; 7.495 ; 7.495 ;
; SW[17]     ; HEX1[0]     ; 7.813 ; 7.813 ; 7.813 ; 7.813 ;
; SW[17]     ; HEX1[1]     ; 7.785 ; 7.820 ; 7.820 ; 7.785 ;
; SW[17]     ; HEX1[2]     ; 7.555 ; 7.520 ; 7.520 ; 7.555 ;
; SW[17]     ; HEX1[3]     ; 7.552 ; 7.552 ; 7.552 ; 7.552 ;
; SW[17]     ; HEX1[4]     ; 7.557 ; 7.592 ; 7.592 ; 7.557 ;
; SW[17]     ; HEX1[5]     ; 7.729 ; 7.694 ; 7.694 ; 7.729 ;
; SW[17]     ; HEX1[6]     ; 7.606 ; 7.606 ; 7.606 ; 7.606 ;
; SW[17]     ; HEX2[6]     ; 6.818 ;       ;       ; 6.818 ;
+------------+-------------+-------+-------+-------+-------+


-------------------
; Clock Transfers ;
-------------------
Nothing to report.


---------------
; Report TCCS ;
---------------
No dedicated SERDES Transmitter circuitry present in device or used in design


---------------
; Report RSKM ;
---------------
No dedicated SERDES Receiver circuitry present in device or used in design


+------------------------------------------------+
; Unconstrained Paths                            ;
+---------------------------------+-------+------+
; Property                        ; Setup ; Hold ;
+---------------------------------+-------+------+
; Illegal Clocks                  ; 0     ; 0    ;
; Unconstrained Clocks            ; 0     ; 0    ;
; Unconstrained Input Ports       ; 9     ; 9    ;
; Unconstrained Input Port Paths  ; 135   ; 135  ;
; Unconstrained Output Ports      ; 15    ; 15   ;
; Unconstrained Output Port Paths ; 135   ; 135  ;
+---------------------------------+-------+------+


+------------------------------------+
; TimeQuest Timing Analyzer Messages ;
+------------------------------------+
Info: *******************************************************************
Info: Running Quartus II 64-Bit TimeQuest Timing Analyzer
    Info: Version 13.0.1 Build 232 06/12/2013 Service Pack 1 SJ Web Edition
    Info: Processing started: Thu Jun 26 16:17:24 2025
Info: Command: quartus_sta TOPsomadorC2_display -c TOPsomadorC2_display
Info: qsta_default_script.tcl version: #1
Warning (20028): Parallel compilation is not licensed and has been disabled
Info (21077): Low junction temperature is 0 degrees C
Info (21077): High junction temperature is 85 degrees C
Critical Warning (332012): Synopsys Design Constraints File file not found: 'TOPsomadorC2_display.sdc'. A Synopsys Design Constraints File is required by the TimeQuest Timing Analyzer to get proper timing constraints. Without it, the Compiler will not properly optimize the design.
Info (332142): No user constrained base clocks found in the design. Calling "derive_clocks -period 1.0"
Info (332096): The command derive_clocks did not find any clocks to derive.  No clocks were created or changed.
Warning (332068): No clocks defined in design.
Info: Found TIMEQUEST_REPORT_SCRIPT_INCLUDE_DEFAULT_ANALYSIS = ON
Info (332159): No clocks to report
Info: Analyzing Slow Model
Info (332140): No fmax paths to report
Info (332140): No Setup paths to report
Info (332140): No Hold paths to report
Info (332140): No Recovery paths to report
Info (332140): No Removal paths to report
Info (332140): No Minimum Pulse Width paths to report
Info (332001): The selected device family is not supported by the report_metastability command.
Info: Analyzing Fast Model
Info (332142): No user constrained base clocks found in the design. Calling "derive_clocks -period 1.0"
Info (332096): The command derive_clocks did not find any clocks to derive.  No clocks were created or changed.
Warning (332068): No clocks defined in design.
Info (332140): No Setup paths to report
Info (332140): No Hold paths to report
Info (332140): No Recovery paths to report
Info (332140): No Removal paths to report
Info (332140): No Minimum Pulse Width paths to report
Info (332001): The selected device family is not supported by the report_metastability command.
Info (332102): Design is not fully constrained for setup requirements
Info (332102): Design is not fully constrained for hold requirements
Info: Quartus II 64-Bit TimeQuest Timing Analyzer was successful. 0 errors, 4 warnings
    Info: Peak virtual memory: 4540 megabytes
    Info: Processing ended: Thu Jun 26 16:17:24 2025
    Info: Elapsed time: 00:00:00
    Info: Total CPU time (on all processors): 00:00:01


