Analysis & Synthesis report for TOPsomadorC2_display
Thu Jun 26 16:17:16 2025
Quartus II 64-Bit Version 13.0.1 Build 232 06/12/2013 Service Pack 1 SJ Web Edition


---------------------
; Table of Contents ;
---------------------
  1. Legal Notice
  2. Analysis & Synthesis Summary
  3. Analysis & Synthesis Settings
  4. Parallel Compilation
  5. Analysis & Synthesis Source Files Read
  6. Analysis & Synthesis Resource Usage Summary
  7. Analysis & Synthesis Resource Utilization by Entity
  8. General Register Statistics
  9. Parameter Settings for Inferred Entity Instance: lpm_divide:Mod0
 10. Parameter Settings for Inferred Entity Instance: lpm_divide:Div0
 11. Port Connectivity Checks: "modulo:somaTransformada|somador6bits:comb_10|somador1bit:bit5"
 12. Port Connectivity Checks: "modulo:somaTransformada|somador6bits:comb_10|somador1bit:bit4"
 13. Port Connectivity Checks: "modulo:somaTransformada|somador6bits:comb_10|somador1bit:bit3"
 14. Port Connectivity Checks: "modulo:somaTransformada|somador6bits:comb_10|somador1bit:bit2"
 15. Port Connectivity Checks: "modulo:somaTransformada|somador6bits:comb_10|somador1bit:bit1"
 16. Port Connectivity Checks: "modulo:somaTransformada|somador6bits:comb_10|somador1bit:bit0"
 17. Port Connectivity Checks: "modulo:somaTransformada|somador6bits:comb_10"
 18. Port Connectivity Checks: "somador4bits:soma|somador1bit:bitS"
 19. Port Connectivity Checks: "somador4bits:soma|somador1bit:bit4"
 20. Elapsed Time Per Partition
 21. Analysis & Synthesis Messages



----------------
; Legal Notice ;
----------------
Copyright (C) 1991-2013 Altera Corporation
Your use of Altera Corporation's design tools, logic functions 
and other software and tools, and its AMPP partner logic 
functions, and any output files from any of the foregoing 
(including device programming or simulation files), and any 
associated documentation or information are expressly subject 
to the terms and conditions of the Altera Program License 
Subscription Agreement, Altera MegaCore Function License 
Agreement, or other applicable license agreement, including, 
without limitation, that your use is for the sole purpose of 
programming logic devices manufactured by Altera and sold by 
Altera or its authorized distributors.  Please refer to the 
applicable agreement for further details.



+--------------------------------------------------------------------------------------+
; Analysis & Synthesis Summary                                                         ;
+------------------------------------+-------------------------------------------------+
; Analysis & Synthesis Status        ; Successful - Thu Jun 26 16:17:16 2025           ;
; Quartus II 64-Bit Version          ; 13.0.1 Build 232 06/12/2013 SP 1 SJ Web Edition ;
; Revision Name                      ; TOPsomadorC2_display                            ;
; Top-level Entity Name              ; TOPsomadorC2_display                            ;
; Family                             ; Cyclone II                                      ;
; Total logic elements               ; 98                                              ;
;     Total combinational functions  ; 98                                              ;
;     Dedicated logic registers      ; 0                                               ;
; Total registers                    ; 0                                               ;
; Total pins                         ; 74                                              ;
; Total virtual pins                 ; 0                                               ;
; Total memory bits                  ; 0                                               ;
; Embedded Multiplier 9-bit elements ; 0                                               ;
; Total PLLs                         ; 0                                               ;
+------------------------------------+-------------------------------------------------+


+--------------------------------------------------------------------------------------------------------------------------+
; Analysis & Synthesis Settings                                                                                            ;
+----------------------------------------------------------------------------+----------------------+----------------------+
; Option                                                                     ; Setting              ; Default Value        ;
+----------------------------------------------------------------------------+----------------------+----------------------+
; Device                                                                     ; EP2C35F672C6         ;                      ;
; Top-level entity name                                                      ; TOPsomadorC2_display ; TOPsomadorC2_display ;
; Family name                                                                ; Cyclone II           ; Cyclone IV GX        ;
; Use smart compilation                                                      ; Off                  ; Off                  ;
; Enable parallel Assembler and TimeQuest Timing Analyzer during compilation ; On                   ; On                   ;
; Enable compact report table                                                ; Off                  ; Off                  ;
; Restructure Multiplexers                                                   ; Auto                 ; Auto                 ;
; Create Debugging Nodes for IP Cores                                        ; Off                  ; Off                  ;
; Preserve fewer node names                                                  ; On                   ; On                   ;
; Disable OpenCore Plus hardware evaluation                                  ; Off                  ; Off                  ;
; Verilog Version                                                            ; Verilog_2001         ; Verilog_2001         ;
; VHDL Version                                                               ; VHDL_1993            ; VHDL_1993            ;
; State Machine Processing                                                   ; Auto                 ; Auto                 ;
; Safe State Machine                                                         ; Off                  ; Off                  ;
; Extract Verilog State Machines                                             ; On                   ; On                   ;
; Extract VHDL State Machines                                                ; On                   ; On                   ;
; Ignore Verilog initial constructs                                          ; Off                  ; Off                  ;
; Iteration limit for constant Verilog loops                                 ; 5000                 ; 5000                 ;
; Iteration limit for non-constant Verilog loops                             ; 250                  ; 250                  ;
; Add Pass-Through Logic to Inferred RAMs                                    ; On                   ; On                   ;
; Infer RAMs from Raw Logic                                                  ; On                   ; On                   ;
; Parallel Synthesis                                                         ; On                   ; On                   ;
; DSP Block Balancing                                                        ; Auto                 ; Auto                 ;
; NOT Gate Push-Back                                                         ; On                   ; On                   ;
; Power-Up Don't Care                                                        ; On                   ; On                   ;
; Remove Redundant Logic Cells                                               ; Off                  ; Off                  ;
; Remove Duplicate Registers                                                 ; On                   ; On                   ;
; Ignore CARRY Buffers                                                       ; Off                  ; Off                  ;
; Ignore CASCADE Buffers                                                     ; Off                  ; Off                  ;
; Ignore GLOBAL Buffers                                                      ; Off                  ; Off                  ;
; Ignore ROW GLOBAL Buffers                                                  ; Off                  ; Off                  ;
; Ignore LCELL Buffers                                                       ; Off                  ; Off                  ;
; Ignore SOFT Buffers                                                        ; On                   ; On                   ;
; Limit AHDL Integers to 32 Bits                                             ; Off                  ; Off                  ;
; Optimization Technique                                                     ; Balanced             ; Balanced             ;
; Carry Chain Length                                                         ; 70                   ; 70                   ;
; Auto Carry Chains                                                          ; On                   ; On                   ;
; Auto Open-Drain Pins                                                       ; On                   ; On                   ;
; Perform WYSIWYG Primitive Resynthesis                                      ; Off                  ; Off                  ;
; Auto ROM Replacement                                                       ; On                   ; On                   ;
; Auto RAM Replacement                                                       ; On                   ; On                   ;
; Auto Shift Register Replacement                                            ; Auto                 ; Auto                 ;
; Allow Shift Register Merging across Hierarchies                            ; Auto                 ; Auto                 ;
; Auto Clock Enable Replacement                                              ; On                   ; On                   ;
; Strict RAM Replacement                                                     ; Off                  ; Off                  ;
; Allow Synchronous Control Signals                                          ; On                   ; On                   ;
; Force Use of Synchronous Clear Signals                                     ; Off                  ; Off                  ;
; Auto RAM to Logic Cell Conversion                                          ; Off                  ; Off                  ;
; Auto Resource Sharing                                                      ; Off                  ; Off                  ;
; Allow Any RAM Size For Recognition                                         ; Off                  ; Off                  ;
; Allow Any ROM Size For Recognition                                         ; Off                  ; Off                  ;
; Allow Any Shift Register Size For Recognition                              ; Off                  ; Off                  ;
; Use LogicLock Constraints during Resource Balancing                        ; On                   ; On                   ;
; Ignore translate_off and synthesis_off directives                          ; Off                  ; Off                  ;
; Timing-Driven Synthesis                                                    ; Off                  ; Off                  ;
; Report Parameter Settings                                                  ; On                   ; On                   ;
; Report Source Assignments                                                  ; On                   ; On                   ;
; Report Connectivity Checks                                                 ; On                   ; On                   ;
; Ignore Maximum Fan-Out Assignments                                         ; Off                  ; Off                  ;
; Synchronization Register Chain Length                                      ; 2                    ; 2                    ;
; PowerPlay Power Optimization                                               ; Normal compilation   ; Normal compilation   ;
; HDL message level                                                          ; Level2               ; Level2               ;
; Suppress Register Optimization Related Messages                            ; Off                  ; Off                  ;
; Number of Removed Registers Reported in Synthesis Report                   ; 5000                 ; 5000                 ;
; Number of Swept Nodes Reported in Synthesis Report                         ; 5000                 ; 5000                 ;
; Number of Inverted Registers Reported in Synthesis Report                  ; 100                  ; 100                  ;
; Clock MUX Protection                                                       ; On                   ; On                   ;
; Auto Gated Clock Conversion                                                ; Off                  ; Off                  ;
; Block Design Naming                                                        ; Auto                 ; Auto                 ;
; SDC constraint protection                                                  ; Off                  ; Off                  ;
; Synthesis Effort                                                           ; Auto                 ; Auto                 ;
; Shift Register Replacement - Allow Asynchronous Clear Signal               ; On                   ; On                   ;
; Pre-Mapping Resynthesis Optimization                                       ; Off                  ; Off                  ;
; Analysis & Synthesis Message Level                                         ; Medium               ; Medium               ;
; Disable Register Merging Across Hierarchies                                ; Auto                 ; Auto                 ;
; Resource Aware Inference For Block RAM                                     ; On                   ; On                   ;
; Synthesis Seed                                                             ; 1                    ; 1                    ;
+----------------------------------------------------------------------------+----------------------+----------------------+


Parallel compilation was disabled, but you have multiple processors available. Enable parallel compilation to reduce compilation time.
+-------------------------------------+
; Parallel Compilation                ;
+----------------------------+--------+
; Processors                 ; Number ;
+----------------------------+--------+
; Number detected on machine ; 8      ;
; Maximum allowed            ; 1      ;
+----------------------------+--------+


+-----------------------------------------------------------------------------------------------------------------------------------------------------------------------------------------+
; Analysis & Synthesis Source Files Read                                                                                                                                                  ;
+----------------------------------+-----------------+------------------------------+-------------------------------------------------------------------------------------------+---------+
; File Name with User-Entered Path ; Used in Netlist ; File Type                    ; File Name with Absolute Path                                                              ; Library ;
+----------------------------------+-----------------+------------------------------+-------------------------------------------------------------------------------------------+---------+
; somador1bit.v                    ; yes             ; User Verilog HDL File        ; C:/Users/aluno/LabSDGiovanniEstevam/aula7/TOPsomadorC2_display/somador1bit.v              ;         ;
; somador4bits.v                   ; yes             ; User Verilog HDL File        ; C:/Users/aluno/LabSDGiovanniEstevam/aula7/TOPsomadorC2_display/somador4bits.v             ;         ;
; decodificador.v                  ; yes             ; User Verilog HDL File        ; C:/Users/aluno/LabSDGiovanniEstevam/aula7/TOPsomadorC2_display/decodificador.v            ;         ;
; TOPsomadorC2_display.v           ; yes             ; User Verilog HDL File        ; C:/Users/aluno/LabSDGiovanniEstevam/aula7/TOPsomadorC2_display/TOPsomadorC2_display.v     ;         ;
; modulo.v                         ; yes             ; User Verilog HDL File        ; C:/Users/aluno/LabSDGiovanniEstevam/aula7/TOPsomadorC2_display/modulo.v                   ;         ;
; somador6bits.v                   ; yes             ; User Verilog HDL File        ; C:/Users/aluno/LabSDGiovanniEstevam/aula7/TOPsomadorC2_display/somador6bits.v             ;         ;
; sinalMenos.v                     ; yes             ; User Verilog HDL File        ; C:/Users/aluno/LabSDGiovanniEstevam/aula7/TOPsomadorC2_display/sinalMenos.v               ;         ;
; lpm_divide.tdf                   ; yes             ; Megafunction                 ; c:/decom/altera/13.0sp1/quartus/libraries/megafunctions/lpm_divide.tdf                    ;         ;
; abs_divider.inc                  ; yes             ; Megafunction                 ; c:/decom/altera/13.0sp1/quartus/libraries/megafunctions/abs_divider.inc                   ;         ;
; sign_div_unsign.inc              ; yes             ; Megafunction                 ; c:/decom/altera/13.0sp1/quartus/libraries/megafunctions/sign_div_unsign.inc               ;         ;
; aglobal130.inc                   ; yes             ; Megafunction                 ; c:/decom/altera/13.0sp1/quartus/libraries/megafunctions/aglobal130.inc                    ;         ;
; db/lpm_divide_25m.tdf            ; yes             ; Auto-Generated Megafunction  ; C:/Users/aluno/LabSDGiovanniEstevam/aula7/TOPsomadorC2_display/db/lpm_divide_25m.tdf      ;         ;
; db/sign_div_unsign_9kh.tdf       ; yes             ; Auto-Generated Megafunction  ; C:/Users/aluno/LabSDGiovanniEstevam/aula7/TOPsomadorC2_display/db/sign_div_unsign_9kh.tdf ;         ;
; db/alt_u_div_kve.tdf             ; yes             ; Auto-Generated Megafunction  ; C:/Users/aluno/LabSDGiovanniEstevam/aula7/TOPsomadorC2_display/db/alt_u_div_kve.tdf       ;         ;
; db/add_sub_lkc.tdf               ; yes             ; Auto-Generated Megafunction  ; C:/Users/aluno/LabSDGiovanniEstevam/aula7/TOPsomadorC2_display/db/add_sub_lkc.tdf         ;         ;
; db/add_sub_mkc.tdf               ; yes             ; Auto-Generated Megafunction  ; C:/Users/aluno/LabSDGiovanniEstevam/aula7/TOPsomadorC2_display/db/add_sub_mkc.tdf         ;         ;
; db/lpm_divide_vcm.tdf            ; yes             ; Auto-Generated Megafunction  ; C:/Users/aluno/LabSDGiovanniEstevam/aula7/TOPsomadorC2_display/db/lpm_divide_vcm.tdf      ;         ;
+----------------------------------+-----------------+------------------------------+-------------------------------------------------------------------------------------------+---------+


+-------------------------------------------------------------------------------------------------------------------------------------------------------------------------+
; Analysis & Synthesis Resource Usage Summary                                                                                                                             ;
+---------------------------------------------+---------------------------------------------------------------------------------------------------------------------------+
; Resource                                    ; Usage                                                                                                                     ;
+---------------------------------------------+---------------------------------------------------------------------------------------------------------------------------+
; Estimated Total logic elements              ; 98                                                                                                                        ;
;                                             ;                                                                                                                           ;
; Total combinational functions               ; 98                                                                                                                        ;
; Logic element usage by number of LUT inputs ;                                                                                                                           ;
;     -- 4 input functions                    ; 28                                                                                                                        ;
;     -- 3 input functions                    ; 44                                                                                                                        ;
;     -- <=2 input functions                  ; 26                                                                                                                        ;
;                                             ;                                                                                                                           ;
; Logic elements by mode                      ;                                                                                                                           ;
;     -- normal mode                          ; 76                                                                                                                        ;
;     -- arithmetic mode                      ; 22                                                                                                                        ;
;                                             ;                                                                                                                           ;
; Total registers                             ; 0                                                                                                                         ;
;     -- Dedicated logic registers            ; 0                                                                                                                         ;
;     -- I/O registers                        ; 0                                                                                                                         ;
;                                             ;                                                                                                                           ;
; I/O pins                                    ; 74                                                                                                                        ;
; Embedded Multiplier 9-bit elements          ; 0                                                                                                                         ;
; Maximum fan-out node                        ; lpm_divide:Div0|lpm_divide_vcm:auto_generated|sign_div_unsign_9kh:divider|alt_u_div_kve:divider|add_sub_3_result_int[4]~6 ;
; Maximum fan-out                             ; 18                                                                                                                        ;
; Total fan-out                               ; 298                                                                                                                       ;
; Average fan-out                             ; 1.73                                                                                                                      ;
+---------------------------------------------+---------------------------------------------------------------------------------------------------------------------------+


+-------------------------------------------------------------------------------------------------------------------------------------------------------------------------------------------------------------------------------------------------------------------------------------------+
; Analysis & Synthesis Resource Utilization by Entity                                                                                                                                                                                                                                       ;
+----------------------------------------+-------------------+--------------+-------------+--------------+---------+-----------+------+--------------+-----------------------------------------------------------------------------------------------------------------------+--------------+
; Compilation Hierarchy Node             ; LC Combinationals ; LC Registers ; Memory Bits ; DSP Elements ; DSP 9x9 ; DSP 18x18 ; Pins ; Virtual Pins ; Full Hierarchy Name                                                                                                   ; Library Name ;
+----------------------------------------+-------------------+--------------+-------------+--------------+---------+-----------+------+--------------+-----------------------------------------------------------------------------------------------------------------------+--------------+
; |TOPsomadorC2_display                  ; 98 (0)            ; 0 (0)        ; 0           ; 0            ; 0       ; 0         ; 74   ; 0            ; |TOPsomadorC2_display                                                                                                 ; work         ;
;    |decodificador:comb_49|             ; 7 (7)             ; 0 (0)        ; 0           ; 0            ; 0       ; 0         ; 0    ; 0            ; |TOPsomadorC2_display|decodificador:comb_49                                                                           ; work         ;
;    |decodificador:comb_50|             ; 8 (8)             ; 0 (0)        ; 0           ; 0            ; 0       ; 0         ; 0    ; 0            ; |TOPsomadorC2_display|decodificador:comb_50                                                                           ; work         ;
;    |lpm_divide:Div0|                   ; 32 (0)            ; 0 (0)        ; 0           ; 0            ; 0       ; 0         ; 0    ; 0            ; |TOPsomadorC2_display|lpm_divide:Div0                                                                                 ; work         ;
;       |lpm_divide_vcm:auto_generated|  ; 32 (0)            ; 0 (0)        ; 0           ; 0            ; 0       ; 0         ; 0    ; 0            ; |TOPsomadorC2_display|lpm_divide:Div0|lpm_divide_vcm:auto_generated                                                   ; work         ;
;          |sign_div_unsign_9kh:divider| ; 32 (0)            ; 0 (0)        ; 0           ; 0            ; 0       ; 0         ; 0    ; 0            ; |TOPsomadorC2_display|lpm_divide:Div0|lpm_divide_vcm:auto_generated|sign_div_unsign_9kh:divider                       ; work         ;
;             |alt_u_div_kve:divider|    ; 32 (32)           ; 0 (0)        ; 0           ; 0            ; 0       ; 0         ; 0    ; 0            ; |TOPsomadorC2_display|lpm_divide:Div0|lpm_divide_vcm:auto_generated|sign_div_unsign_9kh:divider|alt_u_div_kve:divider ; work         ;
;    |lpm_divide:Mod0|                   ; 33 (0)            ; 0 (0)        ; 0           ; 0            ; 0       ; 0         ; 0    ; 0            ; |TOPsomadorC2_display|lpm_divide:Mod0                                                                                 ; work         ;
;       |lpm_divide_25m:auto_generated|  ; 33 (0)            ; 0 (0)        ; 0           ; 0            ; 0       ; 0         ; 0    ; 0            ; |TOPsomadorC2_display|lpm_divide:Mod0|lpm_divide_25m:auto_generated                                                   ; work         ;
;          |sign_div_unsign_9kh:divider| ; 33 (0)            ; 0 (0)        ; 0           ; 0            ; 0       ; 0         ; 0    ; 0            ; |TOPsomadorC2_display|lpm_divide:Mod0|lpm_divide_25m:auto_generated|sign_div_unsign_9kh:divider                       ; work         ;
;             |alt_u_div_kve:divider|    ; 33 (33)           ; 0 (0)        ; 0           ; 0            ; 0       ; 0         ; 0    ; 0            ; |TOPsomadorC2_display|lpm_divide:Mod0|lpm_divide_25m:auto_generated|sign_div_unsign_9kh:divider|alt_u_div_kve:divider ; work         ;
;    |modulo:somaTransformada|           ; 11 (5)            ; 0 (0)        ; 0           ; 0            ; 0       ; 0         ; 0    ; 0            ; |TOPsomadorC2_display|modulo:somaTransformada                                                                         ; work         ;
;       |somador6bits:comb_10|           ; 6 (0)             ; 0 (0)        ; 0           ; 0            ; 0       ; 0         ; 0    ; 0            ; |TOPsomadorC2_display|modulo:somaTransformada|somador6bits:comb_10                                                    ; work         ;
;          |somador1bit:bit1|            ; 3 (3)             ; 0 (0)        ; 0           ; 0            ; 0       ; 0         ; 0    ; 0            ; |TOPsomadorC2_display|modulo:somaTransformada|somador6bits:comb_10|somador1bit:bit1                                   ; work         ;
;          |somador1bit:bit2|            ; 2 (2)             ; 0 (0)        ; 0           ; 0            ; 0       ; 0         ; 0    ; 0            ; |TOPsomadorC2_display|modulo:somaTransformada|somador6bits:comb_10|somador1bit:bit2                                   ; work         ;
;          |somador1bit:bit3|            ; 1 (1)             ; 0 (0)        ; 0           ; 0            ; 0       ; 0         ; 0    ; 0            ; |TOPsomadorC2_display|modulo:somaTransformada|somador6bits:comb_10|somador1bit:bit3                                   ; work         ;
;    |somador4bits:soma|                 ; 7 (1)             ; 0 (0)        ; 0           ; 0            ; 0       ; 0         ; 0    ; 0            ; |TOPsomadorC2_display|somador4bits:soma                                                                               ; work         ;
;       |somador1bit:bit0|               ; 2 (2)             ; 0 (0)        ; 0           ; 0            ; 0       ; 0         ; 0    ; 0            ; |TOPsomadorC2_display|somador4bits:soma|somador1bit:bit0                                                              ; work         ;
;       |somador1bit:bit1|               ; 1 (1)             ; 0 (0)        ; 0           ; 0            ; 0       ; 0         ; 0    ; 0            ; |TOPsomadorC2_display|somador4bits:soma|somador1bit:bit1                                                              ; work         ;
;       |somador1bit:bit2|               ; 1 (1)             ; 0 (0)        ; 0           ; 0            ; 0       ; 0         ; 0    ; 0            ; |TOPsomadorC2_display|somador4bits:soma|somador1bit:bit2                                                              ; work         ;
;       |somador1bit:bit3|               ; 1 (1)             ; 0 (0)        ; 0           ; 0            ; 0       ; 0         ; 0    ; 0            ; |TOPsomadorC2_display|somador4bits:soma|somador1bit:bit3                                                              ; work         ;
;       |somador1bit:bitS|               ; 1 (1)             ; 0 (0)        ; 0           ; 0            ; 0       ; 0         ; 0    ; 0            ; |TOPsomadorC2_display|somador4bits:soma|somador1bit:bitS                                                              ; work         ;
+----------------------------------------+-------------------+--------------+-------------+--------------+---------+-----------+------+--------------+-----------------------------------------------------------------------------------------------------------------------+--------------+
Note: For table entries with two numbers listed, the numbers in parentheses indicate the number of resources of the given type used by the specific entity alone. The numbers listed outside of parentheses indicate the total resources of the given type used by the specific entity and all of its sub-entities in the hierarchy.


+------------------------------------------------------+
; General Register Statistics                          ;
+----------------------------------------------+-------+
; Statistic                                    ; Value ;
+----------------------------------------------+-------+
; Total registers                              ; 0     ;
; Number of registers using Synchronous Clear  ; 0     ;
; Number of registers using Synchronous Load   ; 0     ;
; Number of registers using Asynchronous Clear ; 0     ;
; Number of registers using Asynchronous Load  ; 0     ;
; Number of registers using Clock Enable       ; 0     ;
; Number of registers using Preset             ; 0     ;
+----------------------------------------------+-------+


+------------------------------------------------------------------+
; Parameter Settings for Inferred Entity Instance: lpm_divide:Mod0 ;
+------------------------+----------------+------------------------+
; Parameter Name         ; Value          ; Type                   ;
+------------------------+----------------+------------------------+
; LPM_WIDTHN             ; 6              ; Untyped                ;
; LPM_WIDTHD             ; 4              ; Untyped                ;
; LPM_NREPRESENTATION    ; UNSIGNED       ; Untyped                ;
; LPM_DREPRESENTATION    ; UNSIGNED       ; Untyped                ;
; LPM_PIPELINE           ; 0              ; Untyped                ;
; LPM_REMAINDERPOSITIVE  ; TRUE           ; Untyped                ;
; MAXIMIZE_SPEED         ; 5              ; Untyped                ;
; CBXI_PARAMETER         ; lpm_divide_25m ; Untyped                ;
; CARRY_CHAIN            ; MANUAL         ; Untyped                ;
; OPTIMIZE_FOR_SPEED     ; 5              ; Untyped                ;
; AUTO_CARRY_CHAINS      ; ON             ; AUTO_CARRY             ;
; IGNORE_CARRY_BUFFERS   ; OFF            ; IGNORE_CARRY           ;
; AUTO_CASCADE_CHAINS    ; ON             ; AUTO_CASCADE           ;
; IGNORE_CASCADE_BUFFERS ; OFF            ; IGNORE_CASCADE         ;
+------------------------+----------------+------------------------+
Note: In order to hide this table in the UI and the text report file, please set the "Show Parameter Settings in Synthesis Report" option in "Analysis and Synthesis Settings -> More Settings" to "Off".


+------------------------------------------------------------------+
; Parameter Settings for Inferred Entity Instance: lpm_divide:Div0 ;
+------------------------+----------------+------------------------+
; Parameter Name         ; Value          ; Type                   ;
+------------------------+----------------+------------------------+
; LPM_WIDTHN             ; 6              ; Untyped                ;
; LPM_WIDTHD             ; 4              ; Untyped                ;
; LPM_NREPRESENTATION    ; UNSIGNED       ; Untyped                ;
; LPM_DREPRESENTATION    ; UNSIGNED       ; Untyped                ;
; LPM_PIPELINE           ; 0              ; Untyped                ;
; LPM_REMAINDERPOSITIVE  ; TRUE           ; Untyped                ;
; MAXIMIZE_SPEED         ; 5              ; Untyped                ;
; CBXI_PARAMETER         ; lpm_divide_vcm ; Untyped                ;
; CARRY_CHAIN            ; MANUAL         ; Untyped                ;
; OPTIMIZE_FOR_SPEED     ; 5              ; Untyped                ;
; AUTO_CARRY_CHAINS      ; ON             ; AUTO_CARRY             ;
; IGNORE_CARRY_BUFFERS   ; OFF            ; IGNORE_CARRY           ;
; AUTO_CASCADE_CHAINS    ; ON             ; AUTO_CASCADE           ;
; IGNORE_CASCADE_BUFFERS ; OFF            ; IGNORE_CASCADE         ;
+------------------------+----------------+------------------------+
Note: In order to hide this table in the UI and the text report file, please set the "Show Parameter Settings in Synthesis Report" option in "Analysis and Synthesis Settings -> More Settings" to "Off".


+----------------------------------------------------------------------------------------------------------------+
; Port Connectivity Checks: "modulo:somaTransformada|somador6bits:comb_10|somador1bit:bit5"                      ;
+------+--------+----------+-------------------------------------------------------------------------------------+
; Port ; Type   ; Severity ; Details                                                                             ;
+------+--------+----------+-------------------------------------------------------------------------------------+
; b    ; Input  ; Info     ; Stuck at GND                                                                        ;
; ts   ; Output ; Info     ; Connected to dangling logic. Logic that only feeds a dangling port will be removed. ;
+------+--------+----------+-------------------------------------------------------------------------------------+


+-------------------------------------------------------------------------------------------+
; Port Connectivity Checks: "modulo:somaTransformada|somador6bits:comb_10|somador1bit:bit4" ;
+------+-------+----------+-----------------------------------------------------------------+
; Port ; Type  ; Severity ; Details                                                         ;
+------+-------+----------+-----------------------------------------------------------------+
; b    ; Input ; Info     ; Stuck at GND                                                    ;
+------+-------+----------+-----------------------------------------------------------------+


+-------------------------------------------------------------------------------------------+
; Port Connectivity Checks: "modulo:somaTransformada|somador6bits:comb_10|somador1bit:bit3" ;
+------+-------+----------+-----------------------------------------------------------------+
; Port ; Type  ; Severity ; Details                                                         ;
+------+-------+----------+-----------------------------------------------------------------+
; b    ; Input ; Info     ; Stuck at GND                                                    ;
+------+-------+----------+-----------------------------------------------------------------+


+-------------------------------------------------------------------------------------------+
; Port Connectivity Checks: "modulo:somaTransformada|somador6bits:comb_10|somador1bit:bit2" ;
+------+-------+----------+-----------------------------------------------------------------+
; Port ; Type  ; Severity ; Details                                                         ;
+------+-------+----------+-----------------------------------------------------------------+
; b    ; Input ; Info     ; Stuck at GND                                                    ;
+------+-------+----------+-----------------------------------------------------------------+


+-------------------------------------------------------------------------------------------+
; Port Connectivity Checks: "modulo:somaTransformada|somador6bits:comb_10|somador1bit:bit1" ;
+------+-------+----------+-----------------------------------------------------------------+
; Port ; Type  ; Severity ; Details                                                         ;
+------+-------+----------+-----------------------------------------------------------------+
; b    ; Input ; Info     ; Stuck at GND                                                    ;
+------+-------+----------+-----------------------------------------------------------------+


+-------------------------------------------------------------------------------------------+
; Port Connectivity Checks: "modulo:somaTransformada|somador6bits:comb_10|somador1bit:bit0" ;
+------+-------+----------+-----------------------------------------------------------------+
; Port ; Type  ; Severity ; Details                                                         ;
+------+-------+----------+-----------------------------------------------------------------+
; b    ; Input ; Info     ; Stuck at GND                                                    ;
+------+-------+----------+-----------------------------------------------------------------+


+--------------------------------------------------------------------------+
; Port Connectivity Checks: "modulo:somaTransformada|somador6bits:comb_10" ;
+------+-------+----------+------------------------------------------------+
; Port ; Type  ; Severity ; Details                                        ;
+------+-------+----------+------------------------------------------------+
; a[5] ; Input ; Info     ; Stuck at GND                                   ;
+------+-------+----------+------------------------------------------------+


+----------------------------------------------------------------------------------------------------------------+
; Port Connectivity Checks: "somador4bits:soma|somador1bit:bitS"                                                 ;
+------+--------+----------+-------------------------------------------------------------------------------------+
; Port ; Type   ; Severity ; Details                                                                             ;
+------+--------+----------+-------------------------------------------------------------------------------------+
; a    ; Input  ; Info     ; Stuck at GND                                                                        ;
; ts   ; Output ; Info     ; Connected to dangling logic. Logic that only feeds a dangling port will be removed. ;
+------+--------+----------+-------------------------------------------------------------------------------------+


+----------------------------------------------------------------+
; Port Connectivity Checks: "somador4bits:soma|somador1bit:bit4" ;
+------+-------+----------+--------------------------------------+
; Port ; Type  ; Severity ; Details                              ;
+------+-------+----------+--------------------------------------+
; a    ; Input ; Info     ; Stuck at GND                         ;
+------+-------+----------+--------------------------------------+


+-------------------------------+
; Elapsed Time Per Partition    ;
+----------------+--------------+
; Partition Name ; Elapsed Time ;
+----------------+--------------+
; Top            ; 00:00:00     ;
+----------------+--------------+


+-------------------------------+
; Analysis & Synthesis Messages ;
+-------------------------------+
Info: *******************************************************************
Info: Running Quartus II 64-Bit Analysis & Synthesis
    Info: Version 13.0.1 Build 232 06/12/2013 Service Pack 1 SJ Web Edition
    Info: Processing started: Thu Jun 26 16:17:14 2025
Info: Command: quartus_map --read_settings_files=on --write_settings_files=off TOPsomadorC2_display -c TOPsomadorC2_display
Warning (20028): Parallel compilation is not licensed and has been disabled
Info (12021): Found 1 design units, including 1 entities, in source file somador1bit.v
    Info (12023): Found entity 1: somador1bit
Info (12021): Found 1 design units, including 1 entities, in source file somador4bits.v
    Info (12023): Found entity 1: somador4bits
Info (12021): Found 1 design units, including 1 entities, in source file decodificador.v
    Info (12023): Found entity 1: decodificador
Info (12021): Found 1 design units, including 1 entities, in source file topsomadorc2_display.v
    Info (12023): Found entity 1: TOPsomadorC2_display
Info (12021): Found 1 design units, including 1 entities, in source file modulo.v
    Info (12023): Found entity 1: modulo
Info (12021): Found 1 design units, including 1 entities, in source file somador6bits.v
    Info (12023): Found entity 1: somador6bits
Info (12021): Found 1 design units, including 1 entities, in source file sinalmenos.v
    Info (12023): Found entity 1: sinalMenos
Critical Warning (10846): Verilog HDL Instantiation warning at modulo.v(20): instance has no name
Critical Warning (10846): Verilog HDL Instantiation warning at TOPsomadorC2_display.v(36): instance has no name
Critical Warning (10846): Verilog HDL Instantiation warning at TOPsomadorC2_display.v(37): instance has no name
Critical Warning (10846): Verilog HDL Instantiation warning at TOPsomadorC2_display.v(38): instance has no name
Info (12127): Elaborating entity "TOPsomadorC2_display" for the top level hierarchy
Warning (10230): Verilog HDL assignment warning at TOPsomadorC2_display.v(26): truncated value with size 6 to match size of target (4)
Warning (10230): Verilog HDL assignment warning at TOPsomadorC2_display.v(27): truncated value with size 6 to match size of target (4)
Info (12128): Elaborating entity "somador4bits" for hierarchy "somador4bits:soma"
Info (12128): Elaborating entity "somador1bit" for hierarchy "somador4bits:soma|somador1bit:bit0"
Info (12128): Elaborating entity "modulo" for hierarchy "modulo:somaTransformada"
Info (12128): Elaborating entity "somador6bits" for hierarchy "modulo:somaTransformada|somador6bits:comb_10"
Info (12128): Elaborating entity "decodificador" for hierarchy "decodificador:comb_49"
Info (12128): Elaborating entity "sinalMenos" for hierarchy "sinalMenos:comb_51"
Info (278001): Inferred 2 megafunctions from design logic
    Info (278004): Inferred divider/modulo megafunction ("lpm_divide") from the following logic: "Mod0"
    Info (278004): Inferred divider/modulo megafunction ("lpm_divide") from the following logic: "Div0"
Info (12130): Elaborated megafunction instantiation "lpm_divide:Mod0"
Info (12133): Instantiated megafunction "lpm_divide:Mod0" with the following parameter:
    Info (12134): Parameter "LPM_WIDTHN" = "6"
    Info (12134): Parameter "LPM_WIDTHD" = "4"
    Info (12134): Parameter "LPM_NREPRESENTATION" = "UNSIGNED"
    Info (12134): Parameter "LPM_DREPRESENTATION" = "UNSIGNED"
Info (12021): Found 1 design units, including 1 entities, in source file db/lpm_divide_25m.tdf
    Info (12023): Found entity 1: lpm_divide_25m
Info (12021): Found 1 design units, including 1 entities, in source file db/sign_div_unsign_9kh.tdf
    Info (12023): Found entity 1: sign_div_unsign_9kh
Info (12021): Found 1 design units, including 1 entities, in source file db/alt_u_div_kve.tdf
    Info (12023): Found entity 1: alt_u_div_kve
Info (12021): Found 1 design units, including 1 entities, in source file db/add_sub_lkc.tdf
    Info (12023): Found entity 1: add_sub_lkc
Info (12021): Found 1 design units, including 1 entities, in source file db/add_sub_mkc.tdf
    Info (12023): Found entity 1: add_sub_mkc
Info (12130): Elaborated megafunction instantiation "lpm_divide:Div0"
Info (12133): Instantiated megafunction "lpm_divide:Div0" with the following parameter:
    Info (12134): Parameter "LPM_WIDTHN" = "6"
    Info (12134): Parameter "LPM_WIDTHD" = "4"
    Info (12134): Parameter "LPM_NREPRESENTATION" = "UNSIGNED"
    Info (12134): Parameter "LPM_DREPRESENTATION" = "UNSIGNED"
Info (12021): Found 1 design units, including 1 entities, in source file db/lpm_divide_vcm.tdf
    Info (12023): Found entity 1: lpm_divide_vcm
Warning (13024): Output pins are stuck at VCC or GND
    Warning (13410): Pin "HEX2[0]" is stuck at VCC
    Warning (13410): Pin "HEX2[1]" is stuck at VCC
    Warning (13410): Pin "HEX2[2]" is stuck at VCC
    Warning (13410): Pin "HEX2[3]" is stuck at VCC
    Warning (13410): Pin "HEX2[4]" is stuck at VCC
    Warning (13410): Pin "HEX2[5]" is stuck at VCC
    Warning (13410): Pin "HEX3[0]" is stuck at VCC
    Warning (13410): Pin "HEX3[1]" is stuck at VCC
    Warning (13410): Pin "HEX3[2]" is stuck at VCC
    Warning (13410): Pin "HEX3[3]" is stuck at VCC
    Warning (13410): Pin "HEX3[4]" is stuck at VCC
    Warning (13410): Pin "HEX3[5]" is stuck at VCC
    Warning (13410): Pin "HEX3[6]" is stuck at VCC
    Warning (13410): Pin "HEX4[0]" is stuck at VCC
    Warning (13410): Pin "HEX4[1]" is stuck at VCC
    Warning (13410): Pin "HEX4[2]" is stuck at VCC
    Warning (13410): Pin "HEX4[3]" is stuck at VCC
    Warning (13410): Pin "HEX4[4]" is stuck at VCC
    Warning (13410): Pin "HEX4[5]" is stuck at VCC
    Warning (13410): Pin "HEX4[6]" is stuck at VCC
    Warning (13410): Pin "HEX5[0]" is stuck at VCC
    Warning (13410): Pin "HEX5[1]" is stuck at VCC
    Warning (13410): Pin "HEX5[2]" is stuck at VCC
    Warning (13410): Pin "HEX5[3]" is stuck at VCC
    Warning (13410): Pin "HEX5[4]" is stuck at VCC
    Warning (13410): Pin "HEX5[5]" is stuck at VCC
    Warning (13410): Pin "HEX5[6]" is stuck at VCC
    Warning (13410): Pin "HEX6[0]" is stuck at VCC
    Warning (13410): Pin "HEX6[1]" is stuck at VCC
    Warning (13410): Pin "HEX6[2]" is stuck at VCC
    Warning (13410): Pin "HEX6[3]" is stuck at VCC
    Warning (13410): Pin "HEX6[4]" is stuck at VCC
    Warning (13410): Pin "HEX6[5]" is stuck at VCC
    Warning (13410): Pin "HEX6[6]" is stuck at VCC
    Warning (13410): Pin "HEX7[0]" is stuck at VCC
    Warning (13410): Pin "HEX7[1]" is stuck at VCC
    Warning (13410): Pin "HEX7[2]" is stuck at VCC
    Warning (13410): Pin "HEX7[3]" is stuck at VCC
    Warning (13410): Pin "HEX7[4]" is stuck at VCC
    Warning (13410): Pin "HEX7[5]" is stuck at VCC
    Warning (13410): Pin "HEX7[6]" is stuck at VCC
Info (17016): Found the following redundant logic cells in design
    Info (17048): Logic cell "lpm_divide:Div0|lpm_divide_vcm:auto_generated|sign_div_unsign_9kh:divider|alt_u_div_kve:divider|add_sub_4_result_int[0]~10"
Info (16010): Generating hard_block partition "hard_block:auto_generated_inst"
    Info (16011): Adding 0 node(s), including 0 DDIO, 0 PLL, 0 transceiver and 0 LCELL
Warning (21074): Design contains 9 input pin(s) that do not drive logic
    Warning (15610): No output dependent on input pin "SW[4]"
    Warning (15610): No output dependent on input pin "SW[5]"
    Warning (15610): No output dependent on input pin "SW[6]"
    Warning (15610): No output dependent on input pin "SW[7]"
    Warning (15610): No output dependent on input pin "SW[8]"
    Warning (15610): No output dependent on input pin "SW[9]"
    Warning (15610): No output dependent on input pin "SW[11]"
    Warning (15610): No output dependent on input pin "SW[12]"
    Warning (15610): No output dependent on input pin "SW[13]"
Info (21057): Implemented 172 device resources after synthesis - the final resource count might be different
    Info (21058): Implemented 18 input pins
    Info (21059): Implemented 56 output pins
    Info (21061): Implemented 98 logic cells
Info: Quartus II 64-Bit Analysis & Synthesis was successful. 0 errors, 59 warnings
    Info: Peak virtual memory: 4600 megabytes
    Info: Processing ended: Thu Jun 26 16:17:16 2025
    Info: Elapsed time: 00:00:02
    Info: Total CPU time (on all processors): 00:00:02


