TimeQuest Timing Analyzer report for TOPsomador_display
Thu Jun 12 11:56:09 2025
Quartus II 32-bit Version 13.0.1 Build 232 06/12/2013 Service Pack 1 SJ Web Edition


---------------------
; Table of Contents ;
---------------------
  1. Legal Notice
  2. TimeQuest Timing Analyzer Summary
  3. Parallel Compilation
  4. Clocks
  5. Slow Model Fmax Summary
  6. Slow Model Setup Summary
  7. Slow Model Hold Summary
  8. Slow Model Recovery Summary
  9. Slow Model Removal Summary
 10. Slow Model Minimum Pulse Width Summary
 11. Propagation Delay
 12. Minimum Propagation Delay
 13. Fast Model Setup Summary
 14. Fast Model Hold Summary
 15. Fast Model Recovery Summary
 16. Fast Model Removal Summary
 17. Fast Model Minimum Pulse Width Summary
 18. Propagation Delay
 19. Minimum Propagation Delay
 20. Multicorner Timing Analysis Summary
 21. Progagation Delay
 22. Minimum Progagation Delay
 23. Clock Transfers
 24. Report TCCS
 25. Report RSKM
 26. Unconstrained Paths
 27. TimeQuest Timing Analyzer Messages



----------------
; Legal Notice ;
----------------
Copyright (C) 1991-2013 Altera Corporation
Your use of Altera Corporation's design tools, logic functions 
and other software and tools, and its AMPP partner logic 
functions, and any output files from any of the foregoing 
(including device programming or simulation files), and any 
associated documentation or information are expressly subject 
to the terms and conditions of the Altera Program License 
Subscription Agreement, Altera MegaCore Function License 
Agreement, or other applicable license agreement, including, 
without limitation, that your use is for the sole purpose of 
programming logic devices manufactured by Altera and sold by 
Altera or its authorized distributors.  Please refer to the 
applicable agreement for further details.



+----------------------------------------------------------------------------------------+
; TimeQuest Timing Analyzer Summary                                                      ;
+--------------------+-------------------------------------------------------------------+
; Quartus II Version ; Version 13.0.1 Build 232 06/12/2013 Service Pack 1 SJ Web Edition ;
; Revision Name      ; TOPsomador_display                                                ;
; Device Family      ; Cyclone II                                                        ;
; Device Name        ; EP2C35F672C6                                                      ;
; Timing Models      ; Final                                                             ;
; Delay Model        ; Combined                                                          ;
; Rise/Fall Delays   ; Unavailable                                                       ;
+--------------------+-------------------------------------------------------------------+


Parallel compilation was disabled, but you have multiple processors available. Enable parallel compilation to reduce compilation time.
+-------------------------------------+
; Parallel Compilation                ;
+----------------------------+--------+
; Processors                 ; Number ;
+----------------------------+--------+
; Number detected on machine ; 8      ;
; Maximum allowed            ; 1      ;
+----------------------------+--------+


----------
; Clocks ;
----------
No clocks to report.


---------------------------
; Slow Model Fmax Summary ;
---------------------------
No paths to report.


----------------------------
; Slow Model Setup Summary ;
----------------------------
No paths to report.


---------------------------
; Slow Model Hold Summary ;
---------------------------
No paths to report.


-------------------------------
; Slow Model Recovery Summary ;
-------------------------------
No paths to report.


------------------------------
; Slow Model Removal Summary ;
------------------------------
No paths to report.


------------------------------------------
; Slow Model Minimum Pulse Width Summary ;
------------------------------------------
No paths to report.


+--------------------------------------------------------------+
; Propagation Delay                                            ;
+------------+-------------+--------+--------+--------+--------+
; Input Port ; Output Port ; RR     ; RF     ; FR     ; FF     ;
+------------+-------------+--------+--------+--------+--------+
; SW[0]      ; HEX0[0]     ; 18.139 ; 18.139 ; 18.139 ; 18.139 ;
; SW[0]      ; HEX0[1]     ; 17.504 ; 17.504 ; 17.504 ; 17.504 ;
; SW[0]      ; HEX0[2]     ; 18.135 ; 18.135 ; 18.135 ; 18.135 ;
; SW[0]      ; HEX0[3]     ; 18.329 ; 18.329 ; 18.329 ; 18.329 ;
; SW[0]      ; HEX0[4]     ; 17.917 ; 17.917 ; 17.917 ; 17.917 ;
; SW[0]      ; HEX0[5]     ; 18.133 ; 18.133 ; 18.133 ; 18.133 ;
; SW[0]      ; HEX0[6]     ; 17.868 ; 17.868 ; 17.868 ; 17.868 ;
; SW[0]      ; HEX1[0]     ; 16.828 ; 16.828 ; 16.828 ; 16.828 ;
; SW[0]      ; HEX1[2]     ; 16.521 ; 16.521 ; 16.521 ; 16.521 ;
; SW[0]      ; HEX1[3]     ; 16.808 ; 16.808 ; 16.808 ; 16.808 ;
; SW[0]      ; HEX1[4]     ; 15.760 ; 15.760 ; 15.760 ; 15.760 ;
; SW[0]      ; HEX1[5]     ; 16.844 ; 16.844 ; 16.844 ; 16.844 ;
; SW[0]      ; HEX1[6]     ; 13.396 ; 13.396 ; 13.396 ; 13.396 ;
; SW[1]      ; HEX0[0]     ; 16.867 ; 16.867 ; 16.867 ; 16.867 ;
; SW[1]      ; HEX0[1]     ; 16.232 ; 16.232 ; 16.232 ; 16.232 ;
; SW[1]      ; HEX0[2]     ; 16.863 ; 16.863 ; 16.863 ; 16.863 ;
; SW[1]      ; HEX0[3]     ; 17.057 ; 17.057 ; 17.057 ; 17.057 ;
; SW[1]      ; HEX0[4]     ; 16.645 ; 16.645 ; 16.645 ; 16.645 ;
; SW[1]      ; HEX0[5]     ; 16.861 ; 16.861 ; 16.861 ; 16.861 ;
; SW[1]      ; HEX0[6]     ; 16.596 ; 16.596 ; 16.596 ; 16.596 ;
; SW[1]      ; HEX1[0]     ; 15.556 ; 15.556 ; 15.556 ; 15.556 ;
; SW[1]      ; HEX1[2]     ; 15.249 ; 15.249 ; 15.249 ; 15.249 ;
; SW[1]      ; HEX1[3]     ; 15.536 ; 15.536 ; 15.536 ; 15.536 ;
; SW[1]      ; HEX1[4]     ; 14.488 ; 14.488 ; 14.488 ; 14.488 ;
; SW[1]      ; HEX1[5]     ; 15.572 ; 15.572 ; 15.572 ; 15.572 ;
; SW[1]      ; HEX1[6]     ; 12.124 ; 12.124 ; 12.124 ; 12.124 ;
; SW[2]      ; HEX0[0]     ; 17.522 ; 17.522 ; 17.522 ; 17.522 ;
; SW[2]      ; HEX0[1]     ; 16.887 ; 16.887 ; 16.887 ; 16.887 ;
; SW[2]      ; HEX0[2]     ; 17.518 ; 17.518 ; 17.518 ; 17.518 ;
; SW[2]      ; HEX0[3]     ; 17.712 ; 17.712 ; 17.712 ; 17.712 ;
; SW[2]      ; HEX0[4]     ; 17.300 ; 17.300 ; 17.300 ; 17.300 ;
; SW[2]      ; HEX0[5]     ; 17.516 ; 17.516 ; 17.516 ; 17.516 ;
; SW[2]      ; HEX0[6]     ; 17.251 ; 17.251 ; 17.251 ; 17.251 ;
; SW[2]      ; HEX1[0]     ; 16.211 ; 16.211 ; 16.211 ; 16.211 ;
; SW[2]      ; HEX1[2]     ; 15.904 ; 15.904 ; 15.904 ; 15.904 ;
; SW[2]      ; HEX1[3]     ; 16.191 ; 16.191 ; 16.191 ; 16.191 ;
; SW[2]      ; HEX1[4]     ; 15.143 ; 15.143 ; 15.143 ; 15.143 ;
; SW[2]      ; HEX1[5]     ; 16.227 ; 16.227 ; 16.227 ; 16.227 ;
; SW[2]      ; HEX1[6]     ; 12.779 ; 12.779 ; 12.779 ; 12.779 ;
; SW[3]      ; HEX0[0]     ; 16.246 ; 16.246 ; 16.246 ; 16.246 ;
; SW[3]      ; HEX0[1]     ; 15.611 ; 15.611 ; 15.611 ; 15.611 ;
; SW[3]      ; HEX0[2]     ; 16.242 ; 16.242 ; 16.242 ; 16.242 ;
; SW[3]      ; HEX0[3]     ; 16.436 ; 16.436 ; 16.436 ; 16.436 ;
; SW[3]      ; HEX0[4]     ; 16.024 ; 16.024 ; 16.024 ; 16.024 ;
; SW[3]      ; HEX0[5]     ; 16.240 ; 16.240 ; 16.240 ; 16.240 ;
; SW[3]      ; HEX0[6]     ; 15.975 ; 15.975 ; 15.975 ; 15.975 ;
; SW[3]      ; HEX1[0]     ; 14.935 ; 14.935 ; 14.935 ; 14.935 ;
; SW[3]      ; HEX1[2]     ; 14.628 ; 14.628 ; 14.628 ; 14.628 ;
; SW[3]      ; HEX1[3]     ; 14.915 ; 14.915 ; 14.915 ; 14.915 ;
; SW[3]      ; HEX1[4]     ; 13.867 ; 13.867 ; 13.867 ; 13.867 ;
; SW[3]      ; HEX1[5]     ; 14.951 ; 14.951 ; 14.951 ; 14.951 ;
; SW[3]      ; HEX1[6]     ; 11.503 ; 11.503 ; 11.503 ; 11.503 ;
; SW[10]     ; HEX0[0]     ; 17.926 ; 17.926 ; 17.926 ; 17.926 ;
; SW[10]     ; HEX0[1]     ; 17.291 ; 17.291 ; 17.291 ; 17.291 ;
; SW[10]     ; HEX0[2]     ; 17.922 ; 17.922 ; 17.922 ; 17.922 ;
; SW[10]     ; HEX0[3]     ; 18.116 ; 18.116 ; 18.116 ; 18.116 ;
; SW[10]     ; HEX0[4]     ; 17.704 ; 17.704 ; 17.704 ; 17.704 ;
; SW[10]     ; HEX0[5]     ; 17.920 ; 17.920 ; 17.920 ; 17.920 ;
; SW[10]     ; HEX0[6]     ; 17.655 ; 17.655 ; 17.655 ; 17.655 ;
; SW[10]     ; HEX1[0]     ; 16.615 ; 16.615 ; 16.615 ; 16.615 ;
; SW[10]     ; HEX1[2]     ; 16.308 ; 16.308 ; 16.308 ; 16.308 ;
; SW[10]     ; HEX1[3]     ; 16.595 ; 16.595 ; 16.595 ; 16.595 ;
; SW[10]     ; HEX1[4]     ; 15.547 ; 15.547 ; 15.547 ; 15.547 ;
; SW[10]     ; HEX1[5]     ; 16.631 ; 16.631 ; 16.631 ; 16.631 ;
; SW[10]     ; HEX1[6]     ; 13.183 ; 13.183 ; 13.183 ; 13.183 ;
; SW[14]     ; HEX0[0]     ; 17.777 ; 17.777 ; 17.777 ; 17.777 ;
; SW[14]     ; HEX0[1]     ; 17.142 ; 17.142 ; 17.142 ; 17.142 ;
; SW[14]     ; HEX0[2]     ; 17.773 ; 17.773 ; 17.773 ; 17.773 ;
; SW[14]     ; HEX0[3]     ; 17.967 ; 17.967 ; 17.967 ; 17.967 ;
; SW[14]     ; HEX0[4]     ; 17.555 ; 17.555 ; 17.555 ; 17.555 ;
; SW[14]     ; HEX0[5]     ; 17.771 ; 17.771 ; 17.771 ; 17.771 ;
; SW[14]     ; HEX0[6]     ; 17.506 ; 17.506 ; 17.506 ; 17.506 ;
; SW[14]     ; HEX1[0]     ; 16.466 ; 16.466 ; 16.466 ; 16.466 ;
; SW[14]     ; HEX1[2]     ; 16.159 ; 16.159 ; 16.159 ; 16.159 ;
; SW[14]     ; HEX1[3]     ; 16.446 ; 16.446 ; 16.446 ; 16.446 ;
; SW[14]     ; HEX1[4]     ; 15.398 ; 15.398 ; 15.398 ; 15.398 ;
; SW[14]     ; HEX1[5]     ; 16.482 ; 16.482 ; 16.482 ; 16.482 ;
; SW[14]     ; HEX1[6]     ; 13.034 ; 13.034 ; 13.034 ; 13.034 ;
; SW[15]     ; HEX0[0]     ; 16.796 ; 16.796 ; 16.796 ; 16.796 ;
; SW[15]     ; HEX0[1]     ; 16.161 ; 16.161 ; 16.161 ; 16.161 ;
; SW[15]     ; HEX0[2]     ; 16.792 ; 16.792 ; 16.792 ; 16.792 ;
; SW[15]     ; HEX0[3]     ; 16.986 ; 16.986 ; 16.986 ; 16.986 ;
; SW[15]     ; HEX0[4]     ; 16.574 ; 16.574 ; 16.574 ; 16.574 ;
; SW[15]     ; HEX0[5]     ; 16.790 ; 16.790 ; 16.790 ; 16.790 ;
; SW[15]     ; HEX0[6]     ; 16.525 ; 16.525 ; 16.525 ; 16.525 ;
; SW[15]     ; HEX1[0]     ; 15.485 ; 15.485 ; 15.485 ; 15.485 ;
; SW[15]     ; HEX1[2]     ; 15.178 ; 15.178 ; 15.178 ; 15.178 ;
; SW[15]     ; HEX1[3]     ; 15.465 ; 15.465 ; 15.465 ; 15.465 ;
; SW[15]     ; HEX1[4]     ; 14.417 ; 14.417 ; 14.417 ; 14.417 ;
; SW[15]     ; HEX1[5]     ; 15.501 ; 15.501 ; 15.501 ; 15.501 ;
; SW[15]     ; HEX1[6]     ; 12.053 ; 12.053 ; 12.053 ; 12.053 ;
; SW[16]     ; HEX0[0]     ; 17.433 ; 17.433 ; 17.433 ; 17.433 ;
; SW[16]     ; HEX0[1]     ; 16.798 ; 16.798 ; 16.798 ; 16.798 ;
; SW[16]     ; HEX0[2]     ; 17.429 ; 17.429 ; 17.429 ; 17.429 ;
; SW[16]     ; HEX0[3]     ; 17.623 ; 17.623 ; 17.623 ; 17.623 ;
; SW[16]     ; HEX0[4]     ; 17.211 ; 17.211 ; 17.211 ; 17.211 ;
; SW[16]     ; HEX0[5]     ; 17.427 ; 17.427 ; 17.427 ; 17.427 ;
; SW[16]     ; HEX0[6]     ; 17.162 ; 17.162 ; 17.162 ; 17.162 ;
; SW[16]     ; HEX1[0]     ; 16.122 ; 16.122 ; 16.122 ; 16.122 ;
; SW[16]     ; HEX1[2]     ; 15.815 ; 15.815 ; 15.815 ; 15.815 ;
; SW[16]     ; HEX1[3]     ; 16.102 ; 16.102 ; 16.102 ; 16.102 ;
; SW[16]     ; HEX1[4]     ; 15.054 ; 15.054 ; 15.054 ; 15.054 ;
; SW[16]     ; HEX1[5]     ; 16.138 ; 16.138 ; 16.138 ; 16.138 ;
; SW[16]     ; HEX1[6]     ; 12.690 ; 12.690 ; 12.690 ; 12.690 ;
; SW[17]     ; HEX0[0]     ; 15.970 ; 15.970 ; 15.970 ; 15.970 ;
; SW[17]     ; HEX0[1]     ; 15.335 ; 15.335 ; 15.335 ; 15.335 ;
; SW[17]     ; HEX0[2]     ; 15.966 ; 15.966 ; 15.966 ; 15.966 ;
; SW[17]     ; HEX0[3]     ; 16.160 ; 16.160 ; 16.160 ; 16.160 ;
; SW[17]     ; HEX0[4]     ; 15.748 ; 15.748 ; 15.748 ; 15.748 ;
; SW[17]     ; HEX0[5]     ; 15.964 ; 15.964 ; 15.964 ; 15.964 ;
; SW[17]     ; HEX0[6]     ; 15.699 ; 15.699 ; 15.699 ; 15.699 ;
; SW[17]     ; HEX1[0]     ; 14.659 ; 14.659 ; 14.659 ; 14.659 ;
; SW[17]     ; HEX1[2]     ; 14.352 ; 14.352 ; 14.352 ; 14.352 ;
; SW[17]     ; HEX1[3]     ; 14.639 ; 14.639 ; 14.639 ; 14.639 ;
; SW[17]     ; HEX1[4]     ; 13.591 ; 13.591 ; 13.591 ; 13.591 ;
; SW[17]     ; HEX1[5]     ; 14.675 ; 14.675 ; 14.675 ; 14.675 ;
; SW[17]     ; HEX1[6]     ; 11.227 ; 11.227 ; 11.227 ; 11.227 ;
+------------+-------------+--------+--------+--------+--------+


+--------------------------------------------------------------+
; Minimum Propagation Delay                                    ;
+------------+-------------+--------+--------+--------+--------+
; Input Port ; Output Port ; RR     ; RF     ; FR     ; FF     ;
+------------+-------------+--------+--------+--------+--------+
; SW[0]      ; HEX0[0]     ; 10.755 ; 10.755 ; 10.755 ; 10.755 ;
; SW[0]      ; HEX0[1]     ; 10.665 ; 10.665 ; 10.665 ; 10.665 ;
; SW[0]      ; HEX0[2]     ; 10.588 ; 10.588 ; 10.588 ; 10.588 ;
; SW[0]      ; HEX0[3]     ; 10.986 ; 10.986 ; 10.986 ; 10.986 ;
; SW[0]      ; HEX0[4]     ; 10.330 ; 10.330 ; 10.330 ; 10.330 ;
; SW[0]      ; HEX0[5]     ; 10.751 ; 10.751 ; 10.751 ; 10.751 ;
; SW[0]      ; HEX0[6]     ; 10.511 ; 10.511 ; 10.511 ; 10.511 ;
; SW[0]      ; HEX1[0]     ; 13.944 ; 13.944 ; 13.944 ; 13.944 ;
; SW[0]      ; HEX1[2]     ; 13.607 ; 13.607 ; 13.607 ; 13.607 ;
; SW[0]      ; HEX1[3]     ; 13.924 ; 13.924 ; 13.924 ; 13.924 ;
; SW[0]      ; HEX1[4]     ; 12.919 ; 12.919 ; 12.919 ; 12.919 ;
; SW[0]      ; HEX1[5]     ; 13.923 ; 13.923 ; 13.923 ; 13.923 ;
; SW[0]      ; HEX1[6]     ; 12.961 ; 12.961 ; 12.961 ; 12.961 ;
; SW[1]      ; HEX0[0]     ; 11.735 ; 11.735 ; 11.735 ; 11.735 ;
; SW[1]      ; HEX0[1]     ; 11.197 ; 11.197 ; 11.197 ; 11.197 ;
; SW[1]      ; HEX0[2]     ; 11.731 ; 11.731 ; 11.731 ; 11.731 ;
; SW[1]      ; HEX0[3]     ; 11.925 ; 11.925 ; 11.925 ; 11.925 ;
; SW[1]      ; HEX0[4]     ; 11.513 ; 11.513 ; 11.513 ; 11.513 ;
; SW[1]      ; HEX0[5]     ; 11.729 ; 11.729 ; 11.729 ; 11.729 ;
; SW[1]      ; HEX0[6]     ; 11.464 ; 11.464 ; 11.464 ; 11.464 ;
; SW[1]      ; HEX1[0]     ; 12.449 ; 12.449 ; 12.449 ; 12.449 ;
; SW[1]      ; HEX1[2]     ; 12.112 ; 12.112 ; 12.112 ; 12.112 ;
; SW[1]      ; HEX1[3]     ; 12.429 ; 12.429 ; 12.429 ; 12.429 ;
; SW[1]      ; HEX1[4]     ; 11.424 ; 11.424 ; 11.424 ; 11.424 ;
; SW[1]      ; HEX1[5]     ; 12.428 ; 12.428 ; 12.428 ; 12.428 ;
; SW[1]      ; HEX1[6]     ; 11.466 ; 11.466 ; 11.466 ; 11.466 ;
; SW[2]      ; HEX0[0]     ; 12.665 ; 12.665 ; 12.665 ; 12.665 ;
; SW[2]      ; HEX0[1]     ; 12.419 ; 12.419 ; 12.419 ; 12.419 ;
; SW[2]      ; HEX0[2]     ; 12.669 ; 12.669 ; 12.669 ; 12.669 ;
; SW[2]      ; HEX0[3]     ; 12.892 ; 12.892 ; 12.892 ; 12.892 ;
; SW[2]      ; HEX0[4]     ; 12.444 ; 12.444 ; 12.444 ; 12.444 ;
; SW[2]      ; HEX0[5]     ; 12.659 ; 12.659 ; 12.659 ; 12.659 ;
; SW[2]      ; HEX0[6]     ; 12.421 ; 12.421 ; 12.421 ; 12.421 ;
; SW[2]      ; HEX1[0]     ; 13.064 ; 12.995 ; 12.995 ; 13.064 ;
; SW[2]      ; HEX1[2]     ; 12.658 ; 12.727 ; 12.727 ; 12.658 ;
; SW[2]      ; HEX1[3]     ; 13.044 ; 12.975 ; 12.975 ; 13.044 ;
; SW[2]      ; HEX1[4]     ; 12.409 ; 12.660 ; 12.660 ; 12.409 ;
; SW[2]      ; HEX1[5]     ; 12.974 ; 13.043 ; 13.043 ; 12.974 ;
; SW[2]      ; HEX1[6]     ; 12.081 ; 12.012 ; 12.012 ; 12.081 ;
; SW[3]      ; HEX0[0]     ; 12.556 ; 12.556 ; 12.556 ; 12.556 ;
; SW[3]      ; HEX0[1]     ; 12.847 ; 12.847 ; 12.847 ; 12.847 ;
; SW[3]      ; HEX0[2]     ; 13.517 ; 13.483 ; 13.483 ; 13.517 ;
; SW[3]      ; HEX0[3]     ; 12.783 ; 12.783 ; 12.783 ; 12.783 ;
; SW[3]      ; HEX0[4]     ; 13.258 ; 13.292 ; 13.292 ; 13.258 ;
; SW[3]      ; HEX0[5]     ; 12.550 ; 12.550 ; 12.550 ; 12.550 ;
; SW[3]      ; HEX0[6]     ; 12.312 ; 12.312 ; 12.312 ; 12.312 ;
; SW[3]      ; HEX1[0]     ; 12.486 ; 12.410 ; 12.410 ; 12.486 ;
; SW[3]      ; HEX1[2]     ; 12.073 ; 12.149 ; 12.149 ; 12.073 ;
; SW[3]      ; HEX1[3]     ; 12.466 ; 12.390 ; 12.390 ; 12.466 ;
; SW[3]      ; HEX1[4]     ; 11.824 ; 12.082 ; 12.082 ; 11.824 ;
; SW[3]      ; HEX1[5]     ; 12.389 ; 12.465 ; 12.465 ; 12.389 ;
; SW[3]      ; HEX1[6]     ; 11.503 ; 11.427 ; 11.427 ; 11.503 ;
; SW[10]     ; HEX0[0]     ; 10.542 ; 10.542 ; 10.542 ; 10.542 ;
; SW[10]     ; HEX0[1]     ; 10.452 ; 10.452 ; 10.452 ; 10.452 ;
; SW[10]     ; HEX0[2]     ; 10.375 ; 10.375 ; 10.375 ; 10.375 ;
; SW[10]     ; HEX0[3]     ; 10.773 ; 10.773 ; 10.773 ; 10.773 ;
; SW[10]     ; HEX0[4]     ; 10.117 ; 10.117 ; 10.117 ; 10.117 ;
; SW[10]     ; HEX0[5]     ; 10.538 ; 10.538 ; 10.538 ; 10.538 ;
; SW[10]     ; HEX0[6]     ; 10.298 ; 10.298 ; 10.298 ; 10.298 ;
; SW[10]     ; HEX1[0]     ; 13.731 ; 13.731 ; 13.731 ; 13.731 ;
; SW[10]     ; HEX1[2]     ; 13.394 ; 13.394 ; 13.394 ; 13.394 ;
; SW[10]     ; HEX1[3]     ; 13.711 ; 13.711 ; 13.711 ; 13.711 ;
; SW[10]     ; HEX1[4]     ; 12.706 ; 12.706 ; 12.706 ; 12.706 ;
; SW[10]     ; HEX1[5]     ; 13.710 ; 13.710 ; 13.710 ; 13.710 ;
; SW[10]     ; HEX1[6]     ; 12.748 ; 12.748 ; 12.748 ; 12.748 ;
; SW[14]     ; HEX0[0]     ; 10.398 ; 10.398 ; 10.398 ; 10.398 ;
; SW[14]     ; HEX0[1]     ; 10.317 ; 10.317 ; 10.317 ; 10.317 ;
; SW[14]     ; HEX0[2]     ; 10.231 ; 10.231 ; 10.231 ; 10.231 ;
; SW[14]     ; HEX0[3]     ; 10.629 ; 10.629 ; 10.629 ; 10.629 ;
; SW[14]     ; HEX0[4]     ; 9.973  ; 9.973  ; 9.973  ; 9.973  ;
; SW[14]     ; HEX0[5]     ; 10.394 ; 10.394 ; 10.394 ; 10.394 ;
; SW[14]     ; HEX0[6]     ; 10.154 ; 10.154 ; 10.154 ; 10.154 ;
; SW[14]     ; HEX1[0]     ; 13.582 ; 13.582 ; 13.582 ; 13.582 ;
; SW[14]     ; HEX1[2]     ; 13.245 ; 13.245 ; 13.245 ; 13.245 ;
; SW[14]     ; HEX1[3]     ; 13.562 ; 13.562 ; 13.562 ; 13.562 ;
; SW[14]     ; HEX1[4]     ; 12.557 ; 12.557 ; 12.557 ; 12.557 ;
; SW[14]     ; HEX1[5]     ; 13.561 ; 13.561 ; 13.561 ; 13.561 ;
; SW[14]     ; HEX1[6]     ; 12.599 ; 12.599 ; 12.599 ; 12.599 ;
; SW[15]     ; HEX0[0]     ; 11.654 ; 11.654 ; 11.654 ; 11.654 ;
; SW[15]     ; HEX0[1]     ; 11.116 ; 11.116 ; 11.116 ; 11.116 ;
; SW[15]     ; HEX0[2]     ; 11.650 ; 11.650 ; 11.650 ; 11.650 ;
; SW[15]     ; HEX0[3]     ; 11.844 ; 11.844 ; 11.844 ; 11.844 ;
; SW[15]     ; HEX0[4]     ; 11.432 ; 11.432 ; 11.432 ; 11.432 ;
; SW[15]     ; HEX0[5]     ; 11.648 ; 11.648 ; 11.648 ; 11.648 ;
; SW[15]     ; HEX0[6]     ; 11.383 ; 11.383 ; 11.383 ; 11.383 ;
; SW[15]     ; HEX1[0]     ; 12.373 ; 12.373 ; 12.373 ; 12.373 ;
; SW[15]     ; HEX1[2]     ; 12.036 ; 12.036 ; 12.036 ; 12.036 ;
; SW[15]     ; HEX1[3]     ; 12.353 ; 12.353 ; 12.353 ; 12.353 ;
; SW[15]     ; HEX1[4]     ; 11.347 ; 11.347 ; 11.347 ; 11.347 ;
; SW[15]     ; HEX1[5]     ; 12.352 ; 12.352 ; 12.352 ; 12.352 ;
; SW[15]     ; HEX1[6]     ; 11.390 ; 11.390 ; 11.390 ; 11.390 ;
; SW[16]     ; HEX0[0]     ; 12.546 ; 12.546 ; 12.546 ; 12.546 ;
; SW[16]     ; HEX0[1]     ; 12.300 ; 12.300 ; 12.300 ; 12.300 ;
; SW[16]     ; HEX0[2]     ; 12.550 ; 12.550 ; 12.550 ; 12.550 ;
; SW[16]     ; HEX0[3]     ; 12.773 ; 12.773 ; 12.773 ; 12.773 ;
; SW[16]     ; HEX0[4]     ; 12.325 ; 12.325 ; 12.325 ; 12.325 ;
; SW[16]     ; HEX0[5]     ; 12.540 ; 12.540 ; 12.540 ; 12.540 ;
; SW[16]     ; HEX0[6]     ; 12.302 ; 12.302 ; 12.302 ; 12.302 ;
; SW[16]     ; HEX1[0]     ; 12.949 ; 12.880 ; 12.880 ; 12.949 ;
; SW[16]     ; HEX1[2]     ; 12.543 ; 12.612 ; 12.612 ; 12.543 ;
; SW[16]     ; HEX1[3]     ; 12.929 ; 12.860 ; 12.860 ; 12.929 ;
; SW[16]     ; HEX1[4]     ; 12.294 ; 12.545 ; 12.545 ; 12.294 ;
; SW[16]     ; HEX1[5]     ; 12.859 ; 12.928 ; 12.928 ; 12.859 ;
; SW[16]     ; HEX1[6]     ; 11.966 ; 11.897 ; 11.897 ; 11.966 ;
; SW[17]     ; HEX0[0]     ; 12.280 ; 12.280 ; 12.280 ; 12.280 ;
; SW[17]     ; HEX0[1]     ; 12.577 ; 12.577 ; 12.577 ; 12.577 ;
; SW[17]     ; HEX0[2]     ; 13.247 ; 13.213 ; 13.213 ; 13.247 ;
; SW[17]     ; HEX0[3]     ; 12.507 ; 12.507 ; 12.507 ; 12.507 ;
; SW[17]     ; HEX0[4]     ; 12.988 ; 13.022 ; 13.022 ; 12.988 ;
; SW[17]     ; HEX0[5]     ; 12.274 ; 12.274 ; 12.274 ; 12.274 ;
; SW[17]     ; HEX0[6]     ; 12.036 ; 12.036 ; 12.036 ; 12.036 ;
; SW[17]     ; HEX1[0]     ; 12.210 ; 12.140 ; 12.140 ; 12.210 ;
; SW[17]     ; HEX1[2]     ; 11.803 ; 11.873 ; 11.873 ; 11.803 ;
; SW[17]     ; HEX1[3]     ; 12.190 ; 12.120 ; 12.120 ; 12.190 ;
; SW[17]     ; HEX1[4]     ; 11.554 ; 11.806 ; 11.806 ; 11.554 ;
; SW[17]     ; HEX1[5]     ; 12.119 ; 12.189 ; 12.189 ; 12.119 ;
; SW[17]     ; HEX1[6]     ; 11.227 ; 11.157 ; 11.157 ; 11.227 ;
+------------+-------------+--------+--------+--------+--------+


----------------------------
; Fast Model Setup Summary ;
----------------------------
No paths to report.


---------------------------
; Fast Model Hold Summary ;
---------------------------
No paths to report.


-------------------------------
; Fast Model Recovery Summary ;
-------------------------------
No paths to report.


------------------------------
; Fast Model Removal Summary ;
------------------------------
No paths to report.


------------------------------------------
; Fast Model Minimum Pulse Width Summary ;
------------------------------------------
No paths to report.


+----------------------------------------------------------+
; Propagation Delay                                        ;
+------------+-------------+-------+-------+-------+-------+
; Input Port ; Output Port ; RR    ; RF    ; FR    ; FF    ;
+------------+-------------+-------+-------+-------+-------+
; SW[0]      ; HEX0[0]     ; 9.087 ; 9.087 ; 9.087 ; 9.087 ;
; SW[0]      ; HEX0[1]     ; 8.796 ; 8.796 ; 8.796 ; 8.796 ;
; SW[0]      ; HEX0[2]     ; 9.079 ; 9.079 ; 9.079 ; 9.079 ;
; SW[0]      ; HEX0[3]     ; 9.171 ; 9.171 ; 9.171 ; 9.171 ;
; SW[0]      ; HEX0[4]     ; 8.982 ; 8.982 ; 8.982 ; 8.982 ;
; SW[0]      ; HEX0[5]     ; 9.090 ; 9.090 ; 9.090 ; 9.090 ;
; SW[0]      ; HEX0[6]     ; 8.973 ; 8.973 ; 8.973 ; 8.973 ;
; SW[0]      ; HEX1[0]     ; 8.528 ; 8.528 ; 8.528 ; 8.528 ;
; SW[0]      ; HEX1[2]     ; 8.307 ; 8.307 ; 8.307 ; 8.307 ;
; SW[0]      ; HEX1[3]     ; 8.508 ; 8.508 ; 8.508 ; 8.508 ;
; SW[0]      ; HEX1[4]     ; 7.959 ; 7.959 ; 7.959 ; 7.959 ;
; SW[0]      ; HEX1[5]     ; 8.434 ; 8.434 ; 8.434 ; 8.434 ;
; SW[0]      ; HEX1[6]     ; 6.953 ; 6.953 ; 6.953 ; 6.953 ;
; SW[1]      ; HEX0[0]     ; 8.533 ; 8.533 ; 8.533 ; 8.533 ;
; SW[1]      ; HEX0[1]     ; 8.242 ; 8.242 ; 8.242 ; 8.242 ;
; SW[1]      ; HEX0[2]     ; 8.525 ; 8.525 ; 8.525 ; 8.525 ;
; SW[1]      ; HEX0[3]     ; 8.617 ; 8.617 ; 8.617 ; 8.617 ;
; SW[1]      ; HEX0[4]     ; 8.428 ; 8.428 ; 8.428 ; 8.428 ;
; SW[1]      ; HEX0[5]     ; 8.536 ; 8.536 ; 8.536 ; 8.536 ;
; SW[1]      ; HEX0[6]     ; 8.419 ; 8.419 ; 8.419 ; 8.419 ;
; SW[1]      ; HEX1[0]     ; 7.974 ; 7.974 ; 7.974 ; 7.974 ;
; SW[1]      ; HEX1[2]     ; 7.753 ; 7.753 ; 7.753 ; 7.753 ;
; SW[1]      ; HEX1[3]     ; 7.954 ; 7.954 ; 7.954 ; 7.954 ;
; SW[1]      ; HEX1[4]     ; 7.405 ; 7.405 ; 7.405 ; 7.405 ;
; SW[1]      ; HEX1[5]     ; 7.880 ; 7.880 ; 7.880 ; 7.880 ;
; SW[1]      ; HEX1[6]     ; 6.399 ; 6.399 ; 6.399 ; 6.399 ;
; SW[2]      ; HEX0[0]     ; 8.822 ; 8.822 ; 8.822 ; 8.822 ;
; SW[2]      ; HEX0[1]     ; 8.531 ; 8.531 ; 8.531 ; 8.531 ;
; SW[2]      ; HEX0[2]     ; 8.814 ; 8.814 ; 8.814 ; 8.814 ;
; SW[2]      ; HEX0[3]     ; 8.906 ; 8.906 ; 8.906 ; 8.906 ;
; SW[2]      ; HEX0[4]     ; 8.717 ; 8.717 ; 8.717 ; 8.717 ;
; SW[2]      ; HEX0[5]     ; 8.825 ; 8.825 ; 8.825 ; 8.825 ;
; SW[2]      ; HEX0[6]     ; 8.708 ; 8.708 ; 8.708 ; 8.708 ;
; SW[2]      ; HEX1[0]     ; 8.263 ; 8.263 ; 8.263 ; 8.263 ;
; SW[2]      ; HEX1[2]     ; 8.042 ; 8.042 ; 8.042 ; 8.042 ;
; SW[2]      ; HEX1[3]     ; 8.243 ; 8.243 ; 8.243 ; 8.243 ;
; SW[2]      ; HEX1[4]     ; 7.694 ; 7.694 ; 7.694 ; 7.694 ;
; SW[2]      ; HEX1[5]     ; 8.169 ; 8.169 ; 8.169 ; 8.169 ;
; SW[2]      ; HEX1[6]     ; 6.688 ; 6.688 ; 6.688 ; 6.688 ;
; SW[3]      ; HEX0[0]     ; 8.266 ; 8.266 ; 8.266 ; 8.266 ;
; SW[3]      ; HEX0[1]     ; 7.975 ; 7.975 ; 7.975 ; 7.975 ;
; SW[3]      ; HEX0[2]     ; 8.258 ; 8.258 ; 8.258 ; 8.258 ;
; SW[3]      ; HEX0[3]     ; 8.350 ; 8.350 ; 8.350 ; 8.350 ;
; SW[3]      ; HEX0[4]     ; 8.161 ; 8.161 ; 8.161 ; 8.161 ;
; SW[3]      ; HEX0[5]     ; 8.269 ; 8.269 ; 8.269 ; 8.269 ;
; SW[3]      ; HEX0[6]     ; 8.152 ; 8.152 ; 8.152 ; 8.152 ;
; SW[3]      ; HEX1[0]     ; 7.707 ; 7.707 ; 7.707 ; 7.707 ;
; SW[3]      ; HEX1[2]     ; 7.486 ; 7.486 ; 7.486 ; 7.486 ;
; SW[3]      ; HEX1[3]     ; 7.687 ; 7.687 ; 7.687 ; 7.687 ;
; SW[3]      ; HEX1[4]     ; 7.138 ; 7.138 ; 7.138 ; 7.138 ;
; SW[3]      ; HEX1[5]     ; 7.613 ; 7.613 ; 7.613 ; 7.613 ;
; SW[3]      ; HEX1[6]     ; 6.132 ; 6.132 ; 6.132 ; 6.132 ;
; SW[10]     ; HEX0[0]     ; 8.982 ; 8.982 ; 8.982 ; 8.982 ;
; SW[10]     ; HEX0[1]     ; 8.691 ; 8.691 ; 8.691 ; 8.691 ;
; SW[10]     ; HEX0[2]     ; 8.974 ; 8.974 ; 8.974 ; 8.974 ;
; SW[10]     ; HEX0[3]     ; 9.066 ; 9.066 ; 9.066 ; 9.066 ;
; SW[10]     ; HEX0[4]     ; 8.877 ; 8.877 ; 8.877 ; 8.877 ;
; SW[10]     ; HEX0[5]     ; 8.985 ; 8.985 ; 8.985 ; 8.985 ;
; SW[10]     ; HEX0[6]     ; 8.868 ; 8.868 ; 8.868 ; 8.868 ;
; SW[10]     ; HEX1[0]     ; 8.423 ; 8.423 ; 8.423 ; 8.423 ;
; SW[10]     ; HEX1[2]     ; 8.202 ; 8.202 ; 8.202 ; 8.202 ;
; SW[10]     ; HEX1[3]     ; 8.403 ; 8.403 ; 8.403 ; 8.403 ;
; SW[10]     ; HEX1[4]     ; 7.854 ; 7.854 ; 7.854 ; 7.854 ;
; SW[10]     ; HEX1[5]     ; 8.329 ; 8.329 ; 8.329 ; 8.329 ;
; SW[10]     ; HEX1[6]     ; 6.848 ; 6.848 ; 6.848 ; 6.848 ;
; SW[14]     ; HEX0[0]     ; 8.914 ; 8.914 ; 8.914 ; 8.914 ;
; SW[14]     ; HEX0[1]     ; 8.623 ; 8.623 ; 8.623 ; 8.623 ;
; SW[14]     ; HEX0[2]     ; 8.906 ; 8.906 ; 8.906 ; 8.906 ;
; SW[14]     ; HEX0[3]     ; 8.998 ; 8.998 ; 8.998 ; 8.998 ;
; SW[14]     ; HEX0[4]     ; 8.809 ; 8.809 ; 8.809 ; 8.809 ;
; SW[14]     ; HEX0[5]     ; 8.917 ; 8.917 ; 8.917 ; 8.917 ;
; SW[14]     ; HEX0[6]     ; 8.800 ; 8.800 ; 8.800 ; 8.800 ;
; SW[14]     ; HEX1[0]     ; 8.355 ; 8.355 ; 8.355 ; 8.355 ;
; SW[14]     ; HEX1[2]     ; 8.134 ; 8.134 ; 8.134 ; 8.134 ;
; SW[14]     ; HEX1[3]     ; 8.335 ; 8.335 ; 8.335 ; 8.335 ;
; SW[14]     ; HEX1[4]     ; 7.786 ; 7.786 ; 7.786 ; 7.786 ;
; SW[14]     ; HEX1[5]     ; 8.261 ; 8.261 ; 8.261 ; 8.261 ;
; SW[14]     ; HEX1[6]     ; 6.780 ; 6.780 ; 6.780 ; 6.780 ;
; SW[15]     ; HEX0[0]     ; 8.523 ; 8.523 ; 8.523 ; 8.523 ;
; SW[15]     ; HEX0[1]     ; 8.232 ; 8.232 ; 8.232 ; 8.232 ;
; SW[15]     ; HEX0[2]     ; 8.515 ; 8.515 ; 8.515 ; 8.515 ;
; SW[15]     ; HEX0[3]     ; 8.607 ; 8.607 ; 8.607 ; 8.607 ;
; SW[15]     ; HEX0[4]     ; 8.418 ; 8.418 ; 8.418 ; 8.418 ;
; SW[15]     ; HEX0[5]     ; 8.526 ; 8.526 ; 8.526 ; 8.526 ;
; SW[15]     ; HEX0[6]     ; 8.409 ; 8.409 ; 8.409 ; 8.409 ;
; SW[15]     ; HEX1[0]     ; 7.964 ; 7.964 ; 7.964 ; 7.964 ;
; SW[15]     ; HEX1[2]     ; 7.743 ; 7.743 ; 7.743 ; 7.743 ;
; SW[15]     ; HEX1[3]     ; 7.944 ; 7.944 ; 7.944 ; 7.944 ;
; SW[15]     ; HEX1[4]     ; 7.395 ; 7.395 ; 7.395 ; 7.395 ;
; SW[15]     ; HEX1[5]     ; 7.870 ; 7.870 ; 7.870 ; 7.870 ;
; SW[15]     ; HEX1[6]     ; 6.389 ; 6.389 ; 6.389 ; 6.389 ;
; SW[16]     ; HEX0[0]     ; 8.779 ; 8.779 ; 8.779 ; 8.779 ;
; SW[16]     ; HEX0[1]     ; 8.488 ; 8.488 ; 8.488 ; 8.488 ;
; SW[16]     ; HEX0[2]     ; 8.771 ; 8.771 ; 8.771 ; 8.771 ;
; SW[16]     ; HEX0[3]     ; 8.863 ; 8.863 ; 8.863 ; 8.863 ;
; SW[16]     ; HEX0[4]     ; 8.674 ; 8.674 ; 8.674 ; 8.674 ;
; SW[16]     ; HEX0[5]     ; 8.782 ; 8.782 ; 8.782 ; 8.782 ;
; SW[16]     ; HEX0[6]     ; 8.665 ; 8.665 ; 8.665 ; 8.665 ;
; SW[16]     ; HEX1[0]     ; 8.220 ; 8.220 ; 8.220 ; 8.220 ;
; SW[16]     ; HEX1[2]     ; 7.999 ; 7.999 ; 7.999 ; 7.999 ;
; SW[16]     ; HEX1[3]     ; 8.200 ; 8.200 ; 8.200 ; 8.200 ;
; SW[16]     ; HEX1[4]     ; 7.651 ; 7.651 ; 7.651 ; 7.651 ;
; SW[16]     ; HEX1[5]     ; 8.126 ; 8.126 ; 8.126 ; 8.126 ;
; SW[16]     ; HEX1[6]     ; 6.645 ; 6.645 ; 6.645 ; 6.645 ;
; SW[17]     ; HEX0[0]     ; 8.148 ; 8.148 ; 8.148 ; 8.148 ;
; SW[17]     ; HEX0[1]     ; 7.857 ; 7.857 ; 7.857 ; 7.857 ;
; SW[17]     ; HEX0[2]     ; 8.140 ; 8.140 ; 8.140 ; 8.140 ;
; SW[17]     ; HEX0[3]     ; 8.232 ; 8.232 ; 8.232 ; 8.232 ;
; SW[17]     ; HEX0[4]     ; 8.043 ; 8.043 ; 8.043 ; 8.043 ;
; SW[17]     ; HEX0[5]     ; 8.151 ; 8.151 ; 8.151 ; 8.151 ;
; SW[17]     ; HEX0[6]     ; 8.034 ; 8.034 ; 8.034 ; 8.034 ;
; SW[17]     ; HEX1[0]     ; 7.589 ; 7.589 ; 7.589 ; 7.589 ;
; SW[17]     ; HEX1[2]     ; 7.368 ; 7.368 ; 7.368 ; 7.368 ;
; SW[17]     ; HEX1[3]     ; 7.569 ; 7.569 ; 7.569 ; 7.569 ;
; SW[17]     ; HEX1[4]     ; 7.020 ; 7.020 ; 7.020 ; 7.020 ;
; SW[17]     ; HEX1[5]     ; 7.495 ; 7.495 ; 7.495 ; 7.495 ;
; SW[17]     ; HEX1[6]     ; 6.014 ; 6.014 ; 6.014 ; 6.014 ;
+------------+-------------+-------+-------+-------+-------+


+----------------------------------------------------------+
; Minimum Propagation Delay                                ;
+------------+-------------+-------+-------+-------+-------+
; Input Port ; Output Port ; RR    ; RF    ; FR    ; FF    ;
+------------+-------------+-------+-------+-------+-------+
; SW[0]      ; HEX0[0]     ; 5.891 ; 5.891 ; 5.891 ; 5.891 ;
; SW[0]      ; HEX0[1]     ; 5.839 ; 5.839 ; 5.839 ; 5.839 ;
; SW[0]      ; HEX0[2]     ; 5.818 ; 5.818 ; 5.818 ; 5.818 ;
; SW[0]      ; HEX0[3]     ; 5.994 ; 5.994 ; 5.994 ; 5.994 ;
; SW[0]      ; HEX0[4]     ; 5.712 ; 5.712 ; 5.712 ; 5.712 ;
; SW[0]      ; HEX0[5]     ; 5.902 ; 5.902 ; 5.902 ; 5.902 ;
; SW[0]      ; HEX0[6]     ; 5.782 ; 5.782 ; 5.782 ; 5.782 ;
; SW[0]      ; HEX1[0]     ; 7.320 ; 7.320 ; 7.320 ; 7.320 ;
; SW[0]      ; HEX1[2]     ; 7.052 ; 7.052 ; 7.052 ; 7.052 ;
; SW[0]      ; HEX1[3]     ; 7.300 ; 7.300 ; 7.300 ; 7.300 ;
; SW[0]      ; HEX1[4]     ; 6.754 ; 6.754 ; 6.754 ; 6.754 ;
; SW[0]      ; HEX1[5]     ; 7.224 ; 7.224 ; 7.224 ; 7.224 ;
; SW[0]      ; HEX1[6]     ; 6.778 ; 6.778 ; 6.778 ; 6.778 ;
; SW[1]      ; HEX0[0]     ; 6.357 ; 6.357 ; 6.357 ; 6.357 ;
; SW[1]      ; HEX0[1]     ; 6.106 ; 6.106 ; 6.106 ; 6.106 ;
; SW[1]      ; HEX0[2]     ; 6.349 ; 6.349 ; 6.349 ; 6.349 ;
; SW[1]      ; HEX0[3]     ; 6.441 ; 6.441 ; 6.441 ; 6.441 ;
; SW[1]      ; HEX0[4]     ; 6.252 ; 6.252 ; 6.252 ; 6.252 ;
; SW[1]      ; HEX0[5]     ; 6.360 ; 6.360 ; 6.360 ; 6.360 ;
; SW[1]      ; HEX0[6]     ; 6.243 ; 6.243 ; 6.243 ; 6.243 ;
; SW[1]      ; HEX1[0]     ; 6.678 ; 6.678 ; 6.678 ; 6.678 ;
; SW[1]      ; HEX1[2]     ; 6.412 ; 6.412 ; 6.412 ; 6.412 ;
; SW[1]      ; HEX1[3]     ; 6.658 ; 6.658 ; 6.658 ; 6.658 ;
; SW[1]      ; HEX1[4]     ; 6.109 ; 6.109 ; 6.109 ; 6.109 ;
; SW[1]      ; HEX1[5]     ; 6.584 ; 6.584 ; 6.584 ; 6.584 ;
; SW[1]      ; HEX1[6]     ; 6.138 ; 6.138 ; 6.138 ; 6.138 ;
; SW[2]      ; HEX0[0]     ; 6.741 ; 6.741 ; 6.741 ; 6.741 ;
; SW[2]      ; HEX0[1]     ; 6.625 ; 6.625 ; 6.625 ; 6.625 ;
; SW[2]      ; HEX0[2]     ; 6.739 ; 6.739 ; 6.739 ; 6.739 ;
; SW[2]      ; HEX0[3]     ; 6.839 ; 6.839 ; 6.839 ; 6.839 ;
; SW[2]      ; HEX0[4]     ; 6.639 ; 6.639 ; 6.639 ; 6.639 ;
; SW[2]      ; HEX0[5]     ; 6.742 ; 6.742 ; 6.742 ; 6.742 ;
; SW[2]      ; HEX0[6]     ; 6.625 ; 6.625 ; 6.625 ; 6.625 ;
; SW[2]      ; HEX1[0]     ; 6.950 ; 6.916 ; 6.916 ; 6.950 ;
; SW[2]      ; HEX1[2]     ; 6.648 ; 6.682 ; 6.682 ; 6.648 ;
; SW[2]      ; HEX1[3]     ; 6.930 ; 6.896 ; 6.896 ; 6.930 ;
; SW[2]      ; HEX1[4]     ; 6.552 ; 6.658 ; 6.658 ; 6.552 ;
; SW[2]      ; HEX1[5]     ; 6.820 ; 6.854 ; 6.854 ; 6.820 ;
; SW[2]      ; HEX1[6]     ; 6.408 ; 6.374 ; 6.374 ; 6.408 ;
; SW[3]      ; HEX0[0]     ; 6.710 ; 6.710 ; 6.710 ; 6.710 ;
; SW[3]      ; HEX0[1]     ; 6.798 ; 6.798 ; 6.798 ; 6.798 ;
; SW[3]      ; HEX0[2]     ; 7.094 ; 7.067 ; 7.067 ; 7.094 ;
; SW[3]      ; HEX0[3]     ; 6.805 ; 6.805 ; 6.805 ; 6.805 ;
; SW[3]      ; HEX0[4]     ; 6.967 ; 6.994 ; 6.994 ; 6.967 ;
; SW[3]      ; HEX0[5]     ; 6.711 ; 6.711 ; 6.711 ; 6.711 ;
; SW[3]      ; HEX0[6]     ; 6.594 ; 6.594 ; 6.594 ; 6.594 ;
; SW[3]      ; HEX1[0]     ; 6.674 ; 6.635 ; 6.635 ; 6.674 ;
; SW[3]      ; HEX1[2]     ; 6.367 ; 6.406 ; 6.406 ; 6.367 ;
; SW[3]      ; HEX1[3]     ; 6.654 ; 6.615 ; 6.615 ; 6.654 ;
; SW[3]      ; HEX1[4]     ; 6.271 ; 6.390 ; 6.390 ; 6.271 ;
; SW[3]      ; HEX1[5]     ; 6.539 ; 6.578 ; 6.578 ; 6.539 ;
; SW[3]      ; HEX1[6]     ; 6.132 ; 6.093 ; 6.093 ; 6.132 ;
; SW[10]     ; HEX0[0]     ; 5.785 ; 5.785 ; 5.785 ; 5.785 ;
; SW[10]     ; HEX0[1]     ; 5.735 ; 5.735 ; 5.735 ; 5.735 ;
; SW[10]     ; HEX0[2]     ; 5.712 ; 5.712 ; 5.712 ; 5.712 ;
; SW[10]     ; HEX0[3]     ; 5.888 ; 5.888 ; 5.888 ; 5.888 ;
; SW[10]     ; HEX0[4]     ; 5.606 ; 5.606 ; 5.606 ; 5.606 ;
; SW[10]     ; HEX0[5]     ; 5.796 ; 5.796 ; 5.796 ; 5.796 ;
; SW[10]     ; HEX0[6]     ; 5.676 ; 5.676 ; 5.676 ; 5.676 ;
; SW[10]     ; HEX1[0]     ; 7.215 ; 7.215 ; 7.215 ; 7.215 ;
; SW[10]     ; HEX1[2]     ; 6.947 ; 6.947 ; 6.947 ; 6.947 ;
; SW[10]     ; HEX1[3]     ; 7.195 ; 7.195 ; 7.195 ; 7.195 ;
; SW[10]     ; HEX1[4]     ; 6.649 ; 6.649 ; 6.649 ; 6.649 ;
; SW[10]     ; HEX1[5]     ; 7.119 ; 7.119 ; 7.119 ; 7.119 ;
; SW[10]     ; HEX1[6]     ; 6.673 ; 6.673 ; 6.673 ; 6.673 ;
; SW[14]     ; HEX0[0]     ; 5.718 ; 5.718 ; 5.718 ; 5.718 ;
; SW[14]     ; HEX0[1]     ; 5.674 ; 5.674 ; 5.674 ; 5.674 ;
; SW[14]     ; HEX0[2]     ; 5.645 ; 5.645 ; 5.645 ; 5.645 ;
; SW[14]     ; HEX0[3]     ; 5.821 ; 5.821 ; 5.821 ; 5.821 ;
; SW[14]     ; HEX0[4]     ; 5.539 ; 5.539 ; 5.539 ; 5.539 ;
; SW[14]     ; HEX0[5]     ; 5.729 ; 5.729 ; 5.729 ; 5.729 ;
; SW[14]     ; HEX0[6]     ; 5.609 ; 5.609 ; 5.609 ; 5.609 ;
; SW[14]     ; HEX1[0]     ; 7.147 ; 7.147 ; 7.147 ; 7.147 ;
; SW[14]     ; HEX1[2]     ; 6.879 ; 6.879 ; 6.879 ; 6.879 ;
; SW[14]     ; HEX1[3]     ; 7.127 ; 7.127 ; 7.127 ; 7.127 ;
; SW[14]     ; HEX1[4]     ; 6.581 ; 6.581 ; 6.581 ; 6.581 ;
; SW[14]     ; HEX1[5]     ; 7.051 ; 7.051 ; 7.051 ; 7.051 ;
; SW[14]     ; HEX1[6]     ; 6.605 ; 6.605 ; 6.605 ; 6.605 ;
; SW[15]     ; HEX0[0]     ; 6.337 ; 6.337 ; 6.337 ; 6.337 ;
; SW[15]     ; HEX0[1]     ; 6.086 ; 6.086 ; 6.086 ; 6.086 ;
; SW[15]     ; HEX0[2]     ; 6.329 ; 6.329 ; 6.329 ; 6.329 ;
; SW[15]     ; HEX0[3]     ; 6.421 ; 6.421 ; 6.421 ; 6.421 ;
; SW[15]     ; HEX0[4]     ; 6.232 ; 6.232 ; 6.232 ; 6.232 ;
; SW[15]     ; HEX0[5]     ; 6.340 ; 6.340 ; 6.340 ; 6.340 ;
; SW[15]     ; HEX0[6]     ; 6.223 ; 6.223 ; 6.223 ; 6.223 ;
; SW[15]     ; HEX1[0]     ; 6.666 ; 6.666 ; 6.666 ; 6.666 ;
; SW[15]     ; HEX1[2]     ; 6.398 ; 6.398 ; 6.398 ; 6.398 ;
; SW[15]     ; HEX1[3]     ; 6.646 ; 6.646 ; 6.646 ; 6.646 ;
; SW[15]     ; HEX1[4]     ; 6.100 ; 6.100 ; 6.100 ; 6.100 ;
; SW[15]     ; HEX1[5]     ; 6.570 ; 6.570 ; 6.570 ; 6.570 ;
; SW[15]     ; HEX1[6]     ; 6.124 ; 6.124 ; 6.124 ; 6.124 ;
; SW[16]     ; HEX0[0]     ; 6.699 ; 6.699 ; 6.699 ; 6.699 ;
; SW[16]     ; HEX0[1]     ; 6.583 ; 6.583 ; 6.583 ; 6.583 ;
; SW[16]     ; HEX0[2]     ; 6.697 ; 6.697 ; 6.697 ; 6.697 ;
; SW[16]     ; HEX0[3]     ; 6.797 ; 6.797 ; 6.797 ; 6.797 ;
; SW[16]     ; HEX0[4]     ; 6.597 ; 6.597 ; 6.597 ; 6.597 ;
; SW[16]     ; HEX0[5]     ; 6.700 ; 6.700 ; 6.700 ; 6.700 ;
; SW[16]     ; HEX0[6]     ; 6.583 ; 6.583 ; 6.583 ; 6.583 ;
; SW[16]     ; HEX1[0]     ; 6.882 ; 6.848 ; 6.848 ; 6.882 ;
; SW[16]     ; HEX1[2]     ; 6.580 ; 6.614 ; 6.614 ; 6.580 ;
; SW[16]     ; HEX1[3]     ; 6.862 ; 6.828 ; 6.828 ; 6.862 ;
; SW[16]     ; HEX1[4]     ; 6.484 ; 6.598 ; 6.598 ; 6.484 ;
; SW[16]     ; HEX1[5]     ; 6.752 ; 6.786 ; 6.786 ; 6.752 ;
; SW[16]     ; HEX1[6]     ; 6.340 ; 6.306 ; 6.306 ; 6.340 ;
; SW[17]     ; HEX0[0]     ; 6.592 ; 6.592 ; 6.592 ; 6.592 ;
; SW[17]     ; HEX0[1]     ; 6.683 ; 6.683 ; 6.683 ; 6.683 ;
; SW[17]     ; HEX0[2]     ; 6.979 ; 6.952 ; 6.952 ; 6.979 ;
; SW[17]     ; HEX0[3]     ; 6.687 ; 6.687 ; 6.687 ; 6.687 ;
; SW[17]     ; HEX0[4]     ; 6.852 ; 6.879 ; 6.879 ; 6.852 ;
; SW[17]     ; HEX0[5]     ; 6.593 ; 6.593 ; 6.593 ; 6.593 ;
; SW[17]     ; HEX0[6]     ; 6.476 ; 6.476 ; 6.476 ; 6.476 ;
; SW[17]     ; HEX1[0]     ; 6.556 ; 6.520 ; 6.520 ; 6.556 ;
; SW[17]     ; HEX1[2]     ; 6.252 ; 6.288 ; 6.288 ; 6.252 ;
; SW[17]     ; HEX1[3]     ; 6.536 ; 6.500 ; 6.500 ; 6.536 ;
; SW[17]     ; HEX1[4]     ; 6.156 ; 6.272 ; 6.272 ; 6.156 ;
; SW[17]     ; HEX1[5]     ; 6.424 ; 6.460 ; 6.460 ; 6.424 ;
; SW[17]     ; HEX1[6]     ; 6.014 ; 5.978 ; 5.978 ; 6.014 ;
+------------+-------------+-------+-------+-------+-------+


+----------------------------------------------------------------------------+
; Multicorner Timing Analysis Summary                                        ;
+------------------+-------+------+----------+---------+---------------------+
; Clock            ; Setup ; Hold ; Recovery ; Removal ; Minimum Pulse Width ;
+------------------+-------+------+----------+---------+---------------------+
; Worst-case Slack ; N/A   ; N/A  ; N/A      ; N/A     ; N/A                 ;
; Design-wide TNS  ; 0.0   ; 0.0  ; 0.0      ; 0.0     ; 0.0                 ;
+------------------+-------+------+----------+---------+---------------------+


+--------------------------------------------------------------+
; Progagation Delay                                            ;
+------------+-------------+--------+--------+--------+--------+
; Input Port ; Output Port ; RR     ; RF     ; FR     ; FF     ;
+------------+-------------+--------+--------+--------+--------+
; SW[0]      ; HEX0[0]     ; 18.139 ; 18.139 ; 18.139 ; 18.139 ;
; SW[0]      ; HEX0[1]     ; 17.504 ; 17.504 ; 17.504 ; 17.504 ;
; SW[0]      ; HEX0[2]     ; 18.135 ; 18.135 ; 18.135 ; 18.135 ;
; SW[0]      ; HEX0[3]     ; 18.329 ; 18.329 ; 18.329 ; 18.329 ;
; SW[0]      ; HEX0[4]     ; 17.917 ; 17.917 ; 17.917 ; 17.917 ;
; SW[0]      ; HEX0[5]     ; 18.133 ; 18.133 ; 18.133 ; 18.133 ;
; SW[0]      ; HEX0[6]     ; 17.868 ; 17.868 ; 17.868 ; 17.868 ;
; SW[0]      ; HEX1[0]     ; 16.828 ; 16.828 ; 16.828 ; 16.828 ;
; SW[0]      ; HEX1[2]     ; 16.521 ; 16.521 ; 16.521 ; 16.521 ;
; SW[0]      ; HEX1[3]     ; 16.808 ; 16.808 ; 16.808 ; 16.808 ;
; SW[0]      ; HEX1[4]     ; 15.760 ; 15.760 ; 15.760 ; 15.760 ;
; SW[0]      ; HEX1[5]     ; 16.844 ; 16.844 ; 16.844 ; 16.844 ;
; SW[0]      ; HEX1[6]     ; 13.396 ; 13.396 ; 13.396 ; 13.396 ;
; SW[1]      ; HEX0[0]     ; 16.867 ; 16.867 ; 16.867 ; 16.867 ;
; SW[1]      ; HEX0[1]     ; 16.232 ; 16.232 ; 16.232 ; 16.232 ;
; SW[1]      ; HEX0[2]     ; 16.863 ; 16.863 ; 16.863 ; 16.863 ;
; SW[1]      ; HEX0[3]     ; 17.057 ; 17.057 ; 17.057 ; 17.057 ;
; SW[1]      ; HEX0[4]     ; 16.645 ; 16.645 ; 16.645 ; 16.645 ;
; SW[1]      ; HEX0[5]     ; 16.861 ; 16.861 ; 16.861 ; 16.861 ;
; SW[1]      ; HEX0[6]     ; 16.596 ; 16.596 ; 16.596 ; 16.596 ;
; SW[1]      ; HEX1[0]     ; 15.556 ; 15.556 ; 15.556 ; 15.556 ;
; SW[1]      ; HEX1[2]     ; 15.249 ; 15.249 ; 15.249 ; 15.249 ;
; SW[1]      ; HEX1[3]     ; 15.536 ; 15.536 ; 15.536 ; 15.536 ;
; SW[1]      ; HEX1[4]     ; 14.488 ; 14.488 ; 14.488 ; 14.488 ;
; SW[1]      ; HEX1[5]     ; 15.572 ; 15.572 ; 15.572 ; 15.572 ;
; SW[1]      ; HEX1[6]     ; 12.124 ; 12.124 ; 12.124 ; 12.124 ;
; SW[2]      ; HEX0[0]     ; 17.522 ; 17.522 ; 17.522 ; 17.522 ;
; SW[2]      ; HEX0[1]     ; 16.887 ; 16.887 ; 16.887 ; 16.887 ;
; SW[2]      ; HEX0[2]     ; 17.518 ; 17.518 ; 17.518 ; 17.518 ;
; SW[2]      ; HEX0[3]     ; 17.712 ; 17.712 ; 17.712 ; 17.712 ;
; SW[2]      ; HEX0[4]     ; 17.300 ; 17.300 ; 17.300 ; 17.300 ;
; SW[2]      ; HEX0[5]     ; 17.516 ; 17.516 ; 17.516 ; 17.516 ;
; SW[2]      ; HEX0[6]     ; 17.251 ; 17.251 ; 17.251 ; 17.251 ;
; SW[2]      ; HEX1[0]     ; 16.211 ; 16.211 ; 16.211 ; 16.211 ;
; SW[2]      ; HEX1[2]     ; 15.904 ; 15.904 ; 15.904 ; 15.904 ;
; SW[2]      ; HEX1[3]     ; 16.191 ; 16.191 ; 16.191 ; 16.191 ;
; SW[2]      ; HEX1[4]     ; 15.143 ; 15.143 ; 15.143 ; 15.143 ;
; SW[2]      ; HEX1[5]     ; 16.227 ; 16.227 ; 16.227 ; 16.227 ;
; SW[2]      ; HEX1[6]     ; 12.779 ; 12.779 ; 12.779 ; 12.779 ;
; SW[3]      ; HEX0[0]     ; 16.246 ; 16.246 ; 16.246 ; 16.246 ;
; SW[3]      ; HEX0[1]     ; 15.611 ; 15.611 ; 15.611 ; 15.611 ;
; SW[3]      ; HEX0[2]     ; 16.242 ; 16.242 ; 16.242 ; 16.242 ;
; SW[3]      ; HEX0[3]     ; 16.436 ; 16.436 ; 16.436 ; 16.436 ;
; SW[3]      ; HEX0[4]     ; 16.024 ; 16.024 ; 16.024 ; 16.024 ;
; SW[3]      ; HEX0[5]     ; 16.240 ; 16.240 ; 16.240 ; 16.240 ;
; SW[3]      ; HEX0[6]     ; 15.975 ; 15.975 ; 15.975 ; 15.975 ;
; SW[3]      ; HEX1[0]     ; 14.935 ; 14.935 ; 14.935 ; 14.935 ;
; SW[3]      ; HEX1[2]     ; 14.628 ; 14.628 ; 14.628 ; 14.628 ;
; SW[3]      ; HEX1[3]     ; 14.915 ; 14.915 ; 14.915 ; 14.915 ;
; SW[3]      ; HEX1[4]     ; 13.867 ; 13.867 ; 13.867 ; 13.867 ;
; SW[3]      ; HEX1[5]     ; 14.951 ; 14.951 ; 14.951 ; 14.951 ;
; SW[3]      ; HEX1[6]     ; 11.503 ; 11.503 ; 11.503 ; 11.503 ;
; SW[10]     ; HEX0[0]     ; 17.926 ; 17.926 ; 17.926 ; 17.926 ;
; SW[10]     ; HEX0[1]     ; 17.291 ; 17.291 ; 17.291 ; 17.291 ;
; SW[10]     ; HEX0[2]     ; 17.922 ; 17.922 ; 17.922 ; 17.922 ;
; SW[10]     ; HEX0[3]     ; 18.116 ; 18.116 ; 18.116 ; 18.116 ;
; SW[10]     ; HEX0[4]     ; 17.704 ; 17.704 ; 17.704 ; 17.704 ;
; SW[10]     ; HEX0[5]     ; 17.920 ; 17.920 ; 17.920 ; 17.920 ;
; SW[10]     ; HEX0[6]     ; 17.655 ; 17.655 ; 17.655 ; 17.655 ;
; SW[10]     ; HEX1[0]     ; 16.615 ; 16.615 ; 16.615 ; 16.615 ;
; SW[10]     ; HEX1[2]     ; 16.308 ; 16.308 ; 16.308 ; 16.308 ;
; SW[10]     ; HEX1[3]     ; 16.595 ; 16.595 ; 16.595 ; 16.595 ;
; SW[10]     ; HEX1[4]     ; 15.547 ; 15.547 ; 15.547 ; 15.547 ;
; SW[10]     ; HEX1[5]     ; 16.631 ; 16.631 ; 16.631 ; 16.631 ;
; SW[10]     ; HEX1[6]     ; 13.183 ; 13.183 ; 13.183 ; 13.183 ;
; SW[14]     ; HEX0[0]     ; 17.777 ; 17.777 ; 17.777 ; 17.777 ;
; SW[14]     ; HEX0[1]     ; 17.142 ; 17.142 ; 17.142 ; 17.142 ;
; SW[14]     ; HEX0[2]     ; 17.773 ; 17.773 ; 17.773 ; 17.773 ;
; SW[14]     ; HEX0[3]     ; 17.967 ; 17.967 ; 17.967 ; 17.967 ;
; SW[14]     ; HEX0[4]     ; 17.555 ; 17.555 ; 17.555 ; 17.555 ;
; SW[14]     ; HEX0[5]     ; 17.771 ; 17.771 ; 17.771 ; 17.771 ;
; SW[14]     ; HEX0[6]     ; 17.506 ; 17.506 ; 17.506 ; 17.506 ;
; SW[14]     ; HEX1[0]     ; 16.466 ; 16.466 ; 16.466 ; 16.466 ;
; SW[14]     ; HEX1[2]     ; 16.159 ; 16.159 ; 16.159 ; 16.159 ;
; SW[14]     ; HEX1[3]     ; 16.446 ; 16.446 ; 16.446 ; 16.446 ;
; SW[14]     ; HEX1[4]     ; 15.398 ; 15.398 ; 15.398 ; 15.398 ;
; SW[14]     ; HEX1[5]     ; 16.482 ; 16.482 ; 16.482 ; 16.482 ;
; SW[14]     ; HEX1[6]     ; 13.034 ; 13.034 ; 13.034 ; 13.034 ;
; SW[15]     ; HEX0[0]     ; 16.796 ; 16.796 ; 16.796 ; 16.796 ;
; SW[15]     ; HEX0[1]     ; 16.161 ; 16.161 ; 16.161 ; 16.161 ;
; SW[15]     ; HEX0[2]     ; 16.792 ; 16.792 ; 16.792 ; 16.792 ;
; SW[15]     ; HEX0[3]     ; 16.986 ; 16.986 ; 16.986 ; 16.986 ;
; SW[15]     ; HEX0[4]     ; 16.574 ; 16.574 ; 16.574 ; 16.574 ;
; SW[15]     ; HEX0[5]     ; 16.790 ; 16.790 ; 16.790 ; 16.790 ;
; SW[15]     ; HEX0[6]     ; 16.525 ; 16.525 ; 16.525 ; 16.525 ;
; SW[15]     ; HEX1[0]     ; 15.485 ; 15.485 ; 15.485 ; 15.485 ;
; SW[15]     ; HEX1[2]     ; 15.178 ; 15.178 ; 15.178 ; 15.178 ;
; SW[15]     ; HEX1[3]     ; 15.465 ; 15.465 ; 15.465 ; 15.465 ;
; SW[15]     ; HEX1[4]     ; 14.417 ; 14.417 ; 14.417 ; 14.417 ;
; SW[15]     ; HEX1[5]     ; 15.501 ; 15.501 ; 15.501 ; 15.501 ;
; SW[15]     ; HEX1[6]     ; 12.053 ; 12.053 ; 12.053 ; 12.053 ;
; SW[16]     ; HEX0[0]     ; 17.433 ; 17.433 ; 17.433 ; 17.433 ;
; SW[16]     ; HEX0[1]     ; 16.798 ; 16.798 ; 16.798 ; 16.798 ;
; SW[16]     ; HEX0[2]     ; 17.429 ; 17.429 ; 17.429 ; 17.429 ;
; SW[16]     ; HEX0[3]     ; 17.623 ; 17.623 ; 17.623 ; 17.623 ;
; SW[16]     ; HEX0[4]     ; 17.211 ; 17.211 ; 17.211 ; 17.211 ;
; SW[16]     ; HEX0[5]     ; 17.427 ; 17.427 ; 17.427 ; 17.427 ;
; SW[16]     ; HEX0[6]     ; 17.162 ; 17.162 ; 17.162 ; 17.162 ;
; SW[16]     ; HEX1[0]     ; 16.122 ; 16.122 ; 16.122 ; 16.122 ;
; SW[16]     ; HEX1[2]     ; 15.815 ; 15.815 ; 15.815 ; 15.815 ;
; SW[16]     ; HEX1[3]     ; 16.102 ; 16.102 ; 16.102 ; 16.102 ;
; SW[16]     ; HEX1[4]     ; 15.054 ; 15.054 ; 15.054 ; 15.054 ;
; SW[16]     ; HEX1[5]     ; 16.138 ; 16.138 ; 16.138 ; 16.138 ;
; SW[16]     ; HEX1[6]     ; 12.690 ; 12.690 ; 12.690 ; 12.690 ;
; SW[17]     ; HEX0[0]     ; 15.970 ; 15.970 ; 15.970 ; 15.970 ;
; SW[17]     ; HEX0[1]     ; 15.335 ; 15.335 ; 15.335 ; 15.335 ;
; SW[17]     ; HEX0[2]     ; 15.966 ; 15.966 ; 15.966 ; 15.966 ;
; SW[17]     ; HEX0[3]     ; 16.160 ; 16.160 ; 16.160 ; 16.160 ;
; SW[17]     ; HEX0[4]     ; 15.748 ; 15.748 ; 15.748 ; 15.748 ;
; SW[17]     ; HEX0[5]     ; 15.964 ; 15.964 ; 15.964 ; 15.964 ;
; SW[17]     ; HEX0[6]     ; 15.699 ; 15.699 ; 15.699 ; 15.699 ;
; SW[17]     ; HEX1[0]     ; 14.659 ; 14.659 ; 14.659 ; 14.659 ;
; SW[17]     ; HEX1[2]     ; 14.352 ; 14.352 ; 14.352 ; 14.352 ;
; SW[17]     ; HEX1[3]     ; 14.639 ; 14.639 ; 14.639 ; 14.639 ;
; SW[17]     ; HEX1[4]     ; 13.591 ; 13.591 ; 13.591 ; 13.591 ;
; SW[17]     ; HEX1[5]     ; 14.675 ; 14.675 ; 14.675 ; 14.675 ;
; SW[17]     ; HEX1[6]     ; 11.227 ; 11.227 ; 11.227 ; 11.227 ;
+------------+-------------+--------+--------+--------+--------+


+----------------------------------------------------------+
; Minimum Progagation Delay                                ;
+------------+-------------+-------+-------+-------+-------+
; Input Port ; Output Port ; RR    ; RF    ; FR    ; FF    ;
+------------+-------------+-------+-------+-------+-------+
; SW[0]      ; HEX0[0]     ; 5.891 ; 5.891 ; 5.891 ; 5.891 ;
; SW[0]      ; HEX0[1]     ; 5.839 ; 5.839 ; 5.839 ; 5.839 ;
; SW[0]      ; HEX0[2]     ; 5.818 ; 5.818 ; 5.818 ; 5.818 ;
; SW[0]      ; HEX0[3]     ; 5.994 ; 5.994 ; 5.994 ; 5.994 ;
; SW[0]      ; HEX0[4]     ; 5.712 ; 5.712 ; 5.712 ; 5.712 ;
; SW[0]      ; HEX0[5]     ; 5.902 ; 5.902 ; 5.902 ; 5.902 ;
; SW[0]      ; HEX0[6]     ; 5.782 ; 5.782 ; 5.782 ; 5.782 ;
; SW[0]      ; HEX1[0]     ; 7.320 ; 7.320 ; 7.320 ; 7.320 ;
; SW[0]      ; HEX1[2]     ; 7.052 ; 7.052 ; 7.052 ; 7.052 ;
; SW[0]      ; HEX1[3]     ; 7.300 ; 7.300 ; 7.300 ; 7.300 ;
; SW[0]      ; HEX1[4]     ; 6.754 ; 6.754 ; 6.754 ; 6.754 ;
; SW[0]      ; HEX1[5]     ; 7.224 ; 7.224 ; 7.224 ; 7.224 ;
; SW[0]      ; HEX1[6]     ; 6.778 ; 6.778 ; 6.778 ; 6.778 ;
; SW[1]      ; HEX0[0]     ; 6.357 ; 6.357 ; 6.357 ; 6.357 ;
; SW[1]      ; HEX0[1]     ; 6.106 ; 6.106 ; 6.106 ; 6.106 ;
; SW[1]      ; HEX0[2]     ; 6.349 ; 6.349 ; 6.349 ; 6.349 ;
; SW[1]      ; HEX0[3]     ; 6.441 ; 6.441 ; 6.441 ; 6.441 ;
; SW[1]      ; HEX0[4]     ; 6.252 ; 6.252 ; 6.252 ; 6.252 ;
; SW[1]      ; HEX0[5]     ; 6.360 ; 6.360 ; 6.360 ; 6.360 ;
; SW[1]      ; HEX0[6]     ; 6.243 ; 6.243 ; 6.243 ; 6.243 ;
; SW[1]      ; HEX1[0]     ; 6.678 ; 6.678 ; 6.678 ; 6.678 ;
; SW[1]      ; HEX1[2]     ; 6.412 ; 6.412 ; 6.412 ; 6.412 ;
; SW[1]      ; HEX1[3]     ; 6.658 ; 6.658 ; 6.658 ; 6.658 ;
; SW[1]      ; HEX1[4]     ; 6.109 ; 6.109 ; 6.109 ; 6.109 ;
; SW[1]      ; HEX1[5]     ; 6.584 ; 6.584 ; 6.584 ; 6.584 ;
; SW[1]      ; HEX1[6]     ; 6.138 ; 6.138 ; 6.138 ; 6.138 ;
; SW[2]      ; HEX0[0]     ; 6.741 ; 6.741 ; 6.741 ; 6.741 ;
; SW[2]      ; HEX0[1]     ; 6.625 ; 6.625 ; 6.625 ; 6.625 ;
; SW[2]      ; HEX0[2]     ; 6.739 ; 6.739 ; 6.739 ; 6.739 ;
; SW[2]      ; HEX0[3]     ; 6.839 ; 6.839 ; 6.839 ; 6.839 ;
; SW[2]      ; HEX0[4]     ; 6.639 ; 6.639 ; 6.639 ; 6.639 ;
; SW[2]      ; HEX0[5]     ; 6.742 ; 6.742 ; 6.742 ; 6.742 ;
; SW[2]      ; HEX0[6]     ; 6.625 ; 6.625 ; 6.625 ; 6.625 ;
; SW[2]      ; HEX1[0]     ; 6.950 ; 6.916 ; 6.916 ; 6.950 ;
; SW[2]      ; HEX1[2]     ; 6.648 ; 6.682 ; 6.682 ; 6.648 ;
; SW[2]      ; HEX1[3]     ; 6.930 ; 6.896 ; 6.896 ; 6.930 ;
; SW[2]      ; HEX1[4]     ; 6.552 ; 6.658 ; 6.658 ; 6.552 ;
; SW[2]      ; HEX1[5]     ; 6.820 ; 6.854 ; 6.854 ; 6.820 ;
; SW[2]      ; HEX1[6]     ; 6.408 ; 6.374 ; 6.374 ; 6.408 ;
; SW[3]      ; HEX0[0]     ; 6.710 ; 6.710 ; 6.710 ; 6.710 ;
; SW[3]      ; HEX0[1]     ; 6.798 ; 6.798 ; 6.798 ; 6.798 ;
; SW[3]      ; HEX0[2]     ; 7.094 ; 7.067 ; 7.067 ; 7.094 ;
; SW[3]      ; HEX0[3]     ; 6.805 ; 6.805 ; 6.805 ; 6.805 ;
; SW[3]      ; HEX0[4]     ; 6.967 ; 6.994 ; 6.994 ; 6.967 ;
; SW[3]      ; HEX0[5]     ; 6.711 ; 6.711 ; 6.711 ; 6.711 ;
; SW[3]      ; HEX0[6]     ; 6.594 ; 6.594 ; 6.594 ; 6.594 ;
; SW[3]      ; HEX1[0]     ; 6.674 ; 6.635 ; 6.635 ; 6.674 ;
; SW[3]      ; HEX1[2]     ; 6.367 ; 6.406 ; 6.406 ; 6.367 ;
; SW[3]      ; HEX1[3]     ; 6.654 ; 6.615 ; 6.615 ; 6.654 ;
; SW[3]      ; HEX1[4]     ; 6.271 ; 6.390 ; 6.390 ; 6.271 ;
; SW[3]      ; HEX1[5]     ; 6.539 ; 6.578 ; 6.578 ; 6.539 ;
; SW[3]      ; HEX1[6]     ; 6.132 ; 6.093 ; 6.093 ; 6.132 ;
; SW[10]     ; HEX0[0]     ; 5.785 ; 5.785 ; 5.785 ; 5.785 ;
; SW[10]     ; HEX0[1]     ; 5.735 ; 5.735 ; 5.735 ; 5.735 ;
; SW[10]     ; HEX0[2]     ; 5.712 ; 5.712 ; 5.712 ; 5.712 ;
; SW[10]     ; HEX0[3]     ; 5.888 ; 5.888 ; 5.888 ; 5.888 ;
; SW[10]     ; HEX0[4]     ; 5.606 ; 5.606 ; 5.606 ; 5.606 ;
; SW[10]     ; HEX0[5]     ; 5.796 ; 5.796 ; 5.796 ; 5.796 ;
; SW[10]     ; HEX0[6]     ; 5.676 ; 5.676 ; 5.676 ; 5.676 ;
; SW[10]     ; HEX1[0]     ; 7.215 ; 7.215 ; 7.215 ; 7.215 ;
; SW[10]     ; HEX1[2]     ; 6.947 ; 6.947 ; 6.947 ; 6.947 ;
; SW[10]     ; HEX1[3]     ; 7.195 ; 7.195 ; 7.195 ; 7.195 ;
; SW[10]     ; HEX1[4]     ; 6.649 ; 6.649 ; 6.649 ; 6.649 ;
; SW[10]     ; HEX1[5]     ; 7.119 ; 7.119 ; 7.119 ; 7.119 ;
; SW[10]     ; HEX1[6]     ; 6.673 ; 6.673 ; 6.673 ; 6.673 ;
; SW[14]     ; HEX0[0]     ; 5.718 ; 5.718 ; 5.718 ; 5.718 ;
; SW[14]     ; HEX0[1]     ; 5.674 ; 5.674 ; 5.674 ; 5.674 ;
; SW[14]     ; HEX0[2]     ; 5.645 ; 5.645 ; 5.645 ; 5.645 ;
; SW[14]     ; HEX0[3]     ; 5.821 ; 5.821 ; 5.821 ; 5.821 ;
; SW[14]     ; HEX0[4]     ; 5.539 ; 5.539 ; 5.539 ; 5.539 ;
; SW[14]     ; HEX0[5]     ; 5.729 ; 5.729 ; 5.729 ; 5.729 ;
; SW[14]     ; HEX0[6]     ; 5.609 ; 5.609 ; 5.609 ; 5.609 ;
; SW[14]     ; HEX1[0]     ; 7.147 ; 7.147 ; 7.147 ; 7.147 ;
; SW[14]     ; HEX1[2]     ; 6.879 ; 6.879 ; 6.879 ; 6.879 ;
; SW[14]     ; HEX1[3]     ; 7.127 ; 7.127 ; 7.127 ; 7.127 ;
; SW[14]     ; HEX1[4]     ; 6.581 ; 6.581 ; 6.581 ; 6.581 ;
; SW[14]     ; HEX1[5]     ; 7.051 ; 7.051 ; 7.051 ; 7.051 ;
; SW[14]     ; HEX1[6]     ; 6.605 ; 6.605 ; 6.605 ; 6.605 ;
; SW[15]     ; HEX0[0]     ; 6.337 ; 6.337 ; 6.337 ; 6.337 ;
; SW[15]     ; HEX0[1]     ; 6.086 ; 6.086 ; 6.086 ; 6.086 ;
; SW[15]     ; HEX0[2]     ; 6.329 ; 6.329 ; 6.329 ; 6.329 ;
; SW[15]     ; HEX0[3]     ; 6.421 ; 6.421 ; 6.421 ; 6.421 ;
; SW[15]     ; HEX0[4]     ; 6.232 ; 6.232 ; 6.232 ; 6.232 ;
; SW[15]     ; HEX0[5]     ; 6.340 ; 6.340 ; 6.340 ; 6.340 ;
; SW[15]     ; HEX0[6]     ; 6.223 ; 6.223 ; 6.223 ; 6.223 ;
; SW[15]     ; HEX1[0]     ; 6.666 ; 6.666 ; 6.666 ; 6.666 ;
; SW[15]     ; HEX1[2]     ; 6.398 ; 6.398 ; 6.398 ; 6.398 ;
; SW[15]     ; HEX1[3]     ; 6.646 ; 6.646 ; 6.646 ; 6.646 ;
; SW[15]     ; HEX1[4]     ; 6.100 ; 6.100 ; 6.100 ; 6.100 ;
; SW[15]     ; HEX1[5]     ; 6.570 ; 6.570 ; 6.570 ; 6.570 ;
; SW[15]     ; HEX1[6]     ; 6.124 ; 6.124 ; 6.124 ; 6.124 ;
; SW[16]     ; HEX0[0]     ; 6.699 ; 6.699 ; 6.699 ; 6.699 ;
; SW[16]     ; HEX0[1]     ; 6.583 ; 6.583 ; 6.583 ; 6.583 ;
; SW[16]     ; HEX0[2]     ; 6.697 ; 6.697 ; 6.697 ; 6.697 ;
; SW[16]     ; HEX0[3]     ; 6.797 ; 6.797 ; 6.797 ; 6.797 ;
; SW[16]     ; HEX0[4]     ; 6.597 ; 6.597 ; 6.597 ; 6.597 ;
; SW[16]     ; HEX0[5]     ; 6.700 ; 6.700 ; 6.700 ; 6.700 ;
; SW[16]     ; HEX0[6]     ; 6.583 ; 6.583 ; 6.583 ; 6.583 ;
; SW[16]     ; HEX1[0]     ; 6.882 ; 6.848 ; 6.848 ; 6.882 ;
; SW[16]     ; HEX1[2]     ; 6.580 ; 6.614 ; 6.614 ; 6.580 ;
; SW[16]     ; HEX1[3]     ; 6.862 ; 6.828 ; 6.828 ; 6.862 ;
; SW[16]     ; HEX1[4]     ; 6.484 ; 6.598 ; 6.598 ; 6.484 ;
; SW[16]     ; HEX1[5]     ; 6.752 ; 6.786 ; 6.786 ; 6.752 ;
; SW[16]     ; HEX1[6]     ; 6.340 ; 6.306 ; 6.306 ; 6.340 ;
; SW[17]     ; HEX0[0]     ; 6.592 ; 6.592 ; 6.592 ; 6.592 ;
; SW[17]     ; HEX0[1]     ; 6.683 ; 6.683 ; 6.683 ; 6.683 ;
; SW[17]     ; HEX0[2]     ; 6.979 ; 6.952 ; 6.952 ; 6.979 ;
; SW[17]     ; HEX0[3]     ; 6.687 ; 6.687 ; 6.687 ; 6.687 ;
; SW[17]     ; HEX0[4]     ; 6.852 ; 6.879 ; 6.879 ; 6.852 ;
; SW[17]     ; HEX0[5]     ; 6.593 ; 6.593 ; 6.593 ; 6.593 ;
; SW[17]     ; HEX0[6]     ; 6.476 ; 6.476 ; 6.476 ; 6.476 ;
; SW[17]     ; HEX1[0]     ; 6.556 ; 6.520 ; 6.520 ; 6.556 ;
; SW[17]     ; HEX1[2]     ; 6.252 ; 6.288 ; 6.288 ; 6.252 ;
; SW[17]     ; HEX1[3]     ; 6.536 ; 6.500 ; 6.500 ; 6.536 ;
; SW[17]     ; HEX1[4]     ; 6.156 ; 6.272 ; 6.272 ; 6.156 ;
; SW[17]     ; HEX1[5]     ; 6.424 ; 6.460 ; 6.460 ; 6.424 ;
; SW[17]     ; HEX1[6]     ; 6.014 ; 5.978 ; 5.978 ; 6.014 ;
+------------+-------------+-------+-------+-------+-------+


-------------------
; Clock Transfers ;
-------------------
Nothing to report.


---------------
; Report TCCS ;
---------------
No dedicated SERDES Transmitter circuitry present in device or used in design


---------------
; Report RSKM ;
---------------
No dedicated SERDES Receiver circuitry present in device or used in design


+------------------------------------------------+
; Unconstrained Paths                            ;
+---------------------------------+-------+------+
; Property                        ; Setup ; Hold ;
+---------------------------------+-------+------+
; Illegal Clocks                  ; 0     ; 0    ;
; Unconstrained Clocks            ; 0     ; 0    ;
; Unconstrained Input Ports       ; 9     ; 9    ;
; Unconstrained Input Port Paths  ; 117   ; 117  ;
; Unconstrained Output Ports      ; 13    ; 13   ;
; Unconstrained Output Port Paths ; 117   ; 117  ;
+---------------------------------+-------+------+


+------------------------------------+
; TimeQuest Timing Analyzer Messages ;
+------------------------------------+
Info: *******************************************************************
Info: Running Quartus II 32-bit TimeQuest Timing Analyzer
    Info: Version 13.0.1 Build 232 06/12/2013 Service Pack 1 SJ Web Edition
    Info: Processing started: Thu Jun 12 11:56:07 2025
Info: Command: quartus_sta TOPsomador_display -c TOPsomador_display
Info: qsta_default_script.tcl version: #1
Warning (20028): Parallel compilation is not licensed and has been disabled
Info (21077): Low junction temperature is 0 degrees C
Info (21077): High junction temperature is 85 degrees C
Critical Warning (332012): Synopsys Design Constraints File file not found: 'TOPsomador_display.sdc'. A Synopsys Design Constraints File is required by the TimeQuest Timing Analyzer to get proper timing constraints. Without it, the Compiler will not properly optimize the design.
Info (332142): No user constrained base clocks found in the design. Calling "derive_clocks -period 1.0"
Info (332096): The command derive_clocks did not find any clocks to derive.  No clocks were created or changed.
Warning (332068): No clocks defined in design.
Info: Found TIMEQUEST_REPORT_SCRIPT_INCLUDE_DEFAULT_ANALYSIS = ON
Info (332159): No clocks to report
Info: Analyzing Slow Model
Info (332140): No fmax paths to report
Info (332140): No Setup paths to report
Info (332140): No Hold paths to report
Info (332140): No Recovery paths to report
Info (332140): No Removal paths to report
Info (332140): No Minimum Pulse Width paths to report
Info (332001): The selected device family is not supported by the report_metastability command.
Info: Analyzing Fast Model
Info (332142): No user constrained base clocks found in the design. Calling "derive_clocks -period 1.0"
Info (332096): The command derive_clocks did not find any clocks to derive.  No clocks were created or changed.
Warning (332068): No clocks defined in design.
Info (332140): No Setup paths to report
Info (332140): No Hold paths to report
Info (332140): No Recovery paths to report
Info (332140): No Removal paths to report
Info (332140): No Minimum Pulse Width paths to report
Info (332001): The selected device family is not supported by the report_metastability command.
Info (332102): Design is not fully constrained for setup requirements
Info (332102): Design is not fully constrained for hold requirements
Info: Quartus II 32-bit TimeQuest Timing Analyzer was successful. 0 errors, 4 warnings
    Info: Peak virtual memory: 323 megabytes
    Info: Processing ended: Thu Jun 12 11:56:09 2025
    Info: Elapsed time: 00:00:02
    Info: Total CPU time (on all processors): 00:00:02


